
/home/blank/Engineering/MCU/WCH_1/CH32V20x/Project/sdf/build/sdf.elf:     file format elf32-littleriscv


Disassembly of section .init:

00000000 <_sinit>:
   0:	46e0006f          	j	46e <handle_reset>
   4:	00000013          	.word	0x00000013
   8:	00000013          	.word	0x00000013
   c:	00000013          	.word	0x00000013
  10:	00000013          	.word	0x00000013
  14:	00000013          	.word	0x00000013
  18:	00000013          	.word	0x00000013
  1c:	00000013          	.word	0x00000013
  20:	00000013          	.word	0x00000013
  24:	00000013          	.word	0x00000013
  28:	00000013          	.word	0x00000013
  2c:	00000013          	.word	0x00000013
  30:	00000013          	.word	0x00000013
  34:	00100073          	.word	0x00100073

Disassembly of section .vector:

00000038 <_vector_base>:
	...
  40:	000003f8          	.word	0x000003f8
  44:	000003fa          	.word	0x000003fa
  48:	00000000          	.word	0x00000000
  4c:	000003fc          	.word	0x000003fc
	...
  58:	000003fe          	.word	0x000003fe
  5c:	00000400          	.word	0x00000400
	...
  68:	00000402          	.word	0x00000402
  6c:	00000000          	.word	0x00000000
  70:	00000404          	.word	0x00000404
  74:	00000000          	.word	0x00000000
  78:	00000406          	.word	0x00000406
  7c:	00000408          	.word	0x00000408
  80:	0000040a          	.word	0x0000040a
  84:	0000040c          	.word	0x0000040c
  88:	0000040e          	.word	0x0000040e
  8c:	00000410          	.word	0x00000410
  90:	00000412          	.word	0x00000412
  94:	00000414          	.word	0x00000414
  98:	00000416          	.word	0x00000416
  9c:	00000418          	.word	0x00000418
  a0:	0000041a          	.word	0x0000041a
  a4:	0000041c          	.word	0x0000041c
  a8:	0000041e          	.word	0x0000041e
  ac:	00000420          	.word	0x00000420
  b0:	00000422          	.word	0x00000422
  b4:	00000424          	.word	0x00000424
  b8:	00000426          	.word	0x00000426
  bc:	00000428          	.word	0x00000428
  c0:	0000042a          	.word	0x0000042a
  c4:	0000042c          	.word	0x0000042c
  c8:	0000042e          	.word	0x0000042e
  cc:	00000430          	.word	0x00000430
  d0:	00000432          	.word	0x00000432
  d4:	00000434          	.word	0x00000434
  d8:	00000436          	.word	0x00000436
  dc:	00000438          	.word	0x00000438
  e0:	0000043a          	.word	0x0000043a
  e4:	0000043c          	.word	0x0000043c
  e8:	0000043e          	.word	0x0000043e
  ec:	00000440          	.word	0x00000440
  f0:	00000442          	.word	0x00000442
  f4:	00000444          	.word	0x00000444
  f8:	00000446          	.word	0x00000446
  fc:	00000448          	.word	0x00000448
 100:	0000044a          	.word	0x0000044a
 104:	0000044c          	.word	0x0000044c
 108:	0000044e          	.word	0x0000044e
 10c:	00000450          	.word	0x00000450
 110:	00000452          	.word	0x00000452
 114:	00000454          	.word	0x00000454
 118:	00000456          	.word	0x00000456
 11c:	00000458          	.word	0x00000458
 120:	0000045a          	.word	0x0000045a
 124:	0000045c          	.word	0x0000045c
 128:	0000045e          	.word	0x0000045e
 12c:	00000460          	.word	0x00000460
 130:	00000462          	.word	0x00000462
	...
 13c:	00000464          	.word	0x00000464
 140:	0000046a          	.word	0x0000046a
 144:	0000046c          	.word	0x0000046c
 148:	00000466          	.word	0x00000466
 14c:	00000468          	.word	0x00000468
	...

Disassembly of section .text:

00000180 <memcpy>:
 180:	1141                	addi	sp,sp,-16
 182:	c422                	sw	s0,8(sp)
 184:	c606                	sw	ra,12(sp)
 186:	0800                	addi	s0,sp,16
 188:	00a5c7b3          	xor	a5,a1,a0
 18c:	8b8d                	andi	a5,a5,3
 18e:	00c508b3          	add	a7,a0,a2
 192:	e7bd                	bnez	a5,200 <memcpy+0x80>
 194:	00463613          	sltiu	a2,a2,4
 198:	e625                	bnez	a2,200 <memcpy+0x80>
 19a:	00357793          	andi	a5,a0,3
 19e:	872a                	mv	a4,a0
 1a0:	e3e5                	bnez	a5,280 <memcpy+0x100>
 1a2:	ffc8f613          	andi	a2,a7,-4
 1a6:	40e606b3          	sub	a3,a2,a4
 1aa:	02000793          	li	a5,32
 1ae:	06d7cd63          	blt	a5,a3,228 <memcpy+0xa8>
 1b2:	86ae                	mv	a3,a1
 1b4:	87ba                	mv	a5,a4
 1b6:	02c77163          	bgeu	a4,a2,1d8 <memcpy+0x58>
 1ba:	0006a803          	lw	a6,0(a3)
 1be:	0791                	addi	a5,a5,4
 1c0:	0691                	addi	a3,a3,4
 1c2:	ff07ae23          	sw	a6,-4(a5)
 1c6:	fec7eae3          	bltu	a5,a2,1ba <memcpy+0x3a>
 1ca:	167d                	addi	a2,a2,-1
 1cc:	8e19                	sub	a2,a2,a4
 1ce:	9a71                	andi	a2,a2,-4
 1d0:	0591                	addi	a1,a1,4
 1d2:	0711                	addi	a4,a4,4
 1d4:	95b2                	add	a1,a1,a2
 1d6:	9732                	add	a4,a4,a2
 1d8:	03176763          	bltu	a4,a7,206 <memcpy+0x86>
 1dc:	40b2                	lw	ra,12(sp)
 1de:	4422                	lw	s0,8(sp)
 1e0:	0141                	addi	sp,sp,16
 1e2:	4281                	li	t0,0
 1e4:	4301                	li	t1,0
 1e6:	4381                	li	t2,0
 1e8:	4581                	li	a1,0
 1ea:	4601                	li	a2,0
 1ec:	4681                	li	a3,0
 1ee:	4701                	li	a4,0
 1f0:	4781                	li	a5,0
 1f2:	4801                	li	a6,0
 1f4:	4881                	li	a7,0
 1f6:	4e01                	li	t3,0
 1f8:	4e81                	li	t4,0
 1fa:	4f01                	li	t5,0
 1fc:	4f81                	li	t6,0
 1fe:	8082                	ret
 200:	872a                	mv	a4,a0
 202:	fd157de3          	bgeu	a0,a7,1dc <memcpy+0x5c>
 206:	0005c783          	lbu	a5,0(a1)
 20a:	0705                	addi	a4,a4,1
 20c:	0585                	addi	a1,a1,1
 20e:	fef70fa3          	sb	a5,-1(a4)
 212:	fce885e3          	beq	a7,a4,1dc <memcpy+0x5c>
 216:	0005c783          	lbu	a5,0(a1)
 21a:	0705                	addi	a4,a4,1
 21c:	0585                	addi	a1,a1,1
 21e:	fef70fa3          	sb	a5,-1(a4)
 222:	fee892e3          	bne	a7,a4,206 <memcpy+0x86>
 226:	bf5d                	j	1dc <memcpy+0x5c>
 228:	5194                	lw	a3,32(a1)
 22a:	0005a383          	lw	t2,0(a1)
 22e:	0045a283          	lw	t0,4(a1)
 232:	0085af83          	lw	t6,8(a1)
 236:	00c5af03          	lw	t5,12(a1)
 23a:	0105ae83          	lw	t4,16(a1)
 23e:	0145ae03          	lw	t3,20(a1)
 242:	0185a303          	lw	t1,24(a1)
 246:	01c5a803          	lw	a6,28(a1)
 24a:	02470713          	addi	a4,a4,36
 24e:	fed72e23          	sw	a3,-4(a4)
 252:	fc772e23          	sw	t2,-36(a4)
 256:	40e606b3          	sub	a3,a2,a4
 25a:	fe572023          	sw	t0,-32(a4)
 25e:	fff72223          	sw	t6,-28(a4)
 262:	ffe72423          	sw	t5,-24(a4)
 266:	ffd72623          	sw	t4,-20(a4)
 26a:	ffc72823          	sw	t3,-16(a4)
 26e:	fe672a23          	sw	t1,-12(a4)
 272:	ff072c23          	sw	a6,-8(a4)
 276:	02458593          	addi	a1,a1,36
 27a:	fad7c7e3          	blt	a5,a3,228 <memcpy+0xa8>
 27e:	bf15                	j	1b2 <memcpy+0x32>
 280:	0005c683          	lbu	a3,0(a1)
 284:	0705                	addi	a4,a4,1
 286:	00377793          	andi	a5,a4,3
 28a:	fed70fa3          	sb	a3,-1(a4)
 28e:	0585                	addi	a1,a1,1
 290:	db89                	beqz	a5,1a2 <memcpy+0x22>
 292:	0005c683          	lbu	a3,0(a1)
 296:	0705                	addi	a4,a4,1
 298:	00377793          	andi	a5,a4,3
 29c:	fed70fa3          	sb	a3,-1(a4)
 2a0:	0585                	addi	a1,a1,1
 2a2:	fff9                	bnez	a5,280 <memcpy+0x100>
 2a4:	bdfd                	j	1a2 <memcpy+0x22>

000002a6 <main>:
 2a6:	1101                	addi	sp,sp,-32
 2a8:	cc22                	sw	s0,24(sp)
 2aa:	1000                	addi	s0,sp,32
 2ac:	ce06                	sw	ra,28(sp)
 2ae:	4631                	li	a2,12
 2b0:	60400593          	li	a1,1540
 2b4:	fe440513          	addi	a0,s0,-28
 2b8:	35e1                	jal	180 <memcpy>
 2ba:	40011537          	lui	a0,0x40011
 2be:	fe440593          	addi	a1,s0,-28
 2c2:	c0050513          	addi	a0,a0,-1024 # 40010c00 <_eusrstack+0x2000bc00>
 2c6:	2031                	jal	2d2 <GPIO_Init>
 2c8:	40f2                	lw	ra,28(sp)
 2ca:	4462                	lw	s0,24(sp)
 2cc:	4501                	li	a0,0
 2ce:	6105                	addi	sp,sp,32
 2d0:	8082                	ret

000002d2 <GPIO_Init>:
 2d2:	1141                	addi	sp,sp,-16
 2d4:	c422                	sw	s0,8(sp)
 2d6:	c606                	sw	ra,12(sp)
 2d8:	0800                	addi	s0,sp,16
 2da:	459c                	lw	a5,8(a1)
 2dc:	0107f713          	andi	a4,a5,16
 2e0:	00f7f813          	andi	a6,a5,15
 2e4:	c701                	beqz	a4,2ec <GPIO_Init+0x1a>
 2e6:	41d8                	lw	a4,4(a1)
 2e8:	00e86833          	or	a6,a6,a4
 2ec:	40022737          	lui	a4,0x40022
 2f0:	5b14                	lw	a3,48(a4)
 2f2:	40011737          	lui	a4,0x40011
 2f6:	0186d613          	srli	a2,a3,0x18
 2fa:	8a3d                	andi	a2,a2,15
 2fc:	ee71                	bnez	a2,3d8 <GPIO_Init+0x106>
 2fe:	4685                	li	a3,1
 300:	20000617          	auipc	a2,0x20000
 304:	d0d60023          	sb	a3,-768(a2) # 20000000 <MCU_Version>
 308:	00e51763          	bne	a0,a4,316 <GPIO_Init+0x44>
 30c:	0005d703          	lhu	a4,0(a1)
 310:	8335                	srli	a4,a4,0xd
 312:	00e59023          	sh	a4,0(a1)
 316:	0005d583          	lhu	a1,0(a1)
 31a:	0ff5f713          	zext.b	a4,a1
 31e:	c339                	beqz	a4,364 <GPIO_Init+0x92>
 320:	4118                	lw	a4,0(a0)
 322:	4681                	li	a3,0
 324:	4e85                	li	t4,1
 326:	4f3d                	li	t5,15
 328:	02800f93          	li	t6,40
 32c:	04800293          	li	t0,72
 330:	4e21                	li	t3,8
 332:	00de9633          	sll	a2,t4,a3
 336:	00c5f8b3          	and	a7,a1,a2
 33a:	03161163          	bne	a2,a7,35c <GPIO_Init+0x8a>
 33e:	00269893          	slli	a7,a3,0x2
 342:	011f1333          	sll	t1,t5,a7
 346:	fff34313          	not	t1,t1
 34a:	00e37733          	and	a4,t1,a4
 34e:	011818b3          	sll	a7,a6,a7
 352:	00e8e733          	or	a4,a7,a4
 356:	09f79963          	bne	a5,t6,3e8 <GPIO_Init+0x116>
 35a:	c950                	sw	a2,20(a0)
 35c:	0685                	addi	a3,a3,1
 35e:	fdc69ae3          	bne	a3,t3,332 <GPIO_Init+0x60>
 362:	c118                	sw	a4,0(a0)
 364:	0ff00713          	li	a4,255
 368:	04b77663          	bgeu	a4,a1,3b4 <GPIO_Init+0xe2>
 36c:	4154                	lw	a3,4(a0)
 36e:	4601                	li	a2,0
 370:	4e85                	li	t4,1
 372:	4f3d                	li	t5,15
 374:	02800f93          	li	t6,40
 378:	04800293          	li	t0,72
 37c:	4e21                	li	t3,8
 37e:	00860713          	addi	a4,a2,8
 382:	00ee9733          	sll	a4,t4,a4
 386:	00e5f8b3          	and	a7,a1,a4
 38a:	03171163          	bne	a4,a7,3ac <GPIO_Init+0xda>
 38e:	00261893          	slli	a7,a2,0x2
 392:	011f1333          	sll	t1,t5,a7
 396:	fff34313          	not	t1,t1
 39a:	00d376b3          	and	a3,t1,a3
 39e:	011818b3          	sll	a7,a6,a7
 3a2:	00d8e6b3          	or	a3,a7,a3
 3a6:	05f79563          	bne	a5,t6,3f0 <GPIO_Init+0x11e>
 3aa:	c958                	sw	a4,20(a0)
 3ac:	0605                	addi	a2,a2,1
 3ae:	fdc618e3          	bne	a2,t3,37e <GPIO_Init+0xac>
 3b2:	c154                	sw	a3,4(a0)
 3b4:	40b2                	lw	ra,12(sp)
 3b6:	4422                	lw	s0,8(sp)
 3b8:	0141                	addi	sp,sp,16
 3ba:	4281                	li	t0,0
 3bc:	4301                	li	t1,0
 3be:	4501                	li	a0,0
 3c0:	4581                	li	a1,0
 3c2:	4601                	li	a2,0
 3c4:	4681                	li	a3,0
 3c6:	4701                	li	a4,0
 3c8:	4781                	li	a5,0
 3ca:	4801                	li	a6,0
 3cc:	4881                	li	a7,0
 3ce:	4e01                	li	t3,0
 3d0:	4e81                	li	t4,0
 3d2:	4f01                	li	t5,0
 3d4:	4f81                	li	t6,0
 3d6:	8082                	ret
 3d8:	f2e51fe3          	bne	a0,a4,316 <GPIO_Init+0x44>
 3dc:	20000717          	auipc	a4,0x20000
 3e0:	c2474703          	lbu	a4,-988(a4) # 20000000 <MCU_Version>
 3e4:	db0d                	beqz	a4,316 <GPIO_Init+0x44>
 3e6:	b71d                	j	30c <GPIO_Init+0x3a>
 3e8:	f6579ae3          	bne	a5,t0,35c <GPIO_Init+0x8a>
 3ec:	c910                	sw	a2,16(a0)
 3ee:	b7bd                	j	35c <GPIO_Init+0x8a>
 3f0:	fa579ee3          	bne	a5,t0,3ac <GPIO_Init+0xda>
 3f4:	c918                	sw	a4,16(a0)
 3f6:	bf5d                	j	3ac <GPIO_Init+0xda>

000003f8 <NMI_Handler>:
 3f8:	a001                	j	3f8 <NMI_Handler>

000003fa <HardFault_Handler>:
 3fa:	a001                	j	3fa <HardFault_Handler>

000003fc <Ecall_M_Mode_Handler>:
 3fc:	a001                	j	3fc <Ecall_M_Mode_Handler>

000003fe <Ecall_U_Mode_Handler>:
 3fe:	a001                	j	3fe <Ecall_U_Mode_Handler>

00000400 <Break_Point_Handler>:
 400:	a001                	j	400 <Break_Point_Handler>

00000402 <SysTick_Handler>:
 402:	a001                	j	402 <SysTick_Handler>

00000404 <SW_Handler>:
 404:	a001                	j	404 <SW_Handler>

00000406 <WWDG_IRQHandler>:
 406:	a001                	j	406 <WWDG_IRQHandler>

00000408 <PVD_IRQHandler>:
 408:	a001                	j	408 <PVD_IRQHandler>

0000040a <TAMPER_IRQHandler>:
 40a:	a001                	j	40a <TAMPER_IRQHandler>

0000040c <RTC_IRQHandler>:
 40c:	a001                	j	40c <RTC_IRQHandler>

0000040e <FLASH_IRQHandler>:
 40e:	a001                	j	40e <FLASH_IRQHandler>

00000410 <RCC_IRQHandler>:
 410:	a001                	j	410 <RCC_IRQHandler>

00000412 <EXTI0_IRQHandler>:
 412:	a001                	j	412 <EXTI0_IRQHandler>

00000414 <EXTI1_IRQHandler>:
 414:	a001                	j	414 <EXTI1_IRQHandler>

00000416 <EXTI2_IRQHandler>:
 416:	a001                	j	416 <EXTI2_IRQHandler>

00000418 <EXTI3_IRQHandler>:
 418:	a001                	j	418 <EXTI3_IRQHandler>

0000041a <EXTI4_IRQHandler>:
 41a:	a001                	j	41a <EXTI4_IRQHandler>

0000041c <DMA1_Channel1_IRQHandler>:
 41c:	a001                	j	41c <DMA1_Channel1_IRQHandler>

0000041e <DMA1_Channel2_IRQHandler>:
 41e:	a001                	j	41e <DMA1_Channel2_IRQHandler>

00000420 <DMA1_Channel3_IRQHandler>:
 420:	a001                	j	420 <DMA1_Channel3_IRQHandler>

00000422 <DMA1_Channel4_IRQHandler>:
 422:	a001                	j	422 <DMA1_Channel4_IRQHandler>

00000424 <DMA1_Channel5_IRQHandler>:
 424:	a001                	j	424 <DMA1_Channel5_IRQHandler>

00000426 <DMA1_Channel6_IRQHandler>:
 426:	a001                	j	426 <DMA1_Channel6_IRQHandler>

00000428 <DMA1_Channel7_IRQHandler>:
 428:	a001                	j	428 <DMA1_Channel7_IRQHandler>

0000042a <ADC1_2_IRQHandler>:
 42a:	a001                	j	42a <ADC1_2_IRQHandler>

0000042c <USB_HP_CAN1_TX_IRQHandler>:
 42c:	a001                	j	42c <USB_HP_CAN1_TX_IRQHandler>

0000042e <USB_LP_CAN1_RX0_IRQHandler>:
 42e:	a001                	j	42e <USB_LP_CAN1_RX0_IRQHandler>

00000430 <CAN1_RX1_IRQHandler>:
 430:	a001                	j	430 <CAN1_RX1_IRQHandler>

00000432 <CAN1_SCE_IRQHandler>:
 432:	a001                	j	432 <CAN1_SCE_IRQHandler>

00000434 <EXTI9_5_IRQHandler>:
 434:	a001                	j	434 <EXTI9_5_IRQHandler>

00000436 <TIM1_BRK_IRQHandler>:
 436:	a001                	j	436 <TIM1_BRK_IRQHandler>

00000438 <TIM1_UP_IRQHandler>:
 438:	a001                	j	438 <TIM1_UP_IRQHandler>

0000043a <TIM1_TRG_COM_IRQHandler>:
 43a:	a001                	j	43a <TIM1_TRG_COM_IRQHandler>

0000043c <TIM1_CC_IRQHandler>:
 43c:	a001                	j	43c <TIM1_CC_IRQHandler>

0000043e <TIM2_IRQHandler>:
 43e:	a001                	j	43e <TIM2_IRQHandler>

00000440 <TIM3_IRQHandler>:
 440:	a001                	j	440 <TIM3_IRQHandler>

00000442 <TIM4_IRQHandler>:
 442:	a001                	j	442 <TIM4_IRQHandler>

00000444 <I2C1_EV_IRQHandler>:
 444:	a001                	j	444 <I2C1_EV_IRQHandler>

00000446 <I2C1_ER_IRQHandler>:
 446:	a001                	j	446 <I2C1_ER_IRQHandler>

00000448 <I2C2_EV_IRQHandler>:
 448:	a001                	j	448 <I2C2_EV_IRQHandler>

0000044a <I2C2_ER_IRQHandler>:
 44a:	a001                	j	44a <I2C2_ER_IRQHandler>

0000044c <SPI1_IRQHandler>:
 44c:	a001                	j	44c <SPI1_IRQHandler>

0000044e <SPI2_IRQHandler>:
 44e:	a001                	j	44e <SPI2_IRQHandler>

00000450 <USART1_IRQHandler>:
 450:	a001                	j	450 <USART1_IRQHandler>

00000452 <USART2_IRQHandler>:
 452:	a001                	j	452 <USART2_IRQHandler>

00000454 <USART3_IRQHandler>:
 454:	a001                	j	454 <USART3_IRQHandler>

00000456 <EXTI15_10_IRQHandler>:
 456:	a001                	j	456 <EXTI15_10_IRQHandler>

00000458 <RTCAlarm_IRQHandler>:
 458:	a001                	j	458 <RTCAlarm_IRQHandler>

0000045a <USBWakeUp_IRQHandler>:
 45a:	a001                	j	45a <USBWakeUp_IRQHandler>

0000045c <USBHD_IRQHandler>:
 45c:	a001                	j	45c <USBHD_IRQHandler>

0000045e <USBHDWakeUp_IRQHandler>:
 45e:	a001                	j	45e <USBHDWakeUp_IRQHandler>

00000460 <ETH_IRQHandler>:
 460:	a001                	j	460 <ETH_IRQHandler>

00000462 <ETHWakeUp_IRQHandler>:
 462:	a001                	j	462 <ETHWakeUp_IRQHandler>

00000464 <TIM5_IRQHandler>:
 464:	a001                	j	464 <TIM5_IRQHandler>

00000466 <OSC32KCal_IRQHandler>:
 466:	a001                	j	466 <OSC32KCal_IRQHandler>

00000468 <OSCWakeUp_IRQHandler>:
 468:	a001                	j	468 <OSCWakeUp_IRQHandler>

0000046a <UART4_IRQHandler>:
 46a:	a001                	j	46a <UART4_IRQHandler>

0000046c <DMA1_Channel8_IRQHandler>:
 46c:	a001                	j	46c <DMA1_Channel8_IRQHandler>

0000046e <handle_reset>:
 46e:	20000197          	auipc	gp,0x20000
 472:	39218193          	addi	gp,gp,914 # 20000800 <__global_pointer$>
 476:	20005117          	auipc	sp,0x20005
 47a:	b8a10113          	addi	sp,sp,-1142 # 20005000 <_eusrstack>
 47e:	61000513          	li	a0,1552
 482:	20000597          	auipc	a1,0x20000
 486:	b7e58593          	addi	a1,a1,-1154 # 20000000 <MCU_Version>
 48a:	20000617          	auipc	a2,0x20000
 48e:	b7660613          	addi	a2,a2,-1162 # 20000000 <MCU_Version>
 492:	00c5fa63          	bgeu	a1,a2,4a6 <handle_reset+0x38>
 496:	00052283          	lw	t0,0(a0)
 49a:	0055a023          	sw	t0,0(a1)
 49e:	0511                	addi	a0,a0,4
 4a0:	0591                	addi	a1,a1,4
 4a2:	fec5eae3          	bltu	a1,a2,496 <handle_reset+0x28>
 4a6:	20000517          	auipc	a0,0x20000
 4aa:	b5a50513          	addi	a0,a0,-1190 # 20000000 <MCU_Version>
 4ae:	20000597          	auipc	a1,0x20000
 4b2:	b5658593          	addi	a1,a1,-1194 # 20000004 <_ebss>
 4b6:	00b57763          	bgeu	a0,a1,4c4 <handle_reset+0x56>
 4ba:	00052023          	sw	zero,0(a0)
 4be:	0511                	addi	a0,a0,4
 4c0:	feb56de3          	bltu	a0,a1,4ba <handle_reset+0x4c>
 4c4:	42fd                	li	t0,31
 4c6:	bc029073          	csrw	0xbc0,t0
 4ca:	428d                	li	t0,3
 4cc:	80429073          	csrw	0x804,t0
 4d0:	08800293          	li	t0,136
 4d4:	3002a073          	csrs	mstatus,t0
 4d8:	00000297          	auipc	t0,0x0
 4dc:	b6028293          	addi	t0,t0,-1184 # 38 <_einit>
 4e0:	0032e293          	ori	t0,t0,3
 4e4:	30529073          	csrw	mtvec,t0
 4e8:	014000ef          	jal	4fc <SystemInit>
 4ec:	00000297          	auipc	t0,0x0
 4f0:	dba28293          	addi	t0,t0,-582 # 2a6 <main>
 4f4:	34129073          	csrw	mepc,t0
 4f8:	30200073          	mret

000004fc <SystemInit>:
 4fc:	1101                	addi	sp,sp,-32
 4fe:	400217b7          	lui	a5,0x40021
 502:	cc22                	sw	s0,24(sp)
 504:	ce06                	sw	ra,28(sp)
 506:	1000                	addi	s0,sp,32
 508:	4398                	lw	a4,0(a5)
 50a:	f8ff06b7          	lui	a3,0xf8ff0
 50e:	00020637          	lui	a2,0x20
 512:	00176713          	ori	a4,a4,1
 516:	c398                	sw	a4,0(a5)
 518:	43d8                	lw	a4,4(a5)
 51a:	8f75                	and	a4,a4,a3
 51c:	c3d8                	sw	a4,4(a5)
 51e:	4398                	lw	a4,0(a5)
 520:	fef706b7          	lui	a3,0xfef70
 524:	16fd                	addi	a3,a3,-1 # fef6ffff <_eusrstack+0xdef6afff>
 526:	8f75                	and	a4,a4,a3
 528:	c398                	sw	a4,0(a5)
 52a:	4398                	lw	a4,0(a5)
 52c:	fffc06b7          	lui	a3,0xfffc0
 530:	16fd                	addi	a3,a3,-1 # fffbffff <_eusrstack+0xdffbafff>
 532:	8f75                	and	a4,a4,a3
 534:	c398                	sw	a4,0(a5)
 536:	43d8                	lw	a4,4(a5)
 538:	ff8106b7          	lui	a3,0xff810
 53c:	16fd                	addi	a3,a3,-1 # ff80ffff <_eusrstack+0xdf80afff>
 53e:	8f75                	and	a4,a4,a3
 540:	c3d8                	sw	a4,4(a5)
 542:	009f0737          	lui	a4,0x9f0
 546:	c798                	sw	a4,8(a5)
 548:	fe042423          	sw	zero,-24(s0)
 54c:	fe042623          	sw	zero,-20(s0)
 550:	4398                	lw	a4,0(a5)
 552:	66c1                	lui	a3,0x10
 554:	8f55                	or	a4,a4,a3
 556:	c398                	sw	a4,0(a5)
 558:	6685                	lui	a3,0x1
 55a:	4398                	lw	a4,0(a5)
 55c:	8f71                	and	a4,a4,a2
 55e:	fee42623          	sw	a4,-20(s0)
 562:	fe842703          	lw	a4,-24(s0)
 566:	0705                	addi	a4,a4,1 # 9f0001 <_data_lma+0x9ef9f1>
 568:	fee42423          	sw	a4,-24(s0)
 56c:	fec42703          	lw	a4,-20(s0)
 570:	e709                	bnez	a4,57a <SystemInit+0x7e>
 572:	fe842703          	lw	a4,-24(s0)
 576:	fed712e3          	bne	a4,a3,55a <SystemInit+0x5e>
 57a:	4398                	lw	a4,0(a5)
 57c:	4785                	li	a5,1
 57e:	00e71693          	slli	a3,a4,0xe
 582:	0606dd63          	bgez	a3,5fc <SystemInit+0x100>
 586:	fef42623          	sw	a5,-20(s0)
 58a:	fec42703          	lw	a4,-20(s0)
 58e:	04f71f63          	bne	a4,a5,5ec <SystemInit+0xf0>
 592:	400217b7          	lui	a5,0x40021
 596:	43d8                	lw	a4,4(a5)
 598:	ffc106b7          	lui	a3,0xffc10
 59c:	16fd                	addi	a3,a3,-1 # ffc0ffff <_eusrstack+0xdfc0afff>
 59e:	c3d8                	sw	a4,4(a5)
 5a0:	43d8                	lw	a4,4(a5)
 5a2:	c3d8                	sw	a4,4(a5)
 5a4:	43d8                	lw	a4,4(a5)
 5a6:	40076713          	ori	a4,a4,1024
 5aa:	c3d8                	sw	a4,4(a5)
 5ac:	43d8                	lw	a4,4(a5)
 5ae:	8f75                	and	a4,a4,a3
 5b0:	c3d8                	sw	a4,4(a5)
 5b2:	43d8                	lw	a4,4(a5)
 5b4:	002906b7          	lui	a3,0x290
 5b8:	8f55                	or	a4,a4,a3
 5ba:	c3d8                	sw	a4,4(a5)
 5bc:	4398                	lw	a4,0(a5)
 5be:	010006b7          	lui	a3,0x1000
 5c2:	8f55                	or	a4,a4,a3
 5c4:	c398                	sw	a4,0(a5)
 5c6:	4398                	lw	a4,0(a5)
 5c8:	00671693          	slli	a3,a4,0x6
 5cc:	fe06dde3          	bgez	a3,5c6 <SystemInit+0xca>
 5d0:	43d8                	lw	a4,4(a5)
 5d2:	400216b7          	lui	a3,0x40021
 5d6:	9b71                	andi	a4,a4,-4
 5d8:	c3d8                	sw	a4,4(a5)
 5da:	43d8                	lw	a4,4(a5)
 5dc:	00276713          	ori	a4,a4,2
 5e0:	c3d8                	sw	a4,4(a5)
 5e2:	4721                	li	a4,8
 5e4:	42dc                	lw	a5,4(a3)
 5e6:	8bb1                	andi	a5,a5,12
 5e8:	fee79ee3          	bne	a5,a4,5e4 <SystemInit+0xe8>
 5ec:	40f2                	lw	ra,28(sp)
 5ee:	4462                	lw	s0,24(sp)
 5f0:	6105                	addi	sp,sp,32
 5f2:	4601                	li	a2,0
 5f4:	4681                	li	a3,0
 5f6:	4701                	li	a4,0
 5f8:	4781                	li	a5,0
 5fa:	8082                	ret
 5fc:	fe042623          	sw	zero,-20(s0)
 600:	b769                	j	58a <SystemInit+0x8e>
 602:	0000                	unimp
 604:	0000000f          	fence	unknown,unknown
 608:	0001                	nop
 60a:	0000                	unimp
 60c:	0010                	.insn	2, 0x0010
	...
