
/home/blank/Engineering/MCU/WCH/CH32V20x/Project/blink/build/blink.elf:     file format elf32-littleriscv


Disassembly of section .init:

00000000 <_sinit>:
   0:	61e0006f          	j	61e <handle_reset>
   4:	00000013          	.word	0x00000013
   8:	00000013          	.word	0x00000013
   c:	00000013          	.word	0x00000013
  10:	00000013          	.word	0x00000013
  14:	00000013          	.word	0x00000013
  18:	00000013          	.word	0x00000013
  1c:	00000013          	.word	0x00000013
  20:	00000013          	.word	0x00000013
  24:	00000013          	.word	0x00000013
  28:	00000013          	.word	0x00000013
  2c:	00000013          	.word	0x00000013
  30:	00000013          	.word	0x00000013
  34:	00100073          	.word	0x00100073

Disassembly of section .vector:

00000038 <_vector_base>:
	...
  40:	000005b2          	.word	0x000005b2
  44:	000005b4          	.word	0x000005b4
  48:	00000000          	.word	0x00000000
  4c:	000005b6          	.word	0x000005b6
	...
  58:	000005b8          	.word	0x000005b8
  5c:	000005ba          	.word	0x000005ba
	...
  68:	000005bc          	.word	0x000005bc
  6c:	00000000          	.word	0x00000000
  70:	000005be          	.word	0x000005be
  74:	00000000          	.word	0x00000000
  78:	000005c0          	.word	0x000005c0
  7c:	000005c2          	.word	0x000005c2
  80:	000005c4          	.word	0x000005c4
  84:	000005c6          	.word	0x000005c6
  88:	000005c8          	.word	0x000005c8
  8c:	000005ca          	.word	0x000005ca
  90:	000005cc          	.word	0x000005cc
  94:	000005ce          	.word	0x000005ce
  98:	000005d0          	.word	0x000005d0
  9c:	000005d2          	.word	0x000005d2
  a0:	000005d4          	.word	0x000005d4
  a4:	000005d6          	.word	0x000005d6
  a8:	000005d8          	.word	0x000005d8
  ac:	000005da          	.word	0x000005da
  b0:	000005dc          	.word	0x000005dc
  b4:	000005de          	.word	0x000005de
  b8:	000005e0          	.word	0x000005e0
  bc:	000005e2          	.word	0x000005e2
  c0:	000005e4          	.word	0x000005e4
  c4:	000005e6          	.word	0x000005e6
  c8:	000005e8          	.word	0x000005e8
  cc:	000005ea          	.word	0x000005ea
  d0:	000005ec          	.word	0x000005ec
  d4:	000005ee          	.word	0x000005ee
  d8:	000005f0          	.word	0x000005f0
  dc:	000005f2          	.word	0x000005f2
  e0:	000005f4          	.word	0x000005f4
  e4:	000005f6          	.word	0x000005f6
  e8:	000005f8          	.word	0x000005f8
  ec:	000005fa          	.word	0x000005fa
  f0:	000005fc          	.word	0x000005fc
  f4:	000005fe          	.word	0x000005fe
  f8:	00000600          	.word	0x00000600
  fc:	00000602          	.word	0x00000602
 100:	00000604          	.word	0x00000604
 104:	00000606          	.word	0x00000606
 108:	00000608          	.word	0x00000608
 10c:	0000060a          	.word	0x0000060a
 110:	0000060c          	.word	0x0000060c
 114:	0000060e          	.word	0x0000060e
 118:	00000610          	.word	0x00000610
 11c:	00000612          	.word	0x00000612
 120:	00000614          	.word	0x00000614
 124:	00000616          	.word	0x00000616
 128:	00000618          	.word	0x00000618
 12c:	0000061a          	.word	0x0000061a
 130:	0000061c          	.word	0x0000061c
	...

Disassembly of section .text:

00000140 <atexit>:
 140:	1141                	addi	sp,sp,-16
 142:	c422                	sw	s0,8(sp)
 144:	c606                	sw	ra,12(sp)
 146:	0800                	addi	s0,sp,16
 148:	4422                	lw	s0,8(sp)
 14a:	40b2                	lw	ra,12(sp)
 14c:	85aa                	mv	a1,a0
 14e:	4681                	li	a3,0
 150:	4601                	li	a2,0
 152:	4501                	li	a0,0
 154:	0141                	addi	sp,sp,16
 156:	a045                	j	1f6 <__register_exitproc>

00000158 <__libc_init_array>:
 158:	1101                	addi	sp,sp,-32
 15a:	cc22                	sw	s0,24(sp)
 15c:	ca26                	sw	s1,20(sp)
 15e:	c64e                	sw	s3,12(sp)
 160:	ce06                	sw	ra,28(sp)
 162:	c84a                	sw	s2,16(sp)
 164:	1000                	addi	s0,sp,32
 166:	00000993          	li	s3,0
 16a:	00000493          	li	s1,0
 16e:	00998d63          	beq	s3,s1,188 <__libc_init_array+0x30>
 172:	409989b3          	sub	s3,s3,s1
 176:	4029d993          	srai	s3,s3,0x2
 17a:	4901                	li	s2,0
 17c:	409c                	lw	a5,0(s1)
 17e:	0905                	addi	s2,s2,1
 180:	0491                	addi	s1,s1,4
 182:	9782                	jalr	a5
 184:	ff396ce3          	bltu	s2,s3,17c <__libc_init_array+0x24>
 188:	00000993          	li	s3,0
 18c:	00000493          	li	s1,0
 190:	00998d63          	beq	s3,s1,1aa <__libc_init_array+0x52>
 194:	409989b3          	sub	s3,s3,s1
 198:	4029d993          	srai	s3,s3,0x2
 19c:	4901                	li	s2,0
 19e:	409c                	lw	a5,0(s1)
 1a0:	0905                	addi	s2,s2,1
 1a2:	0491                	addi	s1,s1,4
 1a4:	9782                	jalr	a5
 1a6:	ff396ce3          	bltu	s2,s3,19e <__libc_init_array+0x46>
 1aa:	40f2                	lw	ra,28(sp)
 1ac:	4462                	lw	s0,24(sp)
 1ae:	44d2                	lw	s1,20(sp)
 1b0:	4942                	lw	s2,16(sp)
 1b2:	49b2                	lw	s3,12(sp)
 1b4:	6105                	addi	sp,sp,32
 1b6:	4781                	li	a5,0
 1b8:	8082                	ret

000001ba <__libc_fini_array>:
 1ba:	1141                	addi	sp,sp,-16
 1bc:	c226                	sw	s1,4(sp)
 1be:	00000793          	li	a5,0
 1c2:	00000493          	li	s1,0
 1c6:	c422                	sw	s0,8(sp)
 1c8:	c04a                	sw	s2,0(sp)
 1ca:	c606                	sw	ra,12(sp)
 1cc:	0800                	addi	s0,sp,16
 1ce:	8f85                	sub	a5,a5,s1
 1d0:	4027d913          	srai	s2,a5,0x2
 1d4:	00090a63          	beqz	s2,1e8 <__libc_fini_array+0x2e>
 1d8:	14f1                	addi	s1,s1,-4
 1da:	94be                	add	s1,s1,a5
 1dc:	409c                	lw	a5,0(s1)
 1de:	197d                	addi	s2,s2,-1
 1e0:	14f1                	addi	s1,s1,-4
 1e2:	9782                	jalr	a5
 1e4:	fe091ce3          	bnez	s2,1dc <__libc_fini_array+0x22>
 1e8:	40b2                	lw	ra,12(sp)
 1ea:	4422                	lw	s0,8(sp)
 1ec:	4492                	lw	s1,4(sp)
 1ee:	4902                	lw	s2,0(sp)
 1f0:	0141                	addi	sp,sp,16
 1f2:	4781                	li	a5,0
 1f4:	8082                	ret

000001f6 <__register_exitproc>:
 1f6:	7179                	addi	sp,sp,-48
 1f8:	d422                	sw	s0,40(sp)
 1fa:	d226                	sw	s1,36(sp)
 1fc:	1800                	addi	s0,sp,48
 1fe:	d04a                	sw	s2,32(sp)
 200:	ce4e                	sw	s3,28(sp)
 202:	cc52                	sw	s4,24(sp)
 204:	d606                	sw	ra,44(sp)
 206:	200004b7          	lui	s1,0x20000
 20a:	892a                	mv	s2,a0
 20c:	0004a503          	lw	a0,0(s1) # 20000000 <__atexit_recursive_mutex>
 210:	fcb42e23          	sw	a1,-36(s0)
 214:	89b2                	mv	s3,a2
 216:	8a36                	mv	s4,a3
 218:	20c5                	jal	2f8 <__retarget_lock_acquire_recursive>
 21a:	20000737          	lui	a4,0x20000
 21e:	00c72783          	lw	a5,12(a4) # 2000000c <__atexit>
 222:	fdc42583          	lw	a1,-36(s0)
 226:	cbad                	beqz	a5,298 <__register_exitproc+0xa2>
 228:	43d8                	lw	a4,4(a5)
 22a:	46fd                	li	a3,31
 22c:	0004a503          	lw	a0,0(s1)
 230:	06e6c963          	blt	a3,a4,2a2 <__register_exitproc+0xac>
 234:	00271693          	slli	a3,a4,0x2
 238:	02091763          	bnez	s2,266 <__register_exitproc+0x70>
 23c:	0705                	addi	a4,a4,1
 23e:	c3d8                	sw	a4,4(a5)
 240:	97b6                	add	a5,a5,a3
 242:	c78c                	sw	a1,8(a5)
 244:	28e5                	jal	33c <__retarget_lock_release_recursive>
 246:	4501                	li	a0,0
 248:	50b2                	lw	ra,44(sp)
 24a:	5422                	lw	s0,40(sp)
 24c:	5492                	lw	s1,36(sp)
 24e:	5902                	lw	s2,32(sp)
 250:	49f2                	lw	s3,28(sp)
 252:	4a62                	lw	s4,24(sp)
 254:	6145                	addi	sp,sp,48
 256:	4581                	li	a1,0
 258:	4601                	li	a2,0
 25a:	4681                	li	a3,0
 25c:	4701                	li	a4,0
 25e:	4781                	li	a5,0
 260:	4801                	li	a6,0
 262:	4881                	li	a7,0
 264:	8082                	ret
 266:	00d788b3          	add	a7,a5,a3
 26a:	0938a423          	sw	s3,136(a7)
 26e:	1887a803          	lw	a6,392(a5)
 272:	4605                	li	a2,1
 274:	00e61633          	sll	a2,a2,a4
 278:	00c86833          	or	a6,a6,a2
 27c:	1907a423          	sw	a6,392(a5)
 280:	1148a423          	sw	s4,264(a7)
 284:	4809                	li	a6,2
 286:	fb091be3          	bne	s2,a6,23c <__register_exitproc+0x46>
 28a:	18c7a803          	lw	a6,396(a5)
 28e:	00c86633          	or	a2,a6,a2
 292:	18c7a623          	sw	a2,396(a5)
 296:	b75d                	j	23c <__register_exitproc+0x46>
 298:	82818793          	addi	a5,gp,-2008 # 20000030 <__atexit0>
 29c:	00f72623          	sw	a5,12(a4)
 2a0:	b761                	j	228 <__register_exitproc+0x32>
 2a2:	2869                	jal	33c <__retarget_lock_release_recursive>
 2a4:	557d                	li	a0,-1
 2a6:	b74d                	j	248 <__register_exitproc+0x52>

000002a8 <__retarget_lock_init>:
 2a8:	1141                	addi	sp,sp,-16
 2aa:	c422                	sw	s0,8(sp)
 2ac:	c606                	sw	ra,12(sp)
 2ae:	0800                	addi	s0,sp,16
 2b0:	40b2                	lw	ra,12(sp)
 2b2:	4422                	lw	s0,8(sp)
 2b4:	0141                	addi	sp,sp,16
 2b6:	8082                	ret

000002b8 <__retarget_lock_init_recursive>:
 2b8:	1141                	addi	sp,sp,-16
 2ba:	c422                	sw	s0,8(sp)
 2bc:	c606                	sw	ra,12(sp)
 2be:	0800                	addi	s0,sp,16
 2c0:	40b2                	lw	ra,12(sp)
 2c2:	4422                	lw	s0,8(sp)
 2c4:	0141                	addi	sp,sp,16
 2c6:	8082                	ret

000002c8 <__retarget_lock_close>:
 2c8:	1141                	addi	sp,sp,-16
 2ca:	c422                	sw	s0,8(sp)
 2cc:	c606                	sw	ra,12(sp)
 2ce:	0800                	addi	s0,sp,16
 2d0:	40b2                	lw	ra,12(sp)
 2d2:	4422                	lw	s0,8(sp)
 2d4:	0141                	addi	sp,sp,16
 2d6:	8082                	ret

000002d8 <__retarget_lock_close_recursive>:
 2d8:	1141                	addi	sp,sp,-16
 2da:	c422                	sw	s0,8(sp)
 2dc:	c606                	sw	ra,12(sp)
 2de:	0800                	addi	s0,sp,16
 2e0:	40b2                	lw	ra,12(sp)
 2e2:	4422                	lw	s0,8(sp)
 2e4:	0141                	addi	sp,sp,16
 2e6:	8082                	ret

000002e8 <__retarget_lock_acquire>:
 2e8:	1141                	addi	sp,sp,-16
 2ea:	c422                	sw	s0,8(sp)
 2ec:	c606                	sw	ra,12(sp)
 2ee:	0800                	addi	s0,sp,16
 2f0:	40b2                	lw	ra,12(sp)
 2f2:	4422                	lw	s0,8(sp)
 2f4:	0141                	addi	sp,sp,16
 2f6:	8082                	ret

000002f8 <__retarget_lock_acquire_recursive>:
 2f8:	1141                	addi	sp,sp,-16
 2fa:	c422                	sw	s0,8(sp)
 2fc:	c606                	sw	ra,12(sp)
 2fe:	0800                	addi	s0,sp,16
 300:	40b2                	lw	ra,12(sp)
 302:	4422                	lw	s0,8(sp)
 304:	0141                	addi	sp,sp,16
 306:	8082                	ret

00000308 <__retarget_lock_try_acquire>:
 308:	1141                	addi	sp,sp,-16
 30a:	c422                	sw	s0,8(sp)
 30c:	c606                	sw	ra,12(sp)
 30e:	0800                	addi	s0,sp,16
 310:	40b2                	lw	ra,12(sp)
 312:	4422                	lw	s0,8(sp)
 314:	4505                	li	a0,1
 316:	0141                	addi	sp,sp,16
 318:	8082                	ret

0000031a <__retarget_lock_try_acquire_recursive>:
 31a:	1141                	addi	sp,sp,-16
 31c:	c422                	sw	s0,8(sp)
 31e:	c606                	sw	ra,12(sp)
 320:	0800                	addi	s0,sp,16
 322:	40b2                	lw	ra,12(sp)
 324:	4422                	lw	s0,8(sp)
 326:	4505                	li	a0,1
 328:	0141                	addi	sp,sp,16
 32a:	8082                	ret

0000032c <__retarget_lock_release>:
 32c:	1141                	addi	sp,sp,-16
 32e:	c422                	sw	s0,8(sp)
 330:	c606                	sw	ra,12(sp)
 332:	0800                	addi	s0,sp,16
 334:	40b2                	lw	ra,12(sp)
 336:	4422                	lw	s0,8(sp)
 338:	0141                	addi	sp,sp,16
 33a:	8082                	ret

0000033c <__retarget_lock_release_recursive>:
 33c:	1141                	addi	sp,sp,-16
 33e:	c422                	sw	s0,8(sp)
 340:	c606                	sw	ra,12(sp)
 342:	0800                	addi	s0,sp,16
 344:	40b2                	lw	ra,12(sp)
 346:	4422                	lw	s0,8(sp)
 348:	0141                	addi	sp,sp,16
 34a:	8082                	ret

0000034c <main>:
 34c:	1101                	addi	sp,sp,-32
 34e:	cc22                	sw	s0,24(sp)
 350:	ce06                	sw	ra,28(sp)
 352:	1000                	addi	s0,sp,32
 354:	4585                	li	a1,1
 356:	4541                	li	a0,16
 358:	2a6d                	jal	512 <RCC_APB2PeriphClockCmd>
 35a:	67a1                	lui	a5,0x8
 35c:	fef42223          	sw	a5,-28(s0)
 360:	478d                	li	a5,3
 362:	fef42423          	sw	a5,-24(s0)
 366:	fe440593          	addi	a1,s0,-28
 36a:	47c1                	li	a5,16
 36c:	40011537          	lui	a0,0x40011
 370:	fef42623          	sw	a5,-20(s0)
 374:	2005                	jal	394 <GPIO_Init>
 376:	65a1                	lui	a1,0x8
 378:	40011537          	lui	a0,0x40011
 37c:	2a3d                	jal	4ba <GPIO_SetBits>
 37e:	1f400513          	li	a0,500
 382:	2a7d                	jal	540 <Delay_Ms>
 384:	65a1                	lui	a1,0x8
 386:	40011537          	lui	a0,0x40011
 38a:	2ab1                	jal	4e6 <GPIO_ResetBits>
 38c:	1f400513          	li	a0,500
 390:	2a45                	jal	540 <Delay_Ms>
 392:	b7d5                	j	376 <main+0x2a>

00000394 <GPIO_Init>:
 394:	1141                	addi	sp,sp,-16
 396:	c422                	sw	s0,8(sp)
 398:	c606                	sw	ra,12(sp)
 39a:	0800                	addi	s0,sp,16
 39c:	459c                	lw	a5,8(a1)
 39e:	0107f713          	andi	a4,a5,16
 3a2:	00f7f813          	andi	a6,a5,15
 3a6:	c701                	beqz	a4,3ae <GPIO_Init+0x1a>
 3a8:	41d8                	lw	a4,4(a1)
 3aa:	00e86833          	or	a6,a6,a4
 3ae:	40022737          	lui	a4,0x40022
 3b2:	5b14                	lw	a3,48(a4)
 3b4:	40011737          	lui	a4,0x40011
 3b8:	0186d613          	srli	a2,a3,0x18
 3bc:	8a3d                	andi	a2,a2,15
 3be:	ee71                	bnez	a2,49a <__stack_size+0x9a>
 3c0:	4685                	li	a3,1
 3c2:	20000617          	auipc	a2,0x20000
 3c6:	c4d60323          	sb	a3,-954(a2) # 20000008 <MCU_Version>
 3ca:	00e51763          	bne	a0,a4,3d8 <GPIO_Init+0x44>
 3ce:	0005d703          	lhu	a4,0(a1) # 8000 <_data_lma+0x7840>
 3d2:	8335                	srli	a4,a4,0xd
 3d4:	00e59023          	sh	a4,0(a1)
 3d8:	0005d583          	lhu	a1,0(a1)
 3dc:	0ff5f713          	zext.b	a4,a1
 3e0:	c339                	beqz	a4,426 <__stack_size+0x26>
 3e2:	4118                	lw	a4,0(a0)
 3e4:	4681                	li	a3,0
 3e6:	4e85                	li	t4,1
 3e8:	4f3d                	li	t5,15
 3ea:	02800f93          	li	t6,40
 3ee:	04800293          	li	t0,72
 3f2:	4e21                	li	t3,8
 3f4:	00de9633          	sll	a2,t4,a3
 3f8:	00c5f8b3          	and	a7,a1,a2
 3fc:	03161163          	bne	a2,a7,41e <__stack_size+0x1e>
 400:	00269893          	slli	a7,a3,0x2
 404:	011f1333          	sll	t1,t5,a7
 408:	fff34313          	not	t1,t1
 40c:	00e37733          	and	a4,t1,a4
 410:	011818b3          	sll	a7,a6,a7
 414:	00e8e733          	or	a4,a7,a4
 418:	09f79963          	bne	a5,t6,4aa <__stack_size+0xaa>
 41c:	c950                	sw	a2,20(a0)
 41e:	0685                	addi	a3,a3,1
 420:	fdc69ae3          	bne	a3,t3,3f4 <GPIO_Init+0x60>
 424:	c118                	sw	a4,0(a0)
 426:	0ff00713          	li	a4,255
 42a:	04b77663          	bgeu	a4,a1,476 <__stack_size+0x76>
 42e:	4154                	lw	a3,4(a0)
 430:	4601                	li	a2,0
 432:	4e85                	li	t4,1
 434:	4f3d                	li	t5,15
 436:	02800f93          	li	t6,40
 43a:	04800293          	li	t0,72
 43e:	4e21                	li	t3,8
 440:	00860713          	addi	a4,a2,8
 444:	00ee9733          	sll	a4,t4,a4
 448:	00e5f8b3          	and	a7,a1,a4
 44c:	03171163          	bne	a4,a7,46e <__stack_size+0x6e>
 450:	00261893          	slli	a7,a2,0x2
 454:	011f1333          	sll	t1,t5,a7
 458:	fff34313          	not	t1,t1
 45c:	00d376b3          	and	a3,t1,a3
 460:	011818b3          	sll	a7,a6,a7
 464:	00d8e6b3          	or	a3,a7,a3
 468:	05f79563          	bne	a5,t6,4b2 <__stack_size+0xb2>
 46c:	c958                	sw	a4,20(a0)
 46e:	0605                	addi	a2,a2,1
 470:	fdc618e3          	bne	a2,t3,440 <__stack_size+0x40>
 474:	c154                	sw	a3,4(a0)
 476:	40b2                	lw	ra,12(sp)
 478:	4422                	lw	s0,8(sp)
 47a:	0141                	addi	sp,sp,16
 47c:	4281                	li	t0,0
 47e:	4301                	li	t1,0
 480:	4501                	li	a0,0
 482:	4581                	li	a1,0
 484:	4601                	li	a2,0
 486:	4681                	li	a3,0
 488:	4701                	li	a4,0
 48a:	4781                	li	a5,0
 48c:	4801                	li	a6,0
 48e:	4881                	li	a7,0
 490:	4e01                	li	t3,0
 492:	4e81                	li	t4,0
 494:	4f01                	li	t5,0
 496:	4f81                	li	t6,0
 498:	8082                	ret
 49a:	f2e51fe3          	bne	a0,a4,3d8 <GPIO_Init+0x44>
 49e:	20000717          	auipc	a4,0x20000
 4a2:	b6a74703          	lbu	a4,-1174(a4) # 20000008 <MCU_Version>
 4a6:	db0d                	beqz	a4,3d8 <GPIO_Init+0x44>
 4a8:	b71d                	j	3ce <GPIO_Init+0x3a>
 4aa:	f6579ae3          	bne	a5,t0,41e <__stack_size+0x1e>
 4ae:	c910                	sw	a2,16(a0)
 4b0:	b7bd                	j	41e <__stack_size+0x1e>
 4b2:	fa579ee3          	bne	a5,t0,46e <__stack_size+0x6e>
 4b6:	c918                	sw	a4,16(a0)
 4b8:	bf5d                	j	46e <__stack_size+0x6e>

000004ba <GPIO_SetBits>:
 4ba:	1141                	addi	sp,sp,-16
 4bc:	c422                	sw	s0,8(sp)
 4be:	c606                	sw	ra,12(sp)
 4c0:	0800                	addi	s0,sp,16
 4c2:	400117b7          	lui	a5,0x40011
 4c6:	00f51863          	bne	a0,a5,4d6 <GPIO_SetBits+0x1c>
 4ca:	20000797          	auipc	a5,0x20000
 4ce:	b3e7c783          	lbu	a5,-1218(a5) # 20000008 <MCU_Version>
 4d2:	c391                	beqz	a5,4d6 <GPIO_SetBits+0x1c>
 4d4:	81b5                	srli	a1,a1,0xd
 4d6:	40b2                	lw	ra,12(sp)
 4d8:	4422                	lw	s0,8(sp)
 4da:	c90c                	sw	a1,16(a0)
 4dc:	0141                	addi	sp,sp,16
 4de:	4501                	li	a0,0
 4e0:	4581                	li	a1,0
 4e2:	4781                	li	a5,0
 4e4:	8082                	ret

000004e6 <GPIO_ResetBits>:
 4e6:	1141                	addi	sp,sp,-16
 4e8:	c422                	sw	s0,8(sp)
 4ea:	c606                	sw	ra,12(sp)
 4ec:	0800                	addi	s0,sp,16
 4ee:	400117b7          	lui	a5,0x40011
 4f2:	00f51863          	bne	a0,a5,502 <GPIO_ResetBits+0x1c>
 4f6:	20000797          	auipc	a5,0x20000
 4fa:	b127c783          	lbu	a5,-1262(a5) # 20000008 <MCU_Version>
 4fe:	c391                	beqz	a5,502 <GPIO_ResetBits+0x1c>
 500:	81b5                	srli	a1,a1,0xd
 502:	40b2                	lw	ra,12(sp)
 504:	4422                	lw	s0,8(sp)
 506:	c94c                	sw	a1,20(a0)
 508:	0141                	addi	sp,sp,16
 50a:	4501                	li	a0,0
 50c:	4581                	li	a1,0
 50e:	4781                	li	a5,0
 510:	8082                	ret

00000512 <RCC_APB2PeriphClockCmd>:
 512:	1141                	addi	sp,sp,-16
 514:	c422                	sw	s0,8(sp)
 516:	c606                	sw	ra,12(sp)
 518:	0800                	addi	s0,sp,16
 51a:	400217b7          	lui	a5,0x40021
 51e:	4f98                	lw	a4,24(a5)
 520:	c999                	beqz	a1,536 <RCC_APB2PeriphClockCmd+0x24>
 522:	8f49                	or	a4,a4,a0
 524:	cf98                	sw	a4,24(a5)
 526:	40b2                	lw	ra,12(sp)
 528:	4422                	lw	s0,8(sp)
 52a:	0141                	addi	sp,sp,16
 52c:	4501                	li	a0,0
 52e:	4581                	li	a1,0
 530:	4701                	li	a4,0
 532:	4781                	li	a5,0
 534:	8082                	ret
 536:	fff54513          	not	a0,a0
 53a:	8d79                	and	a0,a0,a4
 53c:	cf88                	sw	a0,24(a5)
 53e:	b7e5                	j	526 <RCC_APB2PeriphClockCmd+0x14>

00000540 <Delay_Ms>:
 540:	1141                	addi	sp,sp,-16
 542:	e000f7b7          	lui	a5,0xe000f
 546:	c422                	sw	s0,8(sp)
 548:	c606                	sw	ra,12(sp)
 54a:	0800                	addi	s0,sp,16
 54c:	43d8                	lw	a4,4(a5)
 54e:	4681                	li	a3,0
 550:	9b79                	andi	a4,a4,-2
 552:	c3d8                	sw	a4,4(a5)
 554:	20000717          	auipc	a4,0x20000
 558:	ab675703          	lhu	a4,-1354(a4) # 2000000a <p_ms>
 55c:	02a70633          	mul	a2,a4,a0
 560:	cb90                	sw	a2,16(a5)
 562:	cbd4                	sw	a3,20(a5)
 564:	4398                	lw	a4,0(a5)
 566:	01076713          	ori	a4,a4,16
 56a:	c398                	sw	a4,0(a5)
 56c:	4398                	lw	a4,0(a5)
 56e:	02176713          	ori	a4,a4,33
 572:	c398                	sw	a4,0(a5)
 574:	43d8                	lw	a4,4(a5)
 576:	8b05                	andi	a4,a4,1
 578:	df75                	beqz	a4,574 <Delay_Ms+0x34>
 57a:	4398                	lw	a4,0(a5)
 57c:	40b2                	lw	ra,12(sp)
 57e:	4422                	lw	s0,8(sp)
 580:	9b79                	andi	a4,a4,-2
 582:	c398                	sw	a4,0(a5)
 584:	0141                	addi	sp,sp,16
 586:	4501                	li	a0,0
 588:	4601                	li	a2,0
 58a:	4681                	li	a3,0
 58c:	4701                	li	a4,0
 58e:	4781                	li	a5,0
 590:	8082                	ret

00000592 <_fini>:
 592:	1141                	addi	sp,sp,-16
 594:	c422                	sw	s0,8(sp)
 596:	c606                	sw	ra,12(sp)
 598:	0800                	addi	s0,sp,16
 59a:	40b2                	lw	ra,12(sp)
 59c:	4422                	lw	s0,8(sp)
 59e:	0141                	addi	sp,sp,16
 5a0:	8082                	ret

000005a2 <_init>:
 5a2:	1141                	addi	sp,sp,-16
 5a4:	c422                	sw	s0,8(sp)
 5a6:	c606                	sw	ra,12(sp)
 5a8:	0800                	addi	s0,sp,16
 5aa:	40b2                	lw	ra,12(sp)
 5ac:	4422                	lw	s0,8(sp)
 5ae:	0141                	addi	sp,sp,16
 5b0:	8082                	ret

000005b2 <NMI_Handler>:
 5b2:	a001                	j	5b2 <NMI_Handler>

000005b4 <HardFault_Handler>:
 5b4:	a001                	j	5b4 <HardFault_Handler>

000005b6 <Ecall_M_Mode_Handler>:
 5b6:	a001                	j	5b6 <Ecall_M_Mode_Handler>

000005b8 <Ecall_U_Mode_Handler>:
 5b8:	a001                	j	5b8 <Ecall_U_Mode_Handler>

000005ba <Break_Point_Handler>:
 5ba:	a001                	j	5ba <Break_Point_Handler>

000005bc <SysTick_Handler>:
 5bc:	a001                	j	5bc <SysTick_Handler>

000005be <SW_Handler>:
 5be:	a001                	j	5be <SW_Handler>

000005c0 <WWDG_IRQHandler>:
 5c0:	a001                	j	5c0 <WWDG_IRQHandler>

000005c2 <PVD_IRQHandler>:
 5c2:	a001                	j	5c2 <PVD_IRQHandler>

000005c4 <TAMPER_IRQHandler>:
 5c4:	a001                	j	5c4 <TAMPER_IRQHandler>

000005c6 <RTC_IRQHandler>:
 5c6:	a001                	j	5c6 <RTC_IRQHandler>

000005c8 <FLASH_IRQHandler>:
 5c8:	a001                	j	5c8 <FLASH_IRQHandler>

000005ca <RCC_IRQHandler>:
 5ca:	a001                	j	5ca <RCC_IRQHandler>

000005cc <EXTI0_IRQHandler>:
 5cc:	a001                	j	5cc <EXTI0_IRQHandler>

000005ce <EXTI1_IRQHandler>:
 5ce:	a001                	j	5ce <EXTI1_IRQHandler>

000005d0 <EXTI2_IRQHandler>:
 5d0:	a001                	j	5d0 <EXTI2_IRQHandler>

000005d2 <EXTI3_IRQHandler>:
 5d2:	a001                	j	5d2 <EXTI3_IRQHandler>

000005d4 <EXTI4_IRQHandler>:
 5d4:	a001                	j	5d4 <EXTI4_IRQHandler>

000005d6 <DMA1_Channel1_IRQHandler>:
 5d6:	a001                	j	5d6 <DMA1_Channel1_IRQHandler>

000005d8 <DMA1_Channel2_IRQHandler>:
 5d8:	a001                	j	5d8 <DMA1_Channel2_IRQHandler>

000005da <DMA1_Channel3_IRQHandler>:
 5da:	a001                	j	5da <DMA1_Channel3_IRQHandler>

000005dc <DMA1_Channel4_IRQHandler>:
 5dc:	a001                	j	5dc <DMA1_Channel4_IRQHandler>

000005de <DMA1_Channel5_IRQHandler>:
 5de:	a001                	j	5de <DMA1_Channel5_IRQHandler>

000005e0 <DMA1_Channel6_IRQHandler>:
 5e0:	a001                	j	5e0 <DMA1_Channel6_IRQHandler>

000005e2 <DMA1_Channel7_IRQHandler>:
 5e2:	a001                	j	5e2 <DMA1_Channel7_IRQHandler>

000005e4 <ADC1_2_IRQHandler>:
 5e4:	a001                	j	5e4 <ADC1_2_IRQHandler>

000005e6 <USB_HP_CAN1_TX_IRQHandler>:
 5e6:	a001                	j	5e6 <USB_HP_CAN1_TX_IRQHandler>

000005e8 <USB_LP_CAN1_RX0_IRQHandler>:
 5e8:	a001                	j	5e8 <USB_LP_CAN1_RX0_IRQHandler>

000005ea <CAN1_RX1_IRQHandler>:
 5ea:	a001                	j	5ea <CAN1_RX1_IRQHandler>

000005ec <CAN1_SCE_IRQHandler>:
 5ec:	a001                	j	5ec <CAN1_SCE_IRQHandler>

000005ee <EXTI9_5_IRQHandler>:
 5ee:	a001                	j	5ee <EXTI9_5_IRQHandler>

000005f0 <TIM1_BRK_IRQHandler>:
 5f0:	a001                	j	5f0 <TIM1_BRK_IRQHandler>

000005f2 <TIM1_UP_IRQHandler>:
 5f2:	a001                	j	5f2 <TIM1_UP_IRQHandler>

000005f4 <TIM1_TRG_COM_IRQHandler>:
 5f4:	a001                	j	5f4 <TIM1_TRG_COM_IRQHandler>

000005f6 <TIM1_CC_IRQHandler>:
 5f6:	a001                	j	5f6 <TIM1_CC_IRQHandler>

000005f8 <TIM2_IRQHandler>:
 5f8:	a001                	j	5f8 <TIM2_IRQHandler>

000005fa <TIM3_IRQHandler>:
 5fa:	a001                	j	5fa <TIM3_IRQHandler>

000005fc <TIM4_IRQHandler>:
 5fc:	a001                	j	5fc <TIM4_IRQHandler>

000005fe <I2C1_EV_IRQHandler>:
 5fe:	a001                	j	5fe <I2C1_EV_IRQHandler>

00000600 <I2C1_ER_IRQHandler>:
 600:	a001                	j	600 <I2C1_ER_IRQHandler>

00000602 <I2C2_EV_IRQHandler>:
 602:	a001                	j	602 <I2C2_EV_IRQHandler>

00000604 <I2C2_ER_IRQHandler>:
 604:	a001                	j	604 <I2C2_ER_IRQHandler>

00000606 <SPI1_IRQHandler>:
 606:	a001                	j	606 <SPI1_IRQHandler>

00000608 <SPI2_IRQHandler>:
 608:	a001                	j	608 <SPI2_IRQHandler>

0000060a <USART1_IRQHandler>:
 60a:	a001                	j	60a <USART1_IRQHandler>

0000060c <USART2_IRQHandler>:
 60c:	a001                	j	60c <USART2_IRQHandler>

0000060e <USART3_IRQHandler>:
 60e:	a001                	j	60e <USART3_IRQHandler>

00000610 <EXTI15_10_IRQHandler>:
 610:	a001                	j	610 <EXTI15_10_IRQHandler>

00000612 <RTCAlarm_IRQHandler>:
 612:	a001                	j	612 <RTCAlarm_IRQHandler>

00000614 <USBWakeUp_IRQHandler>:
 614:	a001                	j	614 <USBWakeUp_IRQHandler>

00000616 <USBHD_IRQHandler>:
 616:	a001                	j	616 <USBHD_IRQHandler>

00000618 <USBHDWakeUp_IRQHandler>:
 618:	a001                	j	618 <USBHDWakeUp_IRQHandler>

0000061a <UART4_IRQHandler>:
 61a:	a001                	j	61a <UART4_IRQHandler>

0000061c <DMA1_Channel8_IRQHandler>:
 61c:	a001                	j	61c <DMA1_Channel8_IRQHandler>

0000061e <handle_reset>:
 61e:	20000197          	auipc	gp,0x20000
 622:	1ea18193          	addi	gp,gp,490 # 20000808 <__global_pointer$>
 626:	20005117          	auipc	sp,0x20005
 62a:	9da10113          	addi	sp,sp,-1574 # 20005000 <_eusrstack>
 62e:	7c000513          	li	a0,1984
 632:	20000597          	auipc	a1,0x20000
 636:	9ce58593          	addi	a1,a1,-1586 # 20000000 <__atexit_recursive_mutex>
 63a:	20000617          	auipc	a2,0x20000
 63e:	9ce60613          	addi	a2,a2,-1586 # 20000008 <MCU_Version>
 642:	00c5fa63          	bgeu	a1,a2,656 <handle_reset+0x38>
 646:	00052283          	lw	t0,0(a0) # 40011000 <_eusrstack+0x2000c000>
 64a:	0055a023          	sw	t0,0(a1)
 64e:	0511                	addi	a0,a0,4
 650:	0591                	addi	a1,a1,4
 652:	fec5eae3          	bltu	a1,a2,646 <handle_reset+0x28>
 656:	20000517          	auipc	a0,0x20000
 65a:	9b250513          	addi	a0,a0,-1614 # 20000008 <MCU_Version>
 65e:	20000597          	auipc	a1,0x20000
 662:	b6258593          	addi	a1,a1,-1182 # 200001c0 <_ebss>
 666:	00b57763          	bgeu	a0,a1,674 <handle_reset+0x56>
 66a:	00052023          	sw	zero,0(a0)
 66e:	0511                	addi	a0,a0,4
 670:	feb56de3          	bltu	a0,a1,66a <handle_reset+0x4c>
 674:	42fd                	li	t0,31
 676:	bc029073          	csrw	0xbc0,t0
 67a:	428d                	li	t0,3
 67c:	80429073          	csrw	0x804,t0
 680:	08800293          	li	t0,136
 684:	3002a073          	csrs	mstatus,t0
 688:	00000297          	auipc	t0,0x0
 68c:	9b028293          	addi	t0,t0,-1616 # 38 <_einit>
 690:	0032e293          	ori	t0,t0,3
 694:	30529073          	csrw	mtvec,t0
 698:	00000517          	auipc	a0,0x0
 69c:	b2250513          	addi	a0,a0,-1246 # 1ba <__libc_fini_array>
 6a0:	3445                	jal	140 <atexit>
 6a2:	3c5d                	jal	158 <__libc_init_array>
 6a4:	014000ef          	jal	6b8 <SystemInit>
 6a8:	00000297          	auipc	t0,0x0
 6ac:	ca428293          	addi	t0,t0,-860 # 34c <main>
 6b0:	34129073          	csrw	mepc,t0
 6b4:	30200073          	mret

000006b8 <SystemInit>:
 6b8:	1101                	addi	sp,sp,-32
 6ba:	400217b7          	lui	a5,0x40021
 6be:	cc22                	sw	s0,24(sp)
 6c0:	ce06                	sw	ra,28(sp)
 6c2:	1000                	addi	s0,sp,32
 6c4:	4398                	lw	a4,0(a5)
 6c6:	f8ff06b7          	lui	a3,0xf8ff0
 6ca:	00020637          	lui	a2,0x20
 6ce:	00176713          	ori	a4,a4,1
 6d2:	c398                	sw	a4,0(a5)
 6d4:	43d8                	lw	a4,4(a5)
 6d6:	8f75                	and	a4,a4,a3
 6d8:	c3d8                	sw	a4,4(a5)
 6da:	4398                	lw	a4,0(a5)
 6dc:	fef706b7          	lui	a3,0xfef70
 6e0:	16fd                	addi	a3,a3,-1 # fef6ffff <_eusrstack+0xdef6afff>
 6e2:	8f75                	and	a4,a4,a3
 6e4:	c398                	sw	a4,0(a5)
 6e6:	4398                	lw	a4,0(a5)
 6e8:	fffc06b7          	lui	a3,0xfffc0
 6ec:	16fd                	addi	a3,a3,-1 # fffbffff <_eusrstack+0xdffbafff>
 6ee:	8f75                	and	a4,a4,a3
 6f0:	c398                	sw	a4,0(a5)
 6f2:	43d8                	lw	a4,4(a5)
 6f4:	ff8106b7          	lui	a3,0xff810
 6f8:	16fd                	addi	a3,a3,-1 # ff80ffff <_eusrstack+0xdf80afff>
 6fa:	8f75                	and	a4,a4,a3
 6fc:	c3d8                	sw	a4,4(a5)
 6fe:	009f0737          	lui	a4,0x9f0
 702:	c798                	sw	a4,8(a5)
 704:	fe042423          	sw	zero,-24(s0)
 708:	fe042623          	sw	zero,-20(s0)
 70c:	4398                	lw	a4,0(a5)
 70e:	66c1                	lui	a3,0x10
 710:	8f55                	or	a4,a4,a3
 712:	c398                	sw	a4,0(a5)
 714:	6685                	lui	a3,0x1
 716:	4398                	lw	a4,0(a5)
 718:	8f71                	and	a4,a4,a2
 71a:	fee42623          	sw	a4,-20(s0)
 71e:	fe842703          	lw	a4,-24(s0)
 722:	0705                	addi	a4,a4,1 # 9f0001 <_data_lma+0x9ef841>
 724:	fee42423          	sw	a4,-24(s0)
 728:	fec42703          	lw	a4,-20(s0)
 72c:	e709                	bnez	a4,736 <SystemInit+0x7e>
 72e:	fe842703          	lw	a4,-24(s0)
 732:	fed712e3          	bne	a4,a3,716 <SystemInit+0x5e>
 736:	4398                	lw	a4,0(a5)
 738:	4785                	li	a5,1
 73a:	00e71693          	slli	a3,a4,0xe
 73e:	0606dd63          	bgez	a3,7b8 <SystemInit+0x100>
 742:	fef42623          	sw	a5,-20(s0)
 746:	fec42703          	lw	a4,-20(s0)
 74a:	04f71f63          	bne	a4,a5,7a8 <SystemInit+0xf0>
 74e:	400217b7          	lui	a5,0x40021
 752:	43d8                	lw	a4,4(a5)
 754:	ffc106b7          	lui	a3,0xffc10
 758:	16fd                	addi	a3,a3,-1 # ffc0ffff <_eusrstack+0xdfc0afff>
 75a:	c3d8                	sw	a4,4(a5)
 75c:	43d8                	lw	a4,4(a5)
 75e:	c3d8                	sw	a4,4(a5)
 760:	43d8                	lw	a4,4(a5)
 762:	40076713          	ori	a4,a4,1024
 766:	c3d8                	sw	a4,4(a5)
 768:	43d8                	lw	a4,4(a5)
 76a:	8f75                	and	a4,a4,a3
 76c:	c3d8                	sw	a4,4(a5)
 76e:	43d8                	lw	a4,4(a5)
 770:	002906b7          	lui	a3,0x290
 774:	8f55                	or	a4,a4,a3
 776:	c3d8                	sw	a4,4(a5)
 778:	4398                	lw	a4,0(a5)
 77a:	010006b7          	lui	a3,0x1000
 77e:	8f55                	or	a4,a4,a3
 780:	c398                	sw	a4,0(a5)
 782:	4398                	lw	a4,0(a5)
 784:	00671693          	slli	a3,a4,0x6
 788:	fe06dde3          	bgez	a3,782 <SystemInit+0xca>
 78c:	43d8                	lw	a4,4(a5)
 78e:	400216b7          	lui	a3,0x40021
 792:	9b71                	andi	a4,a4,-4
 794:	c3d8                	sw	a4,4(a5)
 796:	43d8                	lw	a4,4(a5)
 798:	00276713          	ori	a4,a4,2
 79c:	c3d8                	sw	a4,4(a5)
 79e:	4721                	li	a4,8
 7a0:	42dc                	lw	a5,4(a3)
 7a2:	8bb1                	andi	a5,a5,12
 7a4:	fee79ee3          	bne	a5,a4,7a0 <SystemInit+0xe8>
 7a8:	40f2                	lw	ra,28(sp)
 7aa:	4462                	lw	s0,24(sp)
 7ac:	6105                	addi	sp,sp,32
 7ae:	4601                	li	a2,0
 7b0:	4681                	li	a3,0
 7b2:	4701                	li	a4,0
 7b4:	4781                	li	a5,0
 7b6:	8082                	ret
 7b8:	fe042623          	sw	zero,-20(s0)
 7bc:	b769                	j	746 <SystemInit+0x8e>
	...
