
/home/blank/Engineering/MCU/WCH/Project/Blink30/build/ch32v30x_firmware.elf:     file format elf32-littleriscv


Disassembly of section .init:

00000000 <_sinit>:

	.section	.init,"ax",@progbits
	.global	_start
	.align	1
_start:
	j	handle_reset
   0:	69c0006f          	j	69c <handle_reset>
   4:	00000013          	.word	0x00000013
   8:	00000013          	.word	0x00000013
   c:	00000013          	.word	0x00000013
  10:	00000013          	.word	0x00000013
  14:	00000013          	.word	0x00000013
  18:	00000013          	.word	0x00000013
  1c:	00000013          	.word	0x00000013
  20:	00000013          	.word	0x00000013
  24:	00000013          	.word	0x00000013
  28:	00000013          	.word	0x00000013
  2c:	00000013          	.word	0x00000013
  30:	00000013          	.word	0x00000013
  34:	00100073          	.word	0x00100073

Disassembly of section .vector:

00000038 <_vector_base>:
	...
  40:	00000474          	.word	0x00000474
  44:	00000484          	.word	0x00000484
  48:	00000000          	.word	0x00000000
  4c:	000005f6          	.word	0x000005f6
	...
  58:	000005f8          	.word	0x000005f8
  5c:	000005fa          	.word	0x000005fa
	...
  68:	000005fc          	.word	0x000005fc
  6c:	00000000          	.word	0x00000000
  70:	000005fe          	.word	0x000005fe
  74:	00000000          	.word	0x00000000
  78:	00000600          	.word	0x00000600
  7c:	00000602          	.word	0x00000602
  80:	00000604          	.word	0x00000604
  84:	00000606          	.word	0x00000606
  88:	00000608          	.word	0x00000608
  8c:	0000060a          	.word	0x0000060a
  90:	0000060c          	.word	0x0000060c
  94:	0000060e          	.word	0x0000060e
  98:	00000610          	.word	0x00000610
  9c:	00000612          	.word	0x00000612
  a0:	00000614          	.word	0x00000614
  a4:	00000616          	.word	0x00000616
  a8:	00000618          	.word	0x00000618
  ac:	0000061a          	.word	0x0000061a
  b0:	0000061c          	.word	0x0000061c
  b4:	0000061e          	.word	0x0000061e
  b8:	00000620          	.word	0x00000620
  bc:	00000622          	.word	0x00000622
  c0:	00000624          	.word	0x00000624
  c4:	00000626          	.word	0x00000626
  c8:	00000628          	.word	0x00000628
  cc:	0000062a          	.word	0x0000062a
  d0:	0000062c          	.word	0x0000062c
  d4:	0000062e          	.word	0x0000062e
  d8:	00000630          	.word	0x00000630
  dc:	00000632          	.word	0x00000632
  e0:	00000634          	.word	0x00000634
  e4:	00000636          	.word	0x00000636
  e8:	00000638          	.word	0x00000638
  ec:	0000063a          	.word	0x0000063a
  f0:	0000063c          	.word	0x0000063c
  f4:	0000063e          	.word	0x0000063e
  f8:	00000640          	.word	0x00000640
  fc:	00000642          	.word	0x00000642
 100:	00000644          	.word	0x00000644
 104:	00000646          	.word	0x00000646
 108:	00000648          	.word	0x00000648
 10c:	0000064a          	.word	0x0000064a
 110:	0000064c          	.word	0x0000064c
 114:	0000064e          	.word	0x0000064e
 118:	00000650          	.word	0x00000650
 11c:	00000652          	.word	0x00000652
 120:	00000000          	.word	0x00000000
 124:	00000654          	.word	0x00000654
 128:	00000656          	.word	0x00000656
 12c:	00000658          	.word	0x00000658
 130:	0000065a          	.word	0x0000065a
 134:	0000065c          	.word	0x0000065c
 138:	0000065e          	.word	0x0000065e
 13c:	00000660          	.word	0x00000660
 140:	00000662          	.word	0x00000662
 144:	00000664          	.word	0x00000664
 148:	00000666          	.word	0x00000666
 14c:	00000668          	.word	0x00000668
 150:	0000066a          	.word	0x0000066a
 154:	0000066c          	.word	0x0000066c
 158:	0000066e          	.word	0x0000066e
 15c:	00000670          	.word	0x00000670
 160:	00000672          	.word	0x00000672
 164:	00000674          	.word	0x00000674
 168:	00000676          	.word	0x00000676
	...
 184:	00000678          	.word	0x00000678
	...
 194:	0000067a          	.word	0x0000067a
 198:	0000067c          	.word	0x0000067c
 19c:	0000067e          	.word	0x0000067e
 1a0:	00000680          	.word	0x00000680
 1a4:	00000682          	.word	0x00000682
 1a8:	00000684          	.word	0x00000684
 1ac:	00000686          	.word	0x00000686
 1b0:	00000688          	.word	0x00000688
 1b4:	0000068a          	.word	0x0000068a
 1b8:	0000068c          	.word	0x0000068c
 1bc:	0000068e          	.word	0x0000068e
 1c0:	00000690          	.word	0x00000690
 1c4:	00000692          	.word	0x00000692
 1c8:	00000694          	.word	0x00000694
 1cc:	00000696          	.word	0x00000696
 1d0:	00000698          	.word	0x00000698
 1d4:	0000069a          	.word	0x0000069a
	...

Disassembly of section .text:

00000200 <memcpy>:
 200:	1141                	addi	sp,sp,-16
 202:	c422                	sw	s0,8(sp)
 204:	c606                	sw	ra,12(sp)
 206:	0800                	addi	s0,sp,16
 208:	00a5c7b3          	xor	a5,a1,a0
 20c:	8b8d                	andi	a5,a5,3
 20e:	00c508b3          	add	a7,a0,a2
 212:	e7bd                	bnez	a5,280 <memcpy+0x80>
 214:	00463613          	sltiu	a2,a2,4
 218:	e625                	bnez	a2,280 <memcpy+0x80>
 21a:	00357793          	andi	a5,a0,3
 21e:	872a                	mv	a4,a0
 220:	e3e5                	bnez	a5,300 <memcpy+0x100>
 222:	ffc8f613          	andi	a2,a7,-4
 226:	40e606b3          	sub	a3,a2,a4
 22a:	02000793          	li	a5,32
 22e:	06d7cd63          	blt	a5,a3,2a8 <memcpy+0xa8>
 232:	86ae                	mv	a3,a1
 234:	87ba                	mv	a5,a4
 236:	02c77163          	bgeu	a4,a2,258 <memcpy+0x58>
 23a:	0006a803          	lw	a6,0(a3)
 23e:	0791                	addi	a5,a5,4
 240:	0691                	addi	a3,a3,4
 242:	ff07ae23          	sw	a6,-4(a5)
 246:	fec7eae3          	bltu	a5,a2,23a <memcpy+0x3a>
 24a:	167d                	addi	a2,a2,-1
 24c:	8e19                	sub	a2,a2,a4
 24e:	9a71                	andi	a2,a2,-4
 250:	0591                	addi	a1,a1,4
 252:	0711                	addi	a4,a4,4
 254:	95b2                	add	a1,a1,a2
 256:	9732                	add	a4,a4,a2
 258:	03176763          	bltu	a4,a7,286 <memcpy+0x86>
 25c:	40b2                	lw	ra,12(sp)
 25e:	4422                	lw	s0,8(sp)
 260:	0141                	addi	sp,sp,16
 262:	4281                	li	t0,0
 264:	4301                	li	t1,0
 266:	4381                	li	t2,0
 268:	4581                	li	a1,0
 26a:	4601                	li	a2,0
 26c:	4681                	li	a3,0
 26e:	4701                	li	a4,0
 270:	4781                	li	a5,0
 272:	4801                	li	a6,0
 274:	4881                	li	a7,0
 276:	4e01                	li	t3,0
 278:	4e81                	li	t4,0
 27a:	4f01                	li	t5,0
 27c:	4f81                	li	t6,0
 27e:	8082                	ret
 280:	872a                	mv	a4,a0
 282:	fd157de3          	bgeu	a0,a7,25c <memcpy+0x5c>
 286:	0005c783          	lbu	a5,0(a1)
 28a:	0705                	addi	a4,a4,1
 28c:	0585                	addi	a1,a1,1
 28e:	fef70fa3          	sb	a5,-1(a4)
 292:	fce885e3          	beq	a7,a4,25c <memcpy+0x5c>
 296:	0005c783          	lbu	a5,0(a1)
 29a:	0705                	addi	a4,a4,1
 29c:	0585                	addi	a1,a1,1
 29e:	fef70fa3          	sb	a5,-1(a4)
 2a2:	fee892e3          	bne	a7,a4,286 <memcpy+0x86>
 2a6:	bf5d                	j	25c <memcpy+0x5c>
 2a8:	5194                	lw	a3,32(a1)
 2aa:	0005a383          	lw	t2,0(a1)
 2ae:	0045a283          	lw	t0,4(a1)
 2b2:	0085af83          	lw	t6,8(a1)
 2b6:	00c5af03          	lw	t5,12(a1)
 2ba:	0105ae83          	lw	t4,16(a1)
 2be:	0145ae03          	lw	t3,20(a1)
 2c2:	0185a303          	lw	t1,24(a1)
 2c6:	01c5a803          	lw	a6,28(a1)
 2ca:	02470713          	addi	a4,a4,36
 2ce:	fed72e23          	sw	a3,-4(a4)
 2d2:	fc772e23          	sw	t2,-36(a4)
 2d6:	40e606b3          	sub	a3,a2,a4
 2da:	fe572023          	sw	t0,-32(a4)
 2de:	fff72223          	sw	t6,-28(a4)
 2e2:	ffe72423          	sw	t5,-24(a4)
 2e6:	ffd72623          	sw	t4,-20(a4)
 2ea:	ffc72823          	sw	t3,-16(a4)
 2ee:	fe672a23          	sw	t1,-12(a4)
 2f2:	ff072c23          	sw	a6,-8(a4)
 2f6:	02458593          	addi	a1,a1,36
 2fa:	fad7c7e3          	blt	a5,a3,2a8 <memcpy+0xa8>
 2fe:	bf15                	j	232 <memcpy+0x32>
 300:	0005c683          	lbu	a3,0(a1)
 304:	0705                	addi	a4,a4,1
 306:	00377793          	andi	a5,a4,3
 30a:	fed70fa3          	sb	a3,-1(a4)
 30e:	0585                	addi	a1,a1,1
 310:	db89                	beqz	a5,222 <memcpy+0x22>
 312:	0005c683          	lbu	a3,0(a1)
 316:	0705                	addi	a4,a4,1
 318:	00377793          	andi	a5,a4,3
 31c:	fed70fa3          	sb	a3,-1(a4)
 320:	0585                	addi	a1,a1,1
 322:	fff9                	bnez	a5,300 <memcpy+0x100>
 324:	bdfd                	j	222 <memcpy+0x22>

00000326 <main>:
#include "ch32v30x.h"        // Для CH32V30x
#include "ch32v30x_gpio.h"


int main(void)
{
 326:	1101                	addi	sp,sp,-32
 328:	ce06                	sw	ra,28(sp)
 32a:	cc22                	sw	s0,24(sp)
    // Включаем тактирование порта C
    RCC_APB2PeriphClockCmd(RCC_APB2Periph_GPIOC, ENABLE);
 32c:	4585                	li	a1,1
{
 32e:	1000                	addi	s0,sp,32
    RCC_APB2PeriphClockCmd(RCC_APB2Periph_GPIOC, ENABLE);
 330:	4541                	li	a0,16
 332:	2ab1                	jal	48e <RCC_APB2PeriphClockCmd>

    GPIO_InitTypeDef GPIO_InitStructure = {
 334:	72c00593          	li	a1,1836
 338:	4631                	li	a2,12
 33a:	fe440513          	addi	a0,s0,-28
 33e:	35c9                	jal	200 <memcpy>
            .GPIO_Pin = GPIO_Pin_15,
            .GPIO_Mode = GPIO_Mode_Out_PP,
            .GPIO_Speed = GPIO_Speed_2MHz,
    };
    GPIO_Init(GPIOC, &GPIO_InitStructure);
 340:	fe440593          	addi	a1,s0,-28
 344:	40011537          	lui	a0,0x40011
 348:	2811                	jal	35c <GPIO_Init>

    while(1)
    {
        GPIO_SetBits(GPIOC, GPIO_Pin_15);     // LED выкл (если анод к VCC)
 34a:	65a1                	lui	a1,0x8
 34c:	40011537          	lui	a0,0x40011
 350:	28e5                	jal	448 <GPIO_SetBits>
        GPIO_ResetBits(GPIOC, GPIO_Pin_15);   // LED вкл
 352:	65a1                	lui	a1,0x8
 354:	40011537          	lui	a0,0x40011
 358:	2219                	jal	45e <GPIO_ResetBits>
    while(1)
 35a:	bfc5                	j	34a <main+0x24>

0000035c <GPIO_Init>:
 *        contains the configuration information for the specified GPIO peripheral.
 *
 * @return  none
 */
void GPIO_Init(GPIO_TypeDef *GPIOx, GPIO_InitTypeDef *GPIO_InitStruct)
{
 35c:	1141                	addi	sp,sp,-16
 35e:	c422                	sw	s0,8(sp)
 360:	c606                	sw	ra,12(sp)
 362:	0800                	addi	s0,sp,16
    uint32_t currentmode = 0x00, currentpin = 0x00, pinpos = 0x00, pos = 0x00;
    uint32_t tmpreg = 0x00, pinmask = 0x00;

    currentmode = ((uint32_t)GPIO_InitStruct->GPIO_Mode) & ((uint32_t)0x0F);
 364:	459c                	lw	a5,8(a1)

    if((((uint32_t)GPIO_InitStruct->GPIO_Mode) & ((uint32_t)0x10)) != 0x00)
 366:	0107f713          	andi	a4,a5,16
    currentmode = ((uint32_t)GPIO_InitStruct->GPIO_Mode) & ((uint32_t)0x0F);
 36a:	00f7f813          	andi	a6,a5,15
    if((((uint32_t)GPIO_InitStruct->GPIO_Mode) & ((uint32_t)0x10)) != 0x00)
 36e:	c701                	beqz	a4,376 <GPIO_Init+0x1a>
    {
        currentmode |= (uint32_t)GPIO_InitStruct->GPIO_Speed;
 370:	41d8                	lw	a4,4(a1)
 372:	00e86833          	or	a6,a6,a4
    }

    if(((uint32_t)GPIO_InitStruct->GPIO_Pin & ((uint32_t)0x00FF)) != 0x00)
 376:	0005d583          	lhu	a1,0(a1) # 8000 <__stack_size+0x7800>
 37a:	0ff5f713          	zext.b	a4,a1
 37e:	c339                	beqz	a4,3c4 <GPIO_Init+0x68>
    {
        tmpreg = GPIOx->CFGLR;
 380:	4118                	lw	a4,0(a0)

        for(pinpos = 0x00; pinpos < 0x08; pinpos++)
 382:	4681                	li	a3,0
        {
            pos = ((uint32_t)0x01) << pinpos;
 384:	4e85                	li	t4,1
            currentpin = (GPIO_InitStruct->GPIO_Pin) & pos;

            if(currentpin == pos)
            {
                pos = pinpos << 2;
                pinmask = ((uint32_t)0x0F) << pos;
 386:	4f3d                	li	t5,15
                tmpreg &= ~pinmask;
                tmpreg |= (currentmode << pos);

                if(GPIO_InitStruct->GPIO_Mode == GPIO_Mode_IPD)
 388:	02800f93          	li	t6,40
                {
                    GPIOx->BCR = (((uint32_t)0x01) << pinpos);
                }
                else
                {
                    if(GPIO_InitStruct->GPIO_Mode == GPIO_Mode_IPU)
 38c:	04800293          	li	t0,72
        for(pinpos = 0x00; pinpos < 0x08; pinpos++)
 390:	4e21                	li	t3,8
            pos = ((uint32_t)0x01) << pinpos;
 392:	00de9633          	sll	a2,t4,a3
            currentpin = (GPIO_InitStruct->GPIO_Pin) & pos;
 396:	00c5f8b3          	and	a7,a1,a2
            if(currentpin == pos)
 39a:	03161163          	bne	a2,a7,3bc <GPIO_Init+0x60>
                pos = pinpos << 2;
 39e:	00269893          	slli	a7,a3,0x2
                pinmask = ((uint32_t)0x0F) << pos;
 3a2:	011f1333          	sll	t1,t5,a7
                tmpreg &= ~pinmask;
 3a6:	fff34313          	not	t1,t1
 3aa:	00e37733          	and	a4,t1,a4
                tmpreg |= (currentmode << pos);
 3ae:	011818b3          	sll	a7,a6,a7
 3b2:	00e8e733          	or	a4,a7,a4
                if(GPIO_InitStruct->GPIO_Mode == GPIO_Mode_IPD)
 3b6:	09f79163          	bne	a5,t6,438 <GPIO_Init+0xdc>
                    GPIOx->BCR = (((uint32_t)0x01) << pinpos);
 3ba:	c950                	sw	a2,20(a0)
        for(pinpos = 0x00; pinpos < 0x08; pinpos++)
 3bc:	0685                	addi	a3,a3,1
 3be:	fdc69ae3          	bne	a3,t3,392 <GPIO_Init+0x36>
                        GPIOx->BSHR = (((uint32_t)0x01) << pinpos);
                    }
                }
            }
        }
        GPIOx->CFGLR = tmpreg;
 3c2:	c118                	sw	a4,0(a0)
    }

    if(GPIO_InitStruct->GPIO_Pin > 0x00FF)
 3c4:	0ff00713          	li	a4,255
 3c8:	04b77663          	bgeu	a4,a1,414 <GPIO_Init+0xb8>
    {
        tmpreg = GPIOx->CFGHR;
 3cc:	4154                	lw	a3,4(a0)

        for(pinpos = 0x00; pinpos < 0x08; pinpos++)
 3ce:	4601                	li	a2,0
        {
            pos = (((uint32_t)0x01) << (pinpos + 0x08));
 3d0:	4e85                	li	t4,1
            currentpin = ((GPIO_InitStruct->GPIO_Pin) & pos);

            if(currentpin == pos)
            {
                pos = pinpos << 2;
                pinmask = ((uint32_t)0x0F) << pos;
 3d2:	4f3d                	li	t5,15
                tmpreg &= ~pinmask;
                tmpreg |= (currentmode << pos);

                if(GPIO_InitStruct->GPIO_Mode == GPIO_Mode_IPD)
 3d4:	02800f93          	li	t6,40
                {
                    GPIOx->BCR = (((uint32_t)0x01) << (pinpos + 0x08));
                }

                if(GPIO_InitStruct->GPIO_Mode == GPIO_Mode_IPU)
 3d8:	04800293          	li	t0,72
        for(pinpos = 0x00; pinpos < 0x08; pinpos++)
 3dc:	4e21                	li	t3,8
            pos = (((uint32_t)0x01) << (pinpos + 0x08));
 3de:	00860713          	addi	a4,a2,8
 3e2:	00ee9733          	sll	a4,t4,a4
            currentpin = ((GPIO_InitStruct->GPIO_Pin) & pos);
 3e6:	00e5f8b3          	and	a7,a1,a4
            if(currentpin == pos)
 3ea:	03171163          	bne	a4,a7,40c <GPIO_Init+0xb0>
                pos = pinpos << 2;
 3ee:	00261893          	slli	a7,a2,0x2
                pinmask = ((uint32_t)0x0F) << pos;
 3f2:	011f1333          	sll	t1,t5,a7
                tmpreg &= ~pinmask;
 3f6:	fff34313          	not	t1,t1
 3fa:	00d376b3          	and	a3,t1,a3
                tmpreg |= (currentmode << pos);
 3fe:	011818b3          	sll	a7,a6,a7
 402:	00d8e6b3          	or	a3,a7,a3
                if(GPIO_InitStruct->GPIO_Mode == GPIO_Mode_IPD)
 406:	03f79d63          	bne	a5,t6,440 <GPIO_Init+0xe4>
                    GPIOx->BCR = (((uint32_t)0x01) << (pinpos + 0x08));
 40a:	c958                	sw	a4,20(a0)
        for(pinpos = 0x00; pinpos < 0x08; pinpos++)
 40c:	0605                	addi	a2,a2,1
 40e:	fdc618e3          	bne	a2,t3,3de <GPIO_Init+0x82>
                {
                    GPIOx->BSHR = (((uint32_t)0x01) << (pinpos + 0x08));
                }
            }
        }
        GPIOx->CFGHR = tmpreg;
 412:	c154                	sw	a3,4(a0)
    }
}
 414:	40b2                	lw	ra,12(sp)
 416:	4422                	lw	s0,8(sp)
 418:	0141                	addi	sp,sp,16
 41a:	4281                	li	t0,0
 41c:	4301                	li	t1,0
 41e:	4501                	li	a0,0
 420:	4581                	li	a1,0
 422:	4601                	li	a2,0
 424:	4681                	li	a3,0
 426:	4701                	li	a4,0
 428:	4781                	li	a5,0
 42a:	4801                	li	a6,0
 42c:	4881                	li	a7,0
 42e:	4e01                	li	t3,0
 430:	4e81                	li	t4,0
 432:	4f01                	li	t5,0
 434:	4f81                	li	t6,0
 436:	8082                	ret
                    if(GPIO_InitStruct->GPIO_Mode == GPIO_Mode_IPU)
 438:	f85792e3          	bne	a5,t0,3bc <GPIO_Init+0x60>
                        GPIOx->BSHR = (((uint32_t)0x01) << pinpos);
 43c:	c910                	sw	a2,16(a0)
 43e:	bfbd                	j	3bc <GPIO_Init+0x60>
                if(GPIO_InitStruct->GPIO_Mode == GPIO_Mode_IPU)
 440:	fc5796e3          	bne	a5,t0,40c <GPIO_Init+0xb0>
                    GPIOx->BSHR = (((uint32_t)0x01) << (pinpos + 0x08));
 444:	c918                	sw	a4,16(a0)
 446:	b7d9                	j	40c <GPIO_Init+0xb0>

00000448 <GPIO_SetBits>:
 *            This parameter can be any combination of GPIO_Pin_x where x can be (0..15).
 *
 * @return  none
 */
void GPIO_SetBits(GPIO_TypeDef *GPIOx, uint16_t GPIO_Pin)
{
 448:	1141                	addi	sp,sp,-16
 44a:	c422                	sw	s0,8(sp)
 44c:	c606                	sw	ra,12(sp)
 44e:	0800                	addi	s0,sp,16
    GPIOx->BSHR = GPIO_Pin;
}
 450:	40b2                	lw	ra,12(sp)
 452:	4422                	lw	s0,8(sp)
    GPIOx->BSHR = GPIO_Pin;
 454:	c90c                	sw	a1,16(a0)
}
 456:	0141                	addi	sp,sp,16
 458:	4501                	li	a0,0
 45a:	4581                	li	a1,0
 45c:	8082                	ret

0000045e <GPIO_ResetBits>:
 *            This parameter can be any combination of GPIO_Pin_x where x can be (0..15).
 *
 * @return  none
 */
void GPIO_ResetBits(GPIO_TypeDef *GPIOx, uint16_t GPIO_Pin)
{
 45e:	1141                	addi	sp,sp,-16
 460:	c422                	sw	s0,8(sp)
 462:	c606                	sw	ra,12(sp)
 464:	0800                	addi	s0,sp,16
    GPIOx->BCR = GPIO_Pin;
}
 466:	40b2                	lw	ra,12(sp)
 468:	4422                	lw	s0,8(sp)
    GPIOx->BCR = GPIO_Pin;
 46a:	c94c                	sw	a1,20(a0)
}
 46c:	0141                	addi	sp,sp,16
 46e:	4501                	li	a0,0
 470:	4581                	li	a1,0
 472:	8082                	ret

00000474 <NMI_Handler>:
 * @brief   This function handles NMI exception.
 *
 * @return  none
 */
void NMI_Handler(void)
{
 474:	1141                	addi	sp,sp,-16
 476:	c422                	sw	s0,8(sp)
 478:	c606                	sw	ra,12(sp)
 47a:	0800                	addi	s0,sp,16
}
 47c:	40b2                	lw	ra,12(sp)
 47e:	4422                	lw	s0,8(sp)
 480:	0141                	addi	sp,sp,16
 482:	8082                	ret

00000484 <HardFault_Handler>:
 * @brief   This function handles Hard Fault exception.
 *
 * @return  none
 */
void HardFault_Handler(void)
{
 484:	1141                	addi	sp,sp,-16
 486:	c422                	sw	s0,8(sp)
 488:	c606                	sw	ra,12(sp)
 48a:	0800                	addi	s0,sp,16
  while (1)
 48c:	a001                	j	48c <HardFault_Handler+0x8>

0000048e <RCC_APB2PeriphClockCmd>:
 *          NewState - ENABLE or DISABLE
 *
 * @return  none
 */
void RCC_APB2PeriphClockCmd(uint32_t RCC_APB2Periph, FunctionalState NewState)
{
 48e:	1141                	addi	sp,sp,-16
 490:	c422                	sw	s0,8(sp)
 492:	c606                	sw	ra,12(sp)
 494:	0800                	addi	s0,sp,16
 496:	400217b7          	lui	a5,0x40021
    if(NewState != DISABLE)
    {
        RCC->APB2PCENR |= RCC_APB2Periph;
 49a:	4f98                	lw	a4,24(a5)
    if(NewState != DISABLE)
 49c:	c999                	beqz	a1,4b2 <RCC_APB2PeriphClockCmd+0x24>
        RCC->APB2PCENR |= RCC_APB2Periph;
 49e:	8f49                	or	a4,a4,a0
 4a0:	cf98                	sw	a4,24(a5)
    }
    else
    {
        RCC->APB2PCENR &= ~RCC_APB2Periph;
    }
}
 4a2:	40b2                	lw	ra,12(sp)
 4a4:	4422                	lw	s0,8(sp)
 4a6:	0141                	addi	sp,sp,16
 4a8:	4501                	li	a0,0
 4aa:	4581                	li	a1,0
 4ac:	4701                	li	a4,0
 4ae:	4781                	li	a5,0
 4b0:	8082                	ret
        RCC->APB2PCENR &= ~RCC_APB2Periph;
 4b2:	fff54513          	not	a0,a0
 4b6:	8d79                	and	a0,a0,a4
 4b8:	cf88                	sw	a0,24(a5)
}
 4ba:	b7e5                	j	4a2 <RCC_APB2PeriphClockCmd+0x14>

000004bc <SystemInit>:
 *        the PLL and update the SystemCoreClock variable.
 *
 * @return  none
 */
void SystemInit (void)
{
 4bc:	1101                	addi	sp,sp,-32
  RCC->CTLR |= (uint32_t)0x00000001;
 4be:	400217b7          	lui	a5,0x40021
{
 4c2:	cc22                	sw	s0,24(sp)
 4c4:	ce06                	sw	ra,28(sp)
 4c6:	1000                	addi	s0,sp,32
  RCC->CTLR |= (uint32_t)0x00000001;
 4c8:	4398                	lw	a4,0(a5)

#ifdef CH32V30x_D8C
  RCC->CFGR0 &= (uint32_t)0xF8FF0000;
 4ca:	f8ff06b7          	lui	a3,0xf8ff0
  RCC->CTLR |= ((uint32_t)RCC_HSEON);

  /* Wait till HSE is ready and if Time out is reached exit */
  do
  {
    HSEStatus = RCC->CTLR & RCC_HSERDY;
 4ce:	00020637          	lui	a2,0x20
  RCC->CTLR |= (uint32_t)0x00000001;
 4d2:	00176713          	ori	a4,a4,1
 4d6:	c398                	sw	a4,0(a5)
  RCC->CFGR0 &= (uint32_t)0xF8FF0000;
 4d8:	43d8                	lw	a4,4(a5)
 4da:	8f75                	and	a4,a4,a3
 4dc:	c3d8                	sw	a4,4(a5)
  RCC->CTLR &= (uint32_t)0xFEF6FFFF;
 4de:	4398                	lw	a4,0(a5)
 4e0:	fef706b7          	lui	a3,0xfef70
 4e4:	16fd                	addi	a3,a3,-1 # fef6ffff <_eusrstack+0xdef67fff>
 4e6:	8f75                	and	a4,a4,a3
 4e8:	c398                	sw	a4,0(a5)
  RCC->CTLR &= (uint32_t)0xFFFBFFFF;
 4ea:	4398                	lw	a4,0(a5)
 4ec:	fffc06b7          	lui	a3,0xfffc0
 4f0:	16fd                	addi	a3,a3,-1 # fffbffff <_eusrstack+0xdffb7fff>
 4f2:	8f75                	and	a4,a4,a3
 4f4:	c398                	sw	a4,0(a5)
  RCC->CFGR0 &= (uint32_t)0xFF80FFFF;
 4f6:	43d8                	lw	a4,4(a5)
 4f8:	ff8106b7          	lui	a3,0xff810
 4fc:	16fd                	addi	a3,a3,-1 # ff80ffff <_eusrstack+0xdf807fff>
 4fe:	8f75                	and	a4,a4,a3
 500:	c3d8                	sw	a4,4(a5)
  RCC->CTLR &= (uint32_t)0xEBFFFFFF;
 502:	4398                	lw	a4,0(a5)
 504:	ec0006b7          	lui	a3,0xec000
 508:	16fd                	addi	a3,a3,-1 # ebffffff <_eusrstack+0xcbff7fff>
 50a:	8f75                	and	a4,a4,a3
 50c:	c398                	sw	a4,0(a5)
  RCC->INTR = 0x00FF0000;
 50e:	00ff0737          	lui	a4,0xff0
 512:	c798                	sw	a4,8(a5)
  RCC->CFGR2 = 0x00000000;
 514:	0207a623          	sw	zero,44(a5) # 4002102c <_eusrstack+0x2001902c>
  __IO uint32_t StartUpCounter = 0, HSEStatus = 0;
 518:	fe042423          	sw	zero,-24(s0)
 51c:	fe042623          	sw	zero,-20(s0)
  RCC->CTLR |= ((uint32_t)RCC_HSEON);
 520:	4398                	lw	a4,0(a5)
 522:	66c1                	lui	a3,0x10
 524:	8f55                	or	a4,a4,a3
 526:	c398                	sw	a4,0(a5)
    StartUpCounter++;
  } while((HSEStatus == 0) && (StartUpCounter != HSE_STARTUP_TIMEOUT));
 528:	6685                	lui	a3,0x1
    HSEStatus = RCC->CTLR & RCC_HSERDY;
 52a:	4398                	lw	a4,0(a5)
 52c:	8f71                	and	a4,a4,a2
 52e:	fee42623          	sw	a4,-20(s0)
    StartUpCounter++;
 532:	fe842703          	lw	a4,-24(s0)
 536:	0705                	addi	a4,a4,1 # ff0001 <__stack_size+0xfef801>
 538:	fee42423          	sw	a4,-24(s0)
  } while((HSEStatus == 0) && (StartUpCounter != HSE_STARTUP_TIMEOUT));
 53c:	fec42703          	lw	a4,-20(s0)
 540:	e709                	bnez	a4,54a <SystemInit+0x8e>
 542:	fe842703          	lw	a4,-24(s0)
 546:	fed712e3          	bne	a4,a3,52a <SystemInit+0x6e>

  if ((RCC->CTLR & RCC_HSERDY) != RESET)
 54a:	4398                	lw	a4,0(a5)
 54c:	4785                	li	a5,1
 54e:	00e71693          	slli	a3,a4,0xe
 552:	0606dd63          	bgez	a3,5cc <SystemInit+0x110>
  {
    HSEStatus = (uint32_t)0x01;
 556:	fef42623          	sw	a5,-20(s0)
  else
  {
    HSEStatus = (uint32_t)0x00;
  }

  if (HSEStatus == (uint32_t)0x01)
 55a:	fec42703          	lw	a4,-20(s0)
 55e:	04f71f63          	bne	a4,a5,5bc <SystemInit+0x100>
  {
    /* HCLK = SYSCLK */
    RCC->CFGR0 |= (uint32_t)RCC_HPRE_DIV1;
 562:	400217b7          	lui	a5,0x40021
 566:	43d8                	lw	a4,4(a5)
    RCC->CFGR0 |= (uint32_t)RCC_PPRE2_DIV1;
    /* PCLK1 = HCLK */
    RCC->CFGR0 |= (uint32_t)RCC_PPRE1_DIV2;

    /*  PLL configuration: PLLCLK = HSE * 12 = 96 MHz */
    RCC->CFGR0 &= (uint32_t)((uint32_t)~(RCC_PLLSRC | RCC_PLLXTPRE |
 568:	ffc106b7          	lui	a3,0xffc10
 56c:	16fd                	addi	a3,a3,-1 # ffc0ffff <_eusrstack+0xdfc07fff>
    RCC->CFGR0 |= (uint32_t)RCC_HPRE_DIV1;
 56e:	c3d8                	sw	a4,4(a5)
    RCC->CFGR0 |= (uint32_t)RCC_PPRE2_DIV1;
 570:	43d8                	lw	a4,4(a5)
 572:	c3d8                	sw	a4,4(a5)
    RCC->CFGR0 |= (uint32_t)RCC_PPRE1_DIV2;
 574:	43d8                	lw	a4,4(a5)
 576:	40076713          	ori	a4,a4,1024
 57a:	c3d8                	sw	a4,4(a5)
    RCC->CFGR0 &= (uint32_t)((uint32_t)~(RCC_PLLSRC | RCC_PLLXTPRE |
 57c:	43d8                	lw	a4,4(a5)
 57e:	8f75                	and	a4,a4,a3
 580:	c3d8                	sw	a4,4(a5)
                                        RCC_PLLMULL));

#ifdef CH32V30x_D8
        RCC->CFGR0 |= (uint32_t)(RCC_PLLSRC_HSE | RCC_PLLXTPRE_HSE | RCC_PLLMULL12);
#else
        RCC->CFGR0 |= (uint32_t)(RCC_PLLSRC_HSE | RCC_PLLXTPRE_HSE | RCC_PLLMULL12_EXTEN);
 582:	43d8                	lw	a4,4(a5)
 584:	002906b7          	lui	a3,0x290
 588:	8f55                	or	a4,a4,a3
 58a:	c3d8                	sw	a4,4(a5)
#endif

    /* Enable PLL */
    RCC->CTLR |= RCC_PLLON;
 58c:	4398                	lw	a4,0(a5)
 58e:	010006b7          	lui	a3,0x1000
 592:	8f55                	or	a4,a4,a3
 594:	c398                	sw	a4,0(a5)
    /* Wait till PLL is ready */
    while((RCC->CTLR & RCC_PLLRDY) == 0)
 596:	4398                	lw	a4,0(a5)
 598:	00671693          	slli	a3,a4,0x6
 59c:	fe06dde3          	bgez	a3,596 <SystemInit+0xda>
    {
    }
    /* Select PLL as system clock source */
    RCC->CFGR0 &= (uint32_t)((uint32_t)~(RCC_SW));
 5a0:	43d8                	lw	a4,4(a5)
    RCC->CFGR0 |= (uint32_t)RCC_SW_PLL;
    /* Wait till PLL is used as system clock source */
    while ((RCC->CFGR0 & (uint32_t)RCC_SWS) != (uint32_t)0x08)
 5a2:	400216b7          	lui	a3,0x40021
    RCC->CFGR0 &= (uint32_t)((uint32_t)~(RCC_SW));
 5a6:	9b71                	andi	a4,a4,-4
 5a8:	c3d8                	sw	a4,4(a5)
    RCC->CFGR0 |= (uint32_t)RCC_SW_PLL;
 5aa:	43d8                	lw	a4,4(a5)
 5ac:	00276713          	ori	a4,a4,2
 5b0:	c3d8                	sw	a4,4(a5)
    while ((RCC->CFGR0 & (uint32_t)RCC_SWS) != (uint32_t)0x08)
 5b2:	4721                	li	a4,8
 5b4:	42dc                	lw	a5,4(a3)
 5b6:	8bb1                	andi	a5,a5,12
 5b8:	fee79ee3          	bne	a5,a4,5b4 <SystemInit+0xf8>
}
 5bc:	40f2                	lw	ra,28(sp)
 5be:	4462                	lw	s0,24(sp)
 5c0:	6105                	addi	sp,sp,32
 5c2:	4601                	li	a2,0
 5c4:	4681                	li	a3,0
 5c6:	4701                	li	a4,0
 5c8:	4781                	li	a5,0
 5ca:	8082                	ret
    HSEStatus = (uint32_t)0x00;
 5cc:	fe042623          	sw	zero,-20(s0)
 5d0:	b769                	j	55a <SystemInit+0x9e>

000005d2 <_fini>:

    curbrk += incr;
    return curbrk - incr;
}

void _fini(){}
 5d2:	1141                	addi	sp,sp,-16
 5d4:	c422                	sw	s0,8(sp)
 5d6:	c606                	sw	ra,12(sp)
 5d8:	0800                	addi	s0,sp,16
 5da:	40b2                	lw	ra,12(sp)
 5dc:	4422                	lw	s0,8(sp)
 5de:	0141                	addi	sp,sp,16
 5e0:	8082                	ret

000005e2 <_init>:
void _init(){}
 5e2:	1141                	addi	sp,sp,-16
 5e4:	c422                	sw	s0,8(sp)
 5e6:	c606                	sw	ra,12(sp)
 5e8:	0800                	addi	s0,sp,16
 5ea:	40b2                	lw	ra,12(sp)
 5ec:	4422                	lw	s0,8(sp)
 5ee:	0141                	addi	sp,sp,16
 5f0:	8082                	ret
    .weak   DMA2_Channel8_IRQHandler   /* DMA2 Channel 8 */
    .weak   DMA2_Channel9_IRQHandler   /* DMA2 Channel 9 */
    .weak   DMA2_Channel10_IRQHandler  /* DMA2 Channel 10 */
    .weak   DMA2_Channel11_IRQHandler  /* DMA2 Channel 11 */

NMI_Handler:  1:  j 1b
 5f2:	a001                	j	5f2 <_init+0x10>
HardFault_Handler:  1:  j 1b
 5f4:	a001                	j	5f4 <_init+0x12>

000005f6 <Ecall_M_Mode_Handler>:
Ecall_M_Mode_Handler:  1:  j 1b
 5f6:	a001                	j	5f6 <Ecall_M_Mode_Handler>

000005f8 <Ecall_U_Mode_Handler>:
Ecall_U_Mode_Handler:  1:  j 1b
 5f8:	a001                	j	5f8 <Ecall_U_Mode_Handler>

000005fa <Break_Point_Handler>:
Break_Point_Handler:  1:  j 1b
 5fa:	a001                	j	5fa <Break_Point_Handler>

000005fc <SysTick_Handler>:
SysTick_Handler:  1:  j 1b
 5fc:	a001                	j	5fc <SysTick_Handler>

000005fe <SW_Handler>:
SW_Handler:  1:  j 1b
 5fe:	a001                	j	5fe <SW_Handler>

00000600 <WWDG_IRQHandler>:
WWDG_IRQHandler:  1:  j 1b
 600:	a001                	j	600 <WWDG_IRQHandler>

00000602 <PVD_IRQHandler>:
PVD_IRQHandler:  1:  j 1b
 602:	a001                	j	602 <PVD_IRQHandler>

00000604 <TAMPER_IRQHandler>:
TAMPER_IRQHandler:  1:  j 1b
 604:	a001                	j	604 <TAMPER_IRQHandler>

00000606 <RTC_IRQHandler>:
RTC_IRQHandler:  1:  j 1b
 606:	a001                	j	606 <RTC_IRQHandler>

00000608 <FLASH_IRQHandler>:
FLASH_IRQHandler:  1:  j 1b
 608:	a001                	j	608 <FLASH_IRQHandler>

0000060a <RCC_IRQHandler>:
RCC_IRQHandler:  1:  j 1b
 60a:	a001                	j	60a <RCC_IRQHandler>

0000060c <EXTI0_IRQHandler>:
EXTI0_IRQHandler:  1:  j 1b
 60c:	a001                	j	60c <EXTI0_IRQHandler>

0000060e <EXTI1_IRQHandler>:
EXTI1_IRQHandler:  1:  j 1b
 60e:	a001                	j	60e <EXTI1_IRQHandler>

00000610 <EXTI2_IRQHandler>:
EXTI2_IRQHandler:  1:  j 1b
 610:	a001                	j	610 <EXTI2_IRQHandler>

00000612 <EXTI3_IRQHandler>:
EXTI3_IRQHandler:  1:  j 1b
 612:	a001                	j	612 <EXTI3_IRQHandler>

00000614 <EXTI4_IRQHandler>:
EXTI4_IRQHandler:  1:  j 1b
 614:	a001                	j	614 <EXTI4_IRQHandler>

00000616 <DMA1_Channel1_IRQHandler>:
DMA1_Channel1_IRQHandler:  1:  j 1b
 616:	a001                	j	616 <DMA1_Channel1_IRQHandler>

00000618 <DMA1_Channel2_IRQHandler>:
DMA1_Channel2_IRQHandler:  1:  j 1b
 618:	a001                	j	618 <DMA1_Channel2_IRQHandler>

0000061a <DMA1_Channel3_IRQHandler>:
DMA1_Channel3_IRQHandler:  1:  j 1b
 61a:	a001                	j	61a <DMA1_Channel3_IRQHandler>

0000061c <DMA1_Channel4_IRQHandler>:
DMA1_Channel4_IRQHandler:  1:  j 1b
 61c:	a001                	j	61c <DMA1_Channel4_IRQHandler>

0000061e <DMA1_Channel5_IRQHandler>:
DMA1_Channel5_IRQHandler:  1:  j 1b
 61e:	a001                	j	61e <DMA1_Channel5_IRQHandler>

00000620 <DMA1_Channel6_IRQHandler>:
DMA1_Channel6_IRQHandler:  1:  j 1b
 620:	a001                	j	620 <DMA1_Channel6_IRQHandler>

00000622 <DMA1_Channel7_IRQHandler>:
DMA1_Channel7_IRQHandler:  1:  j 1b
 622:	a001                	j	622 <DMA1_Channel7_IRQHandler>

00000624 <ADC1_2_IRQHandler>:
ADC1_2_IRQHandler:  1:  j 1b
 624:	a001                	j	624 <ADC1_2_IRQHandler>

00000626 <USB_HP_CAN1_TX_IRQHandler>:
USB_HP_CAN1_TX_IRQHandler:  1:  j 1b
 626:	a001                	j	626 <USB_HP_CAN1_TX_IRQHandler>

00000628 <USB_LP_CAN1_RX0_IRQHandler>:
USB_LP_CAN1_RX0_IRQHandler:  1:  j 1b
 628:	a001                	j	628 <USB_LP_CAN1_RX0_IRQHandler>

0000062a <CAN1_RX1_IRQHandler>:
CAN1_RX1_IRQHandler:  1:  j 1b
 62a:	a001                	j	62a <CAN1_RX1_IRQHandler>

0000062c <CAN1_SCE_IRQHandler>:
CAN1_SCE_IRQHandler:  1:  j 1b
 62c:	a001                	j	62c <CAN1_SCE_IRQHandler>

0000062e <EXTI9_5_IRQHandler>:
EXTI9_5_IRQHandler:  1:  j 1b
 62e:	a001                	j	62e <EXTI9_5_IRQHandler>

00000630 <TIM1_BRK_IRQHandler>:
TIM1_BRK_IRQHandler:  1:  j 1b
 630:	a001                	j	630 <TIM1_BRK_IRQHandler>

00000632 <TIM1_UP_IRQHandler>:
TIM1_UP_IRQHandler:  1:  j 1b
 632:	a001                	j	632 <TIM1_UP_IRQHandler>

00000634 <TIM1_TRG_COM_IRQHandler>:
TIM1_TRG_COM_IRQHandler:  1:  j 1b
 634:	a001                	j	634 <TIM1_TRG_COM_IRQHandler>

00000636 <TIM1_CC_IRQHandler>:
TIM1_CC_IRQHandler:  1:  j 1b
 636:	a001                	j	636 <TIM1_CC_IRQHandler>

00000638 <TIM2_IRQHandler>:
TIM2_IRQHandler:  1:  j 1b
 638:	a001                	j	638 <TIM2_IRQHandler>

0000063a <TIM3_IRQHandler>:
TIM3_IRQHandler:  1:  j 1b
 63a:	a001                	j	63a <TIM3_IRQHandler>

0000063c <TIM4_IRQHandler>:
TIM4_IRQHandler:  1:  j 1b
 63c:	a001                	j	63c <TIM4_IRQHandler>

0000063e <I2C1_EV_IRQHandler>:
I2C1_EV_IRQHandler:  1:  j 1b
 63e:	a001                	j	63e <I2C1_EV_IRQHandler>

00000640 <I2C1_ER_IRQHandler>:
I2C1_ER_IRQHandler:  1:  j 1b
 640:	a001                	j	640 <I2C1_ER_IRQHandler>

00000642 <I2C2_EV_IRQHandler>:
I2C2_EV_IRQHandler:  1:  j 1b
 642:	a001                	j	642 <I2C2_EV_IRQHandler>

00000644 <I2C2_ER_IRQHandler>:
I2C2_ER_IRQHandler:  1:  j 1b
 644:	a001                	j	644 <I2C2_ER_IRQHandler>

00000646 <SPI1_IRQHandler>:
SPI1_IRQHandler:  1:  j 1b
 646:	a001                	j	646 <SPI1_IRQHandler>

00000648 <SPI2_IRQHandler>:
SPI2_IRQHandler:  1:  j 1b
 648:	a001                	j	648 <SPI2_IRQHandler>

0000064a <USART1_IRQHandler>:
USART1_IRQHandler:  1:  j 1b
 64a:	a001                	j	64a <USART1_IRQHandler>

0000064c <USART2_IRQHandler>:
USART2_IRQHandler:  1:  j 1b
 64c:	a001                	j	64c <USART2_IRQHandler>

0000064e <USART3_IRQHandler>:
USART3_IRQHandler:  1:  j 1b
 64e:	a001                	j	64e <USART3_IRQHandler>

00000650 <EXTI15_10_IRQHandler>:
EXTI15_10_IRQHandler:  1:  j 1b
 650:	a001                	j	650 <EXTI15_10_IRQHandler>

00000652 <RTCAlarm_IRQHandler>:
RTCAlarm_IRQHandler:  1:  j 1b
 652:	a001                	j	652 <RTCAlarm_IRQHandler>

00000654 <TIM8_BRK_IRQHandler>:
TIM8_BRK_IRQHandler:  1:  j 1b
 654:	a001                	j	654 <TIM8_BRK_IRQHandler>

00000656 <TIM8_UP_IRQHandler>:
TIM8_UP_IRQHandler:  1:  j 1b
 656:	a001                	j	656 <TIM8_UP_IRQHandler>

00000658 <TIM8_TRG_COM_IRQHandler>:
TIM8_TRG_COM_IRQHandler:  1:  j 1b
 658:	a001                	j	658 <TIM8_TRG_COM_IRQHandler>

0000065a <TIM8_CC_IRQHandler>:
TIM8_CC_IRQHandler:  1:  j 1b
 65a:	a001                	j	65a <TIM8_CC_IRQHandler>

0000065c <RNG_IRQHandler>:
RNG_IRQHandler:  1:  j 1b
 65c:	a001                	j	65c <RNG_IRQHandler>

0000065e <FSMC_IRQHandler>:
FSMC_IRQHandler:  1:  j 1b
 65e:	a001                	j	65e <FSMC_IRQHandler>

00000660 <SDIO_IRQHandler>:
SDIO_IRQHandler:  1:  j 1b
 660:	a001                	j	660 <SDIO_IRQHandler>

00000662 <TIM5_IRQHandler>:
TIM5_IRQHandler:  1:  j 1b
 662:	a001                	j	662 <TIM5_IRQHandler>

00000664 <SPI3_IRQHandler>:
SPI3_IRQHandler:  1:  j 1b
 664:	a001                	j	664 <SPI3_IRQHandler>

00000666 <UART4_IRQHandler>:
UART4_IRQHandler:  1:  j 1b
 666:	a001                	j	666 <UART4_IRQHandler>

00000668 <UART5_IRQHandler>:
UART5_IRQHandler:  1:  j 1b
 668:	a001                	j	668 <UART5_IRQHandler>

0000066a <TIM6_IRQHandler>:
TIM6_IRQHandler:  1:  j 1b
 66a:	a001                	j	66a <TIM6_IRQHandler>

0000066c <TIM7_IRQHandler>:
TIM7_IRQHandler:  1:  j 1b
 66c:	a001                	j	66c <TIM7_IRQHandler>

0000066e <DMA2_Channel1_IRQHandler>:
DMA2_Channel1_IRQHandler:  1:  j 1b
 66e:	a001                	j	66e <DMA2_Channel1_IRQHandler>

00000670 <DMA2_Channel2_IRQHandler>:
DMA2_Channel2_IRQHandler:  1:  j 1b
 670:	a001                	j	670 <DMA2_Channel2_IRQHandler>

00000672 <DMA2_Channel3_IRQHandler>:
DMA2_Channel3_IRQHandler:  1:  j 1b
 672:	a001                	j	672 <DMA2_Channel3_IRQHandler>

00000674 <DMA2_Channel4_IRQHandler>:
DMA2_Channel4_IRQHandler:  1:  j 1b
 674:	a001                	j	674 <DMA2_Channel4_IRQHandler>

00000676 <DMA2_Channel5_IRQHandler>:
DMA2_Channel5_IRQHandler:  1:  j 1b
 676:	a001                	j	676 <DMA2_Channel5_IRQHandler>

00000678 <OTG_FS_IRQHandler>:
OTG_FS_IRQHandler:  1:  j 1b
 678:	a001                	j	678 <OTG_FS_IRQHandler>

0000067a <UART6_IRQHandler>:
UART6_IRQHandler:  1:  j 1b
 67a:	a001                	j	67a <UART6_IRQHandler>

0000067c <UART7_IRQHandler>:
UART7_IRQHandler:  1:  j 1b
 67c:	a001                	j	67c <UART7_IRQHandler>

0000067e <UART8_IRQHandler>:
UART8_IRQHandler:  1:  j 1b
 67e:	a001                	j	67e <UART8_IRQHandler>

00000680 <TIM9_BRK_IRQHandler>:
TIM9_BRK_IRQHandler:  1:  j 1b
 680:	a001                	j	680 <TIM9_BRK_IRQHandler>

00000682 <TIM9_UP_IRQHandler>:
TIM9_UP_IRQHandler:  1:  j 1b
 682:	a001                	j	682 <TIM9_UP_IRQHandler>

00000684 <TIM9_TRG_COM_IRQHandler>:
TIM9_TRG_COM_IRQHandler:  1:  j 1b
 684:	a001                	j	684 <TIM9_TRG_COM_IRQHandler>

00000686 <TIM9_CC_IRQHandler>:
TIM9_CC_IRQHandler:  1:  j 1b
 686:	a001                	j	686 <TIM9_CC_IRQHandler>

00000688 <TIM10_BRK_IRQHandler>:
TIM10_BRK_IRQHandler:  1:  j 1b
 688:	a001                	j	688 <TIM10_BRK_IRQHandler>

0000068a <TIM10_UP_IRQHandler>:
TIM10_UP_IRQHandler:  1:  j 1b
 68a:	a001                	j	68a <TIM10_UP_IRQHandler>

0000068c <TIM10_TRG_COM_IRQHandler>:
TIM10_TRG_COM_IRQHandler:  1:  j 1b
 68c:	a001                	j	68c <TIM10_TRG_COM_IRQHandler>

0000068e <TIM10_CC_IRQHandler>:
TIM10_CC_IRQHandler:  1:  j 1b
 68e:	a001                	j	68e <TIM10_CC_IRQHandler>

00000690 <DMA2_Channel6_IRQHandler>:
DMA2_Channel6_IRQHandler:  1:  j 1b
 690:	a001                	j	690 <DMA2_Channel6_IRQHandler>

00000692 <DMA2_Channel7_IRQHandler>:
DMA2_Channel7_IRQHandler:  1:  j 1b
 692:	a001                	j	692 <DMA2_Channel7_IRQHandler>

00000694 <DMA2_Channel8_IRQHandler>:
DMA2_Channel8_IRQHandler:  1:  j 1b
 694:	a001                	j	694 <DMA2_Channel8_IRQHandler>

00000696 <DMA2_Channel9_IRQHandler>:
DMA2_Channel9_IRQHandler:  1:  j 1b
 696:	a001                	j	696 <DMA2_Channel9_IRQHandler>

00000698 <DMA2_Channel10_IRQHandler>:
DMA2_Channel10_IRQHandler:  1:  j 1b
 698:	a001                	j	698 <DMA2_Channel10_IRQHandler>

0000069a <DMA2_Channel11_IRQHandler>:
DMA2_Channel11_IRQHandler:  1:  j 1b
 69a:	a001                	j	69a <DMA2_Channel11_IRQHandler>

0000069c <handle_reset>:
	.weak	handle_reset
	.align	1
handle_reset:
.option push
.option	norelax
	la gp, __global_pointer$
 69c:	20000197          	auipc	gp,0x20000
 6a0:	16418193          	addi	gp,gp,356 # 20000800 <__global_pointer$>
.option	pop
1:
	la sp, _eusrstack
 6a4:	20008117          	auipc	sp,0x20008
 6a8:	95c10113          	addi	sp,sp,-1700 # 20008000 <_eusrstack>
2:
	/* Load data section from flash to RAM */
	la a0, _data_lma
 6ac:	73800513          	li	a0,1848
	la a1, _data_vma
 6b0:	20000597          	auipc	a1,0x20000
 6b4:	95058593          	addi	a1,a1,-1712 # 20000000 <_data_vma>
	la a2, _edata
 6b8:	20000617          	auipc	a2,0x20000
 6bc:	94860613          	addi	a2,a2,-1720 # 20000000 <_data_vma>
	bgeu a1, a2, 2f
 6c0:	00c5fa63          	bgeu	a1,a2,6d4 <handle_reset+0x38>
1:
	lw t0, (a0)
 6c4:	00052283          	lw	t0,0(a0) # 40011000 <_eusrstack+0x20009000>
	sw t0, (a1)
 6c8:	0055a023          	sw	t0,0(a1)
	addi a0, a0, 4
 6cc:	0511                	addi	a0,a0,4
	addi a1, a1, 4
 6ce:	0591                	addi	a1,a1,4
	bltu a1, a2, 1b
 6d0:	fec5eae3          	bltu	a1,a2,6c4 <handle_reset+0x28>
2:
	/* Clear bss section */
	la a0, _sbss
 6d4:	20000517          	auipc	a0,0x20000
 6d8:	92c50513          	addi	a0,a0,-1748 # 20000000 <_data_vma>
	la a1, _ebss
 6dc:	20000597          	auipc	a1,0x20000
 6e0:	92458593          	addi	a1,a1,-1756 # 20000000 <_data_vma>
	bgeu a0, a1, 2f
 6e4:	00b57763          	bgeu	a0,a1,6f2 <handle_reset+0x56>
1:
	sw zero, (a0)
 6e8:	00052023          	sw	zero,0(a0)
	addi a0, a0, 4
 6ec:	0511                	addi	a0,a0,4
	bltu a0, a1, 1b
 6ee:	feb56de3          	bltu	a0,a1,6e8 <handle_reset+0x4c>
2:
    li t0, 0x1f
 6f2:	42fd                	li	t0,31
    csrw 0xbc0, t0
 6f4:	bc029073          	csrw	0xbc0,t0

    /* Enable nested and hardware stack */
	li t0, 0x0b
 6f8:	42ad                	li	t0,11
	csrw 0x804, t0
 6fa:	80429073          	csrw	0x804,t0

    /* Enable floating point and interrupt */
   	li t0, 0x6088
 6fe:	6299                	lui	t0,0x6
 700:	08828293          	addi	t0,t0,136 # 6088 <__stack_size+0x5888>
   	csrs mstatus, t0
 704:	3002a073          	csrs	mstatus,t0

 	la t0, _vector_base
 708:	00000297          	auipc	t0,0x0
 70c:	93028293          	addi	t0,t0,-1744 # 38 <_einit>
    ori t0, t0, 3
 710:	0032e293          	ori	t0,t0,3
	csrw mtvec, t0
 714:	30529073          	csrw	mtvec,t0

    jal  SystemInit
 718:	da5ff0ef          	jal	4bc <SystemInit>
	la t0, main
 71c:	00000297          	auipc	t0,0x0
 720:	c0a28293          	addi	t0,t0,-1014 # 326 <main>
	csrw mepc, t0
 724:	34129073          	csrw	mepc,t0
	mret
 728:	30200073          	mret
 72c:	8000                	.insn	2, 0x8000
 72e:	0000                	unimp
 730:	0002                	c.slli64	zero
 732:	0000                	unimp
 734:	0010                	.insn	2, 0x0010
	...
