
/home/blank/Engineering/MCU/WCH_1/CH32V20x/Project/blink/build/blink.elf:     file format elf32-littleriscv


Disassembly of section .init:

00000000 <_sinit>:
   0:	45c0006f          	j	45c <handle_reset>
   4:	00000013          	.word	0x00000013
   8:	00000013          	.word	0x00000013
   c:	00000013          	.word	0x00000013
  10:	00000013          	.word	0x00000013
  14:	00000013          	.word	0x00000013
  18:	00000013          	.word	0x00000013
  1c:	00000013          	.word	0x00000013
  20:	00000013          	.word	0x00000013
  24:	00000013          	.word	0x00000013
  28:	00000013          	.word	0x00000013
  2c:	00000013          	.word	0x00000013
  30:	00000013          	.word	0x00000013
  34:	00100073          	.word	0x00100073

Disassembly of section .vector:

00000038 <_vector_base>:
	...
  40:	000003e6          	.word	0x000003e6
  44:	000003e8          	.word	0x000003e8
  48:	00000000          	.word	0x00000000
  4c:	000003ea          	.word	0x000003ea
	...
  58:	000003ec          	.word	0x000003ec
  5c:	000003ee          	.word	0x000003ee
	...
  68:	000003f0          	.word	0x000003f0
  6c:	00000000          	.word	0x00000000
  70:	000003f2          	.word	0x000003f2
  74:	00000000          	.word	0x00000000
  78:	000003f4          	.word	0x000003f4
  7c:	000003f6          	.word	0x000003f6
  80:	000003f8          	.word	0x000003f8
  84:	000003fa          	.word	0x000003fa
  88:	000003fc          	.word	0x000003fc
  8c:	000003fe          	.word	0x000003fe
  90:	00000400          	.word	0x00000400
  94:	00000402          	.word	0x00000402
  98:	00000404          	.word	0x00000404
  9c:	00000406          	.word	0x00000406
  a0:	00000408          	.word	0x00000408
  a4:	0000040a          	.word	0x0000040a
  a8:	0000040c          	.word	0x0000040c
  ac:	0000040e          	.word	0x0000040e
  b0:	00000410          	.word	0x00000410
  b4:	00000412          	.word	0x00000412
  b8:	00000414          	.word	0x00000414
  bc:	00000416          	.word	0x00000416
  c0:	00000418          	.word	0x00000418
  c4:	0000041a          	.word	0x0000041a
  c8:	0000041c          	.word	0x0000041c
  cc:	0000041e          	.word	0x0000041e
  d0:	00000420          	.word	0x00000420
  d4:	00000422          	.word	0x00000422
  d8:	00000424          	.word	0x00000424
  dc:	00000426          	.word	0x00000426
  e0:	00000428          	.word	0x00000428
  e4:	0000042a          	.word	0x0000042a
  e8:	0000042c          	.word	0x0000042c
  ec:	0000042e          	.word	0x0000042e
  f0:	00000430          	.word	0x00000430
  f4:	00000432          	.word	0x00000432
  f8:	00000434          	.word	0x00000434
  fc:	00000436          	.word	0x00000436
 100:	00000438          	.word	0x00000438
 104:	0000043a          	.word	0x0000043a
 108:	0000043c          	.word	0x0000043c
 10c:	0000043e          	.word	0x0000043e
 110:	00000440          	.word	0x00000440
 114:	00000442          	.word	0x00000442
 118:	00000444          	.word	0x00000444
 11c:	00000446          	.word	0x00000446
 120:	00000448          	.word	0x00000448
 124:	0000044a          	.word	0x0000044a
 128:	0000044c          	.word	0x0000044c
 12c:	0000044e          	.word	0x0000044e
 130:	00000450          	.word	0x00000450
	...
 13c:	00000452          	.word	0x00000452
 140:	00000458          	.word	0x00000458
 144:	0000045a          	.word	0x0000045a
 148:	00000454          	.word	0x00000454
 14c:	00000456          	.word	0x00000456
	...

Disassembly of section .text:

00000180 <main>:
 180:	1101                	addi	sp,sp,-32
 182:	cc22                	sw	s0,24(sp)
 184:	ce06                	sw	ra,28(sp)
 186:	1000                	addi	s0,sp,32
 188:	4585                	li	a1,1
 18a:	4541                	li	a0,16
 18c:	2a6d                	jal	346 <RCC_APB2PeriphClockCmd>
 18e:	67a1                	lui	a5,0x8
 190:	fef42223          	sw	a5,-28(s0)
 194:	478d                	li	a5,3
 196:	fef42423          	sw	a5,-24(s0)
 19a:	fe440593          	addi	a1,s0,-28
 19e:	47c1                	li	a5,16
 1a0:	40011537          	lui	a0,0x40011
 1a4:	fef42623          	sw	a5,-20(s0)
 1a8:	2005                	jal	1c8 <GPIO_Init>
 1aa:	65a1                	lui	a1,0x8
 1ac:	40011537          	lui	a0,0x40011
 1b0:	2a3d                	jal	2ee <GPIO_SetBits>
 1b2:	1f400513          	li	a0,500
 1b6:	2a7d                	jal	374 <Delay_Ms>
 1b8:	65a1                	lui	a1,0x8
 1ba:	40011537          	lui	a0,0x40011
 1be:	2ab1                	jal	31a <GPIO_ResetBits>
 1c0:	1f400513          	li	a0,500
 1c4:	2a45                	jal	374 <Delay_Ms>
 1c6:	b7d5                	j	1aa <main+0x2a>

000001c8 <GPIO_Init>:
 1c8:	1141                	addi	sp,sp,-16
 1ca:	c422                	sw	s0,8(sp)
 1cc:	c606                	sw	ra,12(sp)
 1ce:	0800                	addi	s0,sp,16
 1d0:	459c                	lw	a5,8(a1)
 1d2:	0107f713          	andi	a4,a5,16
 1d6:	00f7f813          	andi	a6,a5,15
 1da:	c701                	beqz	a4,1e2 <GPIO_Init+0x1a>
 1dc:	41d8                	lw	a4,4(a1)
 1de:	00e86833          	or	a6,a6,a4
 1e2:	40022737          	lui	a4,0x40022
 1e6:	5b14                	lw	a3,48(a4)
 1e8:	40011737          	lui	a4,0x40011
 1ec:	0186d613          	srli	a2,a3,0x18
 1f0:	8a3d                	andi	a2,a2,15
 1f2:	ee71                	bnez	a2,2ce <GPIO_Init+0x106>
 1f4:	4685                	li	a3,1
 1f6:	20000617          	auipc	a2,0x20000
 1fa:	e0d60523          	sb	a3,-502(a2) # 20000000 <MCU_Version>
 1fe:	00e51763          	bne	a0,a4,20c <GPIO_Init+0x44>
 202:	0005d703          	lhu	a4,0(a1) # 8000 <_data_lma+0x7a10>
 206:	8335                	srli	a4,a4,0xd
 208:	00e59023          	sh	a4,0(a1)
 20c:	0005d583          	lhu	a1,0(a1)
 210:	0ff5f713          	zext.b	a4,a1
 214:	c339                	beqz	a4,25a <GPIO_Init+0x92>
 216:	4118                	lw	a4,0(a0)
 218:	4681                	li	a3,0
 21a:	4e85                	li	t4,1
 21c:	4f3d                	li	t5,15
 21e:	02800f93          	li	t6,40
 222:	04800293          	li	t0,72
 226:	4e21                	li	t3,8
 228:	00de9633          	sll	a2,t4,a3
 22c:	00c5f8b3          	and	a7,a1,a2
 230:	03161163          	bne	a2,a7,252 <GPIO_Init+0x8a>
 234:	00269893          	slli	a7,a3,0x2
 238:	011f1333          	sll	t1,t5,a7
 23c:	fff34313          	not	t1,t1
 240:	00e37733          	and	a4,t1,a4
 244:	011818b3          	sll	a7,a6,a7
 248:	00e8e733          	or	a4,a7,a4
 24c:	09f79963          	bne	a5,t6,2de <GPIO_Init+0x116>
 250:	c950                	sw	a2,20(a0)
 252:	0685                	addi	a3,a3,1
 254:	fdc69ae3          	bne	a3,t3,228 <GPIO_Init+0x60>
 258:	c118                	sw	a4,0(a0)
 25a:	0ff00713          	li	a4,255
 25e:	04b77663          	bgeu	a4,a1,2aa <GPIO_Init+0xe2>
 262:	4154                	lw	a3,4(a0)
 264:	4601                	li	a2,0
 266:	4e85                	li	t4,1
 268:	4f3d                	li	t5,15
 26a:	02800f93          	li	t6,40
 26e:	04800293          	li	t0,72
 272:	4e21                	li	t3,8
 274:	00860713          	addi	a4,a2,8
 278:	00ee9733          	sll	a4,t4,a4
 27c:	00e5f8b3          	and	a7,a1,a4
 280:	03171163          	bne	a4,a7,2a2 <GPIO_Init+0xda>
 284:	00261893          	slli	a7,a2,0x2
 288:	011f1333          	sll	t1,t5,a7
 28c:	fff34313          	not	t1,t1
 290:	00d376b3          	and	a3,t1,a3
 294:	011818b3          	sll	a7,a6,a7
 298:	00d8e6b3          	or	a3,a7,a3
 29c:	05f79563          	bne	a5,t6,2e6 <GPIO_Init+0x11e>
 2a0:	c958                	sw	a4,20(a0)
 2a2:	0605                	addi	a2,a2,1
 2a4:	fdc618e3          	bne	a2,t3,274 <GPIO_Init+0xac>
 2a8:	c154                	sw	a3,4(a0)
 2aa:	40b2                	lw	ra,12(sp)
 2ac:	4422                	lw	s0,8(sp)
 2ae:	0141                	addi	sp,sp,16
 2b0:	4281                	li	t0,0
 2b2:	4301                	li	t1,0
 2b4:	4501                	li	a0,0
 2b6:	4581                	li	a1,0
 2b8:	4601                	li	a2,0
 2ba:	4681                	li	a3,0
 2bc:	4701                	li	a4,0
 2be:	4781                	li	a5,0
 2c0:	4801                	li	a6,0
 2c2:	4881                	li	a7,0
 2c4:	4e01                	li	t3,0
 2c6:	4e81                	li	t4,0
 2c8:	4f01                	li	t5,0
 2ca:	4f81                	li	t6,0
 2cc:	8082                	ret
 2ce:	f2e51fe3          	bne	a0,a4,20c <GPIO_Init+0x44>
 2d2:	20000717          	auipc	a4,0x20000
 2d6:	d2e74703          	lbu	a4,-722(a4) # 20000000 <MCU_Version>
 2da:	db0d                	beqz	a4,20c <GPIO_Init+0x44>
 2dc:	b71d                	j	202 <GPIO_Init+0x3a>
 2de:	f6579ae3          	bne	a5,t0,252 <GPIO_Init+0x8a>
 2e2:	c910                	sw	a2,16(a0)
 2e4:	b7bd                	j	252 <GPIO_Init+0x8a>
 2e6:	fa579ee3          	bne	a5,t0,2a2 <GPIO_Init+0xda>
 2ea:	c918                	sw	a4,16(a0)
 2ec:	bf5d                	j	2a2 <GPIO_Init+0xda>

000002ee <GPIO_SetBits>:
 2ee:	1141                	addi	sp,sp,-16
 2f0:	c422                	sw	s0,8(sp)
 2f2:	c606                	sw	ra,12(sp)
 2f4:	0800                	addi	s0,sp,16
 2f6:	400117b7          	lui	a5,0x40011
 2fa:	00f51863          	bne	a0,a5,30a <GPIO_SetBits+0x1c>
 2fe:	20000797          	auipc	a5,0x20000
 302:	d027c783          	lbu	a5,-766(a5) # 20000000 <MCU_Version>
 306:	c391                	beqz	a5,30a <GPIO_SetBits+0x1c>
 308:	81b5                	srli	a1,a1,0xd
 30a:	40b2                	lw	ra,12(sp)
 30c:	4422                	lw	s0,8(sp)
 30e:	c90c                	sw	a1,16(a0)
 310:	0141                	addi	sp,sp,16
 312:	4501                	li	a0,0
 314:	4581                	li	a1,0
 316:	4781                	li	a5,0
 318:	8082                	ret

0000031a <GPIO_ResetBits>:
 31a:	1141                	addi	sp,sp,-16
 31c:	c422                	sw	s0,8(sp)
 31e:	c606                	sw	ra,12(sp)
 320:	0800                	addi	s0,sp,16
 322:	400117b7          	lui	a5,0x40011
 326:	00f51863          	bne	a0,a5,336 <GPIO_ResetBits+0x1c>
 32a:	20000797          	auipc	a5,0x20000
 32e:	cd67c783          	lbu	a5,-810(a5) # 20000000 <MCU_Version>
 332:	c391                	beqz	a5,336 <GPIO_ResetBits+0x1c>
 334:	81b5                	srli	a1,a1,0xd
 336:	40b2                	lw	ra,12(sp)
 338:	4422                	lw	s0,8(sp)
 33a:	c94c                	sw	a1,20(a0)
 33c:	0141                	addi	sp,sp,16
 33e:	4501                	li	a0,0
 340:	4581                	li	a1,0
 342:	4781                	li	a5,0
 344:	8082                	ret

00000346 <RCC_APB2PeriphClockCmd>:
 346:	1141                	addi	sp,sp,-16
 348:	c422                	sw	s0,8(sp)
 34a:	c606                	sw	ra,12(sp)
 34c:	0800                	addi	s0,sp,16
 34e:	400217b7          	lui	a5,0x40021
 352:	4f98                	lw	a4,24(a5)
 354:	c999                	beqz	a1,36a <RCC_APB2PeriphClockCmd+0x24>
 356:	8f49                	or	a4,a4,a0
 358:	cf98                	sw	a4,24(a5)
 35a:	40b2                	lw	ra,12(sp)
 35c:	4422                	lw	s0,8(sp)
 35e:	0141                	addi	sp,sp,16
 360:	4501                	li	a0,0
 362:	4581                	li	a1,0
 364:	4701                	li	a4,0
 366:	4781                	li	a5,0
 368:	8082                	ret
 36a:	fff54513          	not	a0,a0
 36e:	8d79                	and	a0,a0,a4
 370:	cf88                	sw	a0,24(a5)
 372:	b7e5                	j	35a <RCC_APB2PeriphClockCmd+0x14>

00000374 <Delay_Ms>:
 374:	1141                	addi	sp,sp,-16
 376:	e000f7b7          	lui	a5,0xe000f
 37a:	c422                	sw	s0,8(sp)
 37c:	c606                	sw	ra,12(sp)
 37e:	0800                	addi	s0,sp,16
 380:	43d8                	lw	a4,4(a5)
 382:	4681                	li	a3,0
 384:	9b79                	andi	a4,a4,-2
 386:	c3d8                	sw	a4,4(a5)
 388:	20000717          	auipc	a4,0x20000
 38c:	c7a75703          	lhu	a4,-902(a4) # 20000002 <p_ms>
 390:	02a70633          	mul	a2,a4,a0
 394:	cb90                	sw	a2,16(a5)
 396:	cbd4                	sw	a3,20(a5)
 398:	4398                	lw	a4,0(a5)
 39a:	01076713          	ori	a4,a4,16
 39e:	c398                	sw	a4,0(a5)
 3a0:	4398                	lw	a4,0(a5)
 3a2:	02176713          	ori	a4,a4,33
 3a6:	c398                	sw	a4,0(a5)
 3a8:	43d8                	lw	a4,4(a5)
 3aa:	8b05                	andi	a4,a4,1
 3ac:	df75                	beqz	a4,3a8 <Delay_Ms+0x34>
 3ae:	4398                	lw	a4,0(a5)
 3b0:	40b2                	lw	ra,12(sp)
 3b2:	4422                	lw	s0,8(sp)
 3b4:	9b79                	andi	a4,a4,-2
 3b6:	c398                	sw	a4,0(a5)
 3b8:	0141                	addi	sp,sp,16
 3ba:	4501                	li	a0,0
 3bc:	4601                	li	a2,0
 3be:	4681                	li	a3,0
 3c0:	4701                	li	a4,0
 3c2:	4781                	li	a5,0
 3c4:	8082                	ret

000003c6 <_fini>:
 3c6:	1141                	addi	sp,sp,-16
 3c8:	c422                	sw	s0,8(sp)
 3ca:	c606                	sw	ra,12(sp)
 3cc:	0800                	addi	s0,sp,16
 3ce:	40b2                	lw	ra,12(sp)
 3d0:	4422                	lw	s0,8(sp)
 3d2:	0141                	addi	sp,sp,16
 3d4:	8082                	ret

000003d6 <_init>:
 3d6:	1141                	addi	sp,sp,-16
 3d8:	c422                	sw	s0,8(sp)
 3da:	c606                	sw	ra,12(sp)
 3dc:	0800                	addi	s0,sp,16
 3de:	40b2                	lw	ra,12(sp)
 3e0:	4422                	lw	s0,8(sp)
 3e2:	0141                	addi	sp,sp,16
 3e4:	8082                	ret

000003e6 <NMI_Handler>:
 3e6:	a001                	j	3e6 <NMI_Handler>

000003e8 <HardFault_Handler>:
 3e8:	a001                	j	3e8 <HardFault_Handler>

000003ea <Ecall_M_Mode_Handler>:
 3ea:	a001                	j	3ea <Ecall_M_Mode_Handler>

000003ec <Ecall_U_Mode_Handler>:
 3ec:	a001                	j	3ec <Ecall_U_Mode_Handler>

000003ee <Break_Point_Handler>:
 3ee:	a001                	j	3ee <Break_Point_Handler>

000003f0 <SysTick_Handler>:
 3f0:	a001                	j	3f0 <SysTick_Handler>

000003f2 <SW_Handler>:
 3f2:	a001                	j	3f2 <SW_Handler>

000003f4 <WWDG_IRQHandler>:
 3f4:	a001                	j	3f4 <WWDG_IRQHandler>

000003f6 <PVD_IRQHandler>:
 3f6:	a001                	j	3f6 <PVD_IRQHandler>

000003f8 <TAMPER_IRQHandler>:
 3f8:	a001                	j	3f8 <TAMPER_IRQHandler>

000003fa <RTC_IRQHandler>:
 3fa:	a001                	j	3fa <RTC_IRQHandler>

000003fc <FLASH_IRQHandler>:
 3fc:	a001                	j	3fc <FLASH_IRQHandler>

000003fe <RCC_IRQHandler>:
 3fe:	a001                	j	3fe <RCC_IRQHandler>

00000400 <EXTI0_IRQHandler>:
 400:	a001                	j	400 <EXTI0_IRQHandler>

00000402 <EXTI1_IRQHandler>:
 402:	a001                	j	402 <EXTI1_IRQHandler>

00000404 <EXTI2_IRQHandler>:
 404:	a001                	j	404 <EXTI2_IRQHandler>

00000406 <EXTI3_IRQHandler>:
 406:	a001                	j	406 <EXTI3_IRQHandler>

00000408 <EXTI4_IRQHandler>:
 408:	a001                	j	408 <EXTI4_IRQHandler>

0000040a <DMA1_Channel1_IRQHandler>:
 40a:	a001                	j	40a <DMA1_Channel1_IRQHandler>

0000040c <DMA1_Channel2_IRQHandler>:
 40c:	a001                	j	40c <DMA1_Channel2_IRQHandler>

0000040e <DMA1_Channel3_IRQHandler>:
 40e:	a001                	j	40e <DMA1_Channel3_IRQHandler>

00000410 <DMA1_Channel4_IRQHandler>:
 410:	a001                	j	410 <DMA1_Channel4_IRQHandler>

00000412 <DMA1_Channel5_IRQHandler>:
 412:	a001                	j	412 <DMA1_Channel5_IRQHandler>

00000414 <DMA1_Channel6_IRQHandler>:
 414:	a001                	j	414 <DMA1_Channel6_IRQHandler>

00000416 <DMA1_Channel7_IRQHandler>:
 416:	a001                	j	416 <DMA1_Channel7_IRQHandler>

00000418 <ADC1_2_IRQHandler>:
 418:	a001                	j	418 <ADC1_2_IRQHandler>

0000041a <USB_HP_CAN1_TX_IRQHandler>:
 41a:	a001                	j	41a <USB_HP_CAN1_TX_IRQHandler>

0000041c <USB_LP_CAN1_RX0_IRQHandler>:
 41c:	a001                	j	41c <USB_LP_CAN1_RX0_IRQHandler>

0000041e <CAN1_RX1_IRQHandler>:
 41e:	a001                	j	41e <CAN1_RX1_IRQHandler>

00000420 <CAN1_SCE_IRQHandler>:
 420:	a001                	j	420 <CAN1_SCE_IRQHandler>

00000422 <EXTI9_5_IRQHandler>:
 422:	a001                	j	422 <EXTI9_5_IRQHandler>

00000424 <TIM1_BRK_IRQHandler>:
 424:	a001                	j	424 <TIM1_BRK_IRQHandler>

00000426 <TIM1_UP_IRQHandler>:
 426:	a001                	j	426 <TIM1_UP_IRQHandler>

00000428 <TIM1_TRG_COM_IRQHandler>:
 428:	a001                	j	428 <TIM1_TRG_COM_IRQHandler>

0000042a <TIM1_CC_IRQHandler>:
 42a:	a001                	j	42a <TIM1_CC_IRQHandler>

0000042c <TIM2_IRQHandler>:
 42c:	a001                	j	42c <TIM2_IRQHandler>

0000042e <TIM3_IRQHandler>:
 42e:	a001                	j	42e <TIM3_IRQHandler>

00000430 <TIM4_IRQHandler>:
 430:	a001                	j	430 <TIM4_IRQHandler>

00000432 <I2C1_EV_IRQHandler>:
 432:	a001                	j	432 <I2C1_EV_IRQHandler>

00000434 <I2C1_ER_IRQHandler>:
 434:	a001                	j	434 <I2C1_ER_IRQHandler>

00000436 <I2C2_EV_IRQHandler>:
 436:	a001                	j	436 <I2C2_EV_IRQHandler>

00000438 <I2C2_ER_IRQHandler>:
 438:	a001                	j	438 <I2C2_ER_IRQHandler>

0000043a <SPI1_IRQHandler>:
 43a:	a001                	j	43a <SPI1_IRQHandler>

0000043c <SPI2_IRQHandler>:
 43c:	a001                	j	43c <SPI2_IRQHandler>

0000043e <USART1_IRQHandler>:
 43e:	a001                	j	43e <USART1_IRQHandler>

00000440 <USART2_IRQHandler>:
 440:	a001                	j	440 <USART2_IRQHandler>

00000442 <USART3_IRQHandler>:
 442:	a001                	j	442 <USART3_IRQHandler>

00000444 <EXTI15_10_IRQHandler>:
 444:	a001                	j	444 <EXTI15_10_IRQHandler>

00000446 <RTCAlarm_IRQHandler>:
 446:	a001                	j	446 <RTCAlarm_IRQHandler>

00000448 <USBWakeUp_IRQHandler>:
 448:	a001                	j	448 <USBWakeUp_IRQHandler>

0000044a <USBHD_IRQHandler>:
 44a:	a001                	j	44a <USBHD_IRQHandler>

0000044c <USBHDWakeUp_IRQHandler>:
 44c:	a001                	j	44c <USBHDWakeUp_IRQHandler>

0000044e <ETH_IRQHandler>:
 44e:	a001                	j	44e <ETH_IRQHandler>

00000450 <ETHWakeUp_IRQHandler>:
 450:	a001                	j	450 <ETHWakeUp_IRQHandler>

00000452 <TIM5_IRQHandler>:
 452:	a001                	j	452 <TIM5_IRQHandler>

00000454 <OSC32KCal_IRQHandler>:
 454:	a001                	j	454 <OSC32KCal_IRQHandler>

00000456 <OSCWakeUp_IRQHandler>:
 456:	a001                	j	456 <OSCWakeUp_IRQHandler>

00000458 <UART4_IRQHandler>:
 458:	a001                	j	458 <UART4_IRQHandler>

0000045a <DMA1_Channel8_IRQHandler>:
 45a:	a001                	j	45a <DMA1_Channel8_IRQHandler>

0000045c <handle_reset>:
 45c:	20000197          	auipc	gp,0x20000
 460:	3a418193          	addi	gp,gp,932 # 20000800 <__global_pointer$>
 464:	20005117          	auipc	sp,0x20005
 468:	b9c10113          	addi	sp,sp,-1124 # 20005000 <_eusrstack>
 46c:	5f000513          	li	a0,1520
 470:	20000597          	auipc	a1,0x20000
 474:	b9058593          	addi	a1,a1,-1136 # 20000000 <MCU_Version>
 478:	20000617          	auipc	a2,0x20000
 47c:	b8860613          	addi	a2,a2,-1144 # 20000000 <MCU_Version>
 480:	00c5fa63          	bgeu	a1,a2,494 <handle_reset+0x38>
 484:	00052283          	lw	t0,0(a0) # 40011000 <_eusrstack+0x2000c000>
 488:	0055a023          	sw	t0,0(a1)
 48c:	0511                	addi	a0,a0,4
 48e:	0591                	addi	a1,a1,4
 490:	fec5eae3          	bltu	a1,a2,484 <handle_reset+0x28>
 494:	20000517          	auipc	a0,0x20000
 498:	b6c50513          	addi	a0,a0,-1172 # 20000000 <MCU_Version>
 49c:	20000597          	auipc	a1,0x20000
 4a0:	b6858593          	addi	a1,a1,-1176 # 20000004 <_ebss>
 4a4:	00b57763          	bgeu	a0,a1,4b2 <handle_reset+0x56>
 4a8:	00052023          	sw	zero,0(a0)
 4ac:	0511                	addi	a0,a0,4
 4ae:	feb56de3          	bltu	a0,a1,4a8 <handle_reset+0x4c>
 4b2:	42fd                	li	t0,31
 4b4:	bc029073          	csrw	0xbc0,t0
 4b8:	428d                	li	t0,3
 4ba:	80429073          	csrw	0x804,t0
 4be:	08800293          	li	t0,136
 4c2:	3002a073          	csrs	mstatus,t0
 4c6:	00000297          	auipc	t0,0x0
 4ca:	b7228293          	addi	t0,t0,-1166 # 38 <_einit>
 4ce:	0032e293          	ori	t0,t0,3
 4d2:	30529073          	csrw	mtvec,t0
 4d6:	014000ef          	jal	4ea <SystemInit>
 4da:	00000297          	auipc	t0,0x0
 4de:	ca628293          	addi	t0,t0,-858 # 180 <main>
 4e2:	34129073          	csrw	mepc,t0
 4e6:	30200073          	mret

000004ea <SystemInit>:
 4ea:	1101                	addi	sp,sp,-32
 4ec:	400217b7          	lui	a5,0x40021
 4f0:	cc22                	sw	s0,24(sp)
 4f2:	ce06                	sw	ra,28(sp)
 4f4:	1000                	addi	s0,sp,32
 4f6:	4398                	lw	a4,0(a5)
 4f8:	f8ff06b7          	lui	a3,0xf8ff0
 4fc:	00020637          	lui	a2,0x20
 500:	00176713          	ori	a4,a4,1
 504:	c398                	sw	a4,0(a5)
 506:	43d8                	lw	a4,4(a5)
 508:	8f75                	and	a4,a4,a3
 50a:	c3d8                	sw	a4,4(a5)
 50c:	4398                	lw	a4,0(a5)
 50e:	fef706b7          	lui	a3,0xfef70
 512:	16fd                	addi	a3,a3,-1 # fef6ffff <_eusrstack+0xdef6afff>
 514:	8f75                	and	a4,a4,a3
 516:	c398                	sw	a4,0(a5)
 518:	4398                	lw	a4,0(a5)
 51a:	fffc06b7          	lui	a3,0xfffc0
 51e:	16fd                	addi	a3,a3,-1 # fffbffff <_eusrstack+0xdffbafff>
 520:	8f75                	and	a4,a4,a3
 522:	c398                	sw	a4,0(a5)
 524:	43d8                	lw	a4,4(a5)
 526:	ff8106b7          	lui	a3,0xff810
 52a:	16fd                	addi	a3,a3,-1 # ff80ffff <_eusrstack+0xdf80afff>
 52c:	8f75                	and	a4,a4,a3
 52e:	c3d8                	sw	a4,4(a5)
 530:	009f0737          	lui	a4,0x9f0
 534:	c798                	sw	a4,8(a5)
 536:	fe042423          	sw	zero,-24(s0)
 53a:	fe042623          	sw	zero,-20(s0)
 53e:	4398                	lw	a4,0(a5)
 540:	66c1                	lui	a3,0x10
 542:	8f55                	or	a4,a4,a3
 544:	c398                	sw	a4,0(a5)
 546:	6685                	lui	a3,0x1
 548:	4398                	lw	a4,0(a5)
 54a:	8f71                	and	a4,a4,a2
 54c:	fee42623          	sw	a4,-20(s0)
 550:	fe842703          	lw	a4,-24(s0)
 554:	0705                	addi	a4,a4,1 # 9f0001 <_data_lma+0x9efa11>
 556:	fee42423          	sw	a4,-24(s0)
 55a:	fec42703          	lw	a4,-20(s0)
 55e:	e709                	bnez	a4,568 <SystemInit+0x7e>
 560:	fe842703          	lw	a4,-24(s0)
 564:	fed712e3          	bne	a4,a3,548 <SystemInit+0x5e>
 568:	4398                	lw	a4,0(a5)
 56a:	4785                	li	a5,1
 56c:	00e71693          	slli	a3,a4,0xe
 570:	0606dd63          	bgez	a3,5ea <SystemInit+0x100>
 574:	fef42623          	sw	a5,-20(s0)
 578:	fec42703          	lw	a4,-20(s0)
 57c:	04f71f63          	bne	a4,a5,5da <SystemInit+0xf0>
 580:	400217b7          	lui	a5,0x40021
 584:	43d8                	lw	a4,4(a5)
 586:	ffc106b7          	lui	a3,0xffc10
 58a:	16fd                	addi	a3,a3,-1 # ffc0ffff <_eusrstack+0xdfc0afff>
 58c:	c3d8                	sw	a4,4(a5)
 58e:	43d8                	lw	a4,4(a5)
 590:	c3d8                	sw	a4,4(a5)
 592:	43d8                	lw	a4,4(a5)
 594:	40076713          	ori	a4,a4,1024
 598:	c3d8                	sw	a4,4(a5)
 59a:	43d8                	lw	a4,4(a5)
 59c:	8f75                	and	a4,a4,a3
 59e:	c3d8                	sw	a4,4(a5)
 5a0:	43d8                	lw	a4,4(a5)
 5a2:	002906b7          	lui	a3,0x290
 5a6:	8f55                	or	a4,a4,a3
 5a8:	c3d8                	sw	a4,4(a5)
 5aa:	4398                	lw	a4,0(a5)
 5ac:	010006b7          	lui	a3,0x1000
 5b0:	8f55                	or	a4,a4,a3
 5b2:	c398                	sw	a4,0(a5)
 5b4:	4398                	lw	a4,0(a5)
 5b6:	00671693          	slli	a3,a4,0x6
 5ba:	fe06dde3          	bgez	a3,5b4 <SystemInit+0xca>
 5be:	43d8                	lw	a4,4(a5)
 5c0:	400216b7          	lui	a3,0x40021
 5c4:	9b71                	andi	a4,a4,-4
 5c6:	c3d8                	sw	a4,4(a5)
 5c8:	43d8                	lw	a4,4(a5)
 5ca:	00276713          	ori	a4,a4,2
 5ce:	c3d8                	sw	a4,4(a5)
 5d0:	4721                	li	a4,8
 5d2:	42dc                	lw	a5,4(a3)
 5d4:	8bb1                	andi	a5,a5,12
 5d6:	fee79ee3          	bne	a5,a4,5d2 <SystemInit+0xe8>
 5da:	40f2                	lw	ra,28(sp)
 5dc:	4462                	lw	s0,24(sp)
 5de:	6105                	addi	sp,sp,32
 5e0:	4601                	li	a2,0
 5e2:	4681                	li	a3,0
 5e4:	4701                	li	a4,0
 5e6:	4781                	li	a5,0
 5e8:	8082                	ret
 5ea:	fe042623          	sw	zero,-20(s0)
 5ee:	b769                	j	578 <SystemInit+0x8e>
