
/home/blank/Engineering/MCU/WCH/CH32V20x/Project/blink/build/ch32v203_firmware.elf:     file format elf32-littleriscv


Disassembly of section .init:

00000000 <_sinit>:
   0:	5800006f          	j	580 <handle_reset>
   4:	00000013          	.word	0x00000013
   8:	00000013          	.word	0x00000013
   c:	00000013          	.word	0x00000013
  10:	00000013          	.word	0x00000013
  14:	00000013          	.word	0x00000013
  18:	00000013          	.word	0x00000013
  1c:	00000013          	.word	0x00000013
  20:	00000013          	.word	0x00000013
  24:	00000013          	.word	0x00000013
  28:	00000013          	.word	0x00000013
  2c:	00000013          	.word	0x00000013
  30:	00000013          	.word	0x00000013
  34:	00100073          	.word	0x00100073

Disassembly of section .vector:

00000038 <_vector_base>:
	...
  40:	00000346          	.word	0x00000346
  44:	00000356          	.word	0x00000356
  48:	00000000          	.word	0x00000000
  4c:	0000050a          	.word	0x0000050a
	...
  58:	0000050c          	.word	0x0000050c
  5c:	0000050e          	.word	0x0000050e
	...
  68:	00000510          	.word	0x00000510
  6c:	00000000          	.word	0x00000000
  70:	00000512          	.word	0x00000512
  74:	00000000          	.word	0x00000000
  78:	00000514          	.word	0x00000514
  7c:	00000516          	.word	0x00000516
  80:	00000518          	.word	0x00000518
  84:	0000051a          	.word	0x0000051a
  88:	0000051c          	.word	0x0000051c
  8c:	0000051e          	.word	0x0000051e
  90:	00000520          	.word	0x00000520
  94:	00000522          	.word	0x00000522
  98:	00000524          	.word	0x00000524
  9c:	00000526          	.word	0x00000526
  a0:	00000528          	.word	0x00000528
  a4:	0000052a          	.word	0x0000052a
  a8:	0000052c          	.word	0x0000052c
  ac:	0000052e          	.word	0x0000052e
  b0:	00000530          	.word	0x00000530
  b4:	00000532          	.word	0x00000532
  b8:	00000534          	.word	0x00000534
  bc:	00000536          	.word	0x00000536
  c0:	00000538          	.word	0x00000538
  c4:	0000053a          	.word	0x0000053a
  c8:	0000053c          	.word	0x0000053c
  cc:	0000053e          	.word	0x0000053e
  d0:	00000540          	.word	0x00000540
  d4:	00000542          	.word	0x00000542
  d8:	00000544          	.word	0x00000544
  dc:	00000546          	.word	0x00000546
  e0:	00000548          	.word	0x00000548
  e4:	0000054a          	.word	0x0000054a
  e8:	0000054c          	.word	0x0000054c
  ec:	0000054e          	.word	0x0000054e
  f0:	00000550          	.word	0x00000550
  f4:	00000552          	.word	0x00000552
  f8:	00000554          	.word	0x00000554
  fc:	00000556          	.word	0x00000556
 100:	00000558          	.word	0x00000558
 104:	0000055a          	.word	0x0000055a
 108:	0000055c          	.word	0x0000055c
 10c:	0000055e          	.word	0x0000055e
 110:	00000560          	.word	0x00000560
 114:	00000562          	.word	0x00000562
 118:	00000564          	.word	0x00000564
 11c:	00000566          	.word	0x00000566
 120:	00000568          	.word	0x00000568
 124:	0000056a          	.word	0x0000056a
 128:	0000056c          	.word	0x0000056c
 12c:	0000056e          	.word	0x0000056e
 130:	00000570          	.word	0x00000570
 134:	00000572          	.word	0x00000572
 138:	00000574          	.word	0x00000574
 13c:	00000576          	.word	0x00000576
 140:	00000578          	.word	0x00000578
 144:	0000057a          	.word	0x0000057a
 148:	0000057c          	.word	0x0000057c
 14c:	0000057e          	.word	0x0000057e
	...

Disassembly of section .text:

00000180 <main>:
 180:	1101                	addi	sp,sp,-32
 182:	cc22                	sw	s0,24(sp)
 184:	ce06                	sw	ra,28(sp)
 186:	1000                	addi	s0,sp,32
 188:	4585                	li	a1,1
 18a:	4541                	li	a0,16
 18c:	2ad1                	jal	360 <RCC_APB2PeriphClockCmd>
 18e:	67a1                	lui	a5,0x8
 190:	fef42223          	sw	a5,-28(s0)
 194:	478d                	li	a5,3
 196:	fef42423          	sw	a5,-24(s0)
 19a:	fe440593          	addi	a1,s0,-28
 19e:	47c1                	li	a5,16
 1a0:	40011537          	lui	a0,0x40011
 1a4:	fef42623          	sw	a5,-20(s0)
 1a8:	2005                	jal	1c8 <GPIO_Init>
 1aa:	65a1                	lui	a1,0x8
 1ac:	40011537          	lui	a0,0x40011
 1b0:	2a3d                	jal	2ee <GPIO_SetBits>
 1b2:	1f400513          	li	a0,500
 1b6:	2cf9                	jal	494 <Delay_Ms>
 1b8:	65a1                	lui	a1,0x8
 1ba:	40011537          	lui	a0,0x40011
 1be:	2ab1                	jal	31a <GPIO_ResetBits>
 1c0:	1f400513          	li	a0,500
 1c4:	2cc1                	jal	494 <Delay_Ms>
 1c6:	b7d5                	j	1aa <main+0x2a>

000001c8 <GPIO_Init>:
 1c8:	1141                	addi	sp,sp,-16
 1ca:	c422                	sw	s0,8(sp)
 1cc:	c606                	sw	ra,12(sp)
 1ce:	0800                	addi	s0,sp,16
 1d0:	459c                	lw	a5,8(a1)
 1d2:	0107f713          	andi	a4,a5,16
 1d6:	00f7f813          	andi	a6,a5,15
 1da:	c701                	beqz	a4,1e2 <GPIO_Init+0x1a>
 1dc:	41d8                	lw	a4,4(a1)
 1de:	00e86833          	or	a6,a6,a4
 1e2:	40022737          	lui	a4,0x40022
 1e6:	5b14                	lw	a3,48(a4)
 1e8:	40011737          	lui	a4,0x40011
 1ec:	0186d613          	srli	a2,a3,0x18
 1f0:	8a3d                	andi	a2,a2,15
 1f2:	ee71                	bnez	a2,2ce <GPIO_Init+0x106>
 1f4:	4685                	li	a3,1
 1f6:	20000617          	auipc	a2,0x20000
 1fa:	e0d60523          	sb	a3,-502(a2) # 20000000 <MCU_Version>
 1fe:	00e51763          	bne	a0,a4,20c <GPIO_Init+0x44>
 202:	0005d703          	lhu	a4,0(a1) # 8000 <_data_lma+0x79f0>
 206:	8335                	srli	a4,a4,0xd
 208:	00e59023          	sh	a4,0(a1)
 20c:	0005d583          	lhu	a1,0(a1)
 210:	0ff5f713          	zext.b	a4,a1
 214:	c339                	beqz	a4,25a <GPIO_Init+0x92>
 216:	4118                	lw	a4,0(a0)
 218:	4681                	li	a3,0
 21a:	4e85                	li	t4,1
 21c:	4f3d                	li	t5,15
 21e:	02800f93          	li	t6,40
 222:	04800293          	li	t0,72
 226:	4e21                	li	t3,8
 228:	00de9633          	sll	a2,t4,a3
 22c:	00c5f8b3          	and	a7,a1,a2
 230:	03161163          	bne	a2,a7,252 <GPIO_Init+0x8a>
 234:	00269893          	slli	a7,a3,0x2
 238:	011f1333          	sll	t1,t5,a7
 23c:	fff34313          	not	t1,t1
 240:	00e37733          	and	a4,t1,a4
 244:	011818b3          	sll	a7,a6,a7
 248:	00e8e733          	or	a4,a7,a4
 24c:	09f79963          	bne	a5,t6,2de <GPIO_Init+0x116>
 250:	c950                	sw	a2,20(a0)
 252:	0685                	addi	a3,a3,1
 254:	fdc69ae3          	bne	a3,t3,228 <GPIO_Init+0x60>
 258:	c118                	sw	a4,0(a0)
 25a:	0ff00713          	li	a4,255
 25e:	04b77663          	bgeu	a4,a1,2aa <GPIO_Init+0xe2>
 262:	4154                	lw	a3,4(a0)
 264:	4601                	li	a2,0
 266:	4e85                	li	t4,1
 268:	4f3d                	li	t5,15
 26a:	02800f93          	li	t6,40
 26e:	04800293          	li	t0,72
 272:	4e21                	li	t3,8
 274:	00860713          	addi	a4,a2,8
 278:	00ee9733          	sll	a4,t4,a4
 27c:	00e5f8b3          	and	a7,a1,a4
 280:	03171163          	bne	a4,a7,2a2 <GPIO_Init+0xda>
 284:	00261893          	slli	a7,a2,0x2
 288:	011f1333          	sll	t1,t5,a7
 28c:	fff34313          	not	t1,t1
 290:	00d376b3          	and	a3,t1,a3
 294:	011818b3          	sll	a7,a6,a7
 298:	00d8e6b3          	or	a3,a7,a3
 29c:	05f79563          	bne	a5,t6,2e6 <GPIO_Init+0x11e>
 2a0:	c958                	sw	a4,20(a0)
 2a2:	0605                	addi	a2,a2,1
 2a4:	fdc618e3          	bne	a2,t3,274 <GPIO_Init+0xac>
 2a8:	c154                	sw	a3,4(a0)
 2aa:	40b2                	lw	ra,12(sp)
 2ac:	4422                	lw	s0,8(sp)
 2ae:	0141                	addi	sp,sp,16
 2b0:	4281                	li	t0,0
 2b2:	4301                	li	t1,0
 2b4:	4501                	li	a0,0
 2b6:	4581                	li	a1,0
 2b8:	4601                	li	a2,0
 2ba:	4681                	li	a3,0
 2bc:	4701                	li	a4,0
 2be:	4781                	li	a5,0
 2c0:	4801                	li	a6,0
 2c2:	4881                	li	a7,0
 2c4:	4e01                	li	t3,0
 2c6:	4e81                	li	t4,0
 2c8:	4f01                	li	t5,0
 2ca:	4f81                	li	t6,0
 2cc:	8082                	ret
 2ce:	f2e51fe3          	bne	a0,a4,20c <GPIO_Init+0x44>
 2d2:	20000717          	auipc	a4,0x20000
 2d6:	d2e74703          	lbu	a4,-722(a4) # 20000000 <MCU_Version>
 2da:	db0d                	beqz	a4,20c <GPIO_Init+0x44>
 2dc:	b71d                	j	202 <GPIO_Init+0x3a>
 2de:	f6579ae3          	bne	a5,t0,252 <GPIO_Init+0x8a>
 2e2:	c910                	sw	a2,16(a0)
 2e4:	b7bd                	j	252 <GPIO_Init+0x8a>
 2e6:	fa579ee3          	bne	a5,t0,2a2 <GPIO_Init+0xda>
 2ea:	c918                	sw	a4,16(a0)
 2ec:	bf5d                	j	2a2 <GPIO_Init+0xda>

000002ee <GPIO_SetBits>:
 2ee:	1141                	addi	sp,sp,-16
 2f0:	c422                	sw	s0,8(sp)
 2f2:	c606                	sw	ra,12(sp)
 2f4:	0800                	addi	s0,sp,16
 2f6:	400117b7          	lui	a5,0x40011
 2fa:	00f51863          	bne	a0,a5,30a <GPIO_SetBits+0x1c>
 2fe:	20000797          	auipc	a5,0x20000
 302:	d027c783          	lbu	a5,-766(a5) # 20000000 <MCU_Version>
 306:	c391                	beqz	a5,30a <GPIO_SetBits+0x1c>
 308:	81b5                	srli	a1,a1,0xd
 30a:	40b2                	lw	ra,12(sp)
 30c:	4422                	lw	s0,8(sp)
 30e:	c90c                	sw	a1,16(a0)
 310:	0141                	addi	sp,sp,16
 312:	4501                	li	a0,0
 314:	4581                	li	a1,0
 316:	4781                	li	a5,0
 318:	8082                	ret

0000031a <GPIO_ResetBits>:
 31a:	1141                	addi	sp,sp,-16
 31c:	c422                	sw	s0,8(sp)
 31e:	c606                	sw	ra,12(sp)
 320:	0800                	addi	s0,sp,16
 322:	400117b7          	lui	a5,0x40011
 326:	00f51863          	bne	a0,a5,336 <GPIO_ResetBits+0x1c>
 32a:	20000797          	auipc	a5,0x20000
 32e:	cd67c783          	lbu	a5,-810(a5) # 20000000 <MCU_Version>
 332:	c391                	beqz	a5,336 <GPIO_ResetBits+0x1c>
 334:	81b5                	srli	a1,a1,0xd
 336:	40b2                	lw	ra,12(sp)
 338:	4422                	lw	s0,8(sp)
 33a:	c94c                	sw	a1,20(a0)
 33c:	0141                	addi	sp,sp,16
 33e:	4501                	li	a0,0
 340:	4581                	li	a1,0
 342:	4781                	li	a5,0
 344:	8082                	ret

00000346 <NMI_Handler>:
 346:	1141                	addi	sp,sp,-16
 348:	c422                	sw	s0,8(sp)
 34a:	c606                	sw	ra,12(sp)
 34c:	0800                	addi	s0,sp,16
 34e:	40b2                	lw	ra,12(sp)
 350:	4422                	lw	s0,8(sp)
 352:	0141                	addi	sp,sp,16
 354:	8082                	ret

00000356 <HardFault_Handler>:
 356:	1141                	addi	sp,sp,-16
 358:	c422                	sw	s0,8(sp)
 35a:	c606                	sw	ra,12(sp)
 35c:	0800                	addi	s0,sp,16
 35e:	a001                	j	35e <HardFault_Handler+0x8>

00000360 <RCC_APB2PeriphClockCmd>:
 360:	1141                	addi	sp,sp,-16
 362:	c422                	sw	s0,8(sp)
 364:	c606                	sw	ra,12(sp)
 366:	0800                	addi	s0,sp,16
 368:	400217b7          	lui	a5,0x40021
 36c:	4f98                	lw	a4,24(a5)
 36e:	c999                	beqz	a1,384 <RCC_APB2PeriphClockCmd+0x24>
 370:	8f49                	or	a4,a4,a0
 372:	cf98                	sw	a4,24(a5)
 374:	40b2                	lw	ra,12(sp)
 376:	4422                	lw	s0,8(sp)
 378:	0141                	addi	sp,sp,16
 37a:	4501                	li	a0,0
 37c:	4581                	li	a1,0
 37e:	4701                	li	a4,0
 380:	4781                	li	a5,0
 382:	8082                	ret
 384:	fff54513          	not	a0,a0
 388:	8d79                	and	a0,a0,a4
 38a:	cf88                	sw	a0,24(a5)
 38c:	b7e5                	j	374 <RCC_APB2PeriphClockCmd+0x14>

0000038e <SystemInit>:
 38e:	1101                	addi	sp,sp,-32
 390:	400217b7          	lui	a5,0x40021
 394:	cc22                	sw	s0,24(sp)
 396:	ce06                	sw	ra,28(sp)
 398:	1000                	addi	s0,sp,32
 39a:	4398                	lw	a4,0(a5)
 39c:	f8ff06b7          	lui	a3,0xf8ff0
 3a0:	00020637          	lui	a2,0x20
 3a4:	00176713          	ori	a4,a4,1
 3a8:	c398                	sw	a4,0(a5)
 3aa:	43d8                	lw	a4,4(a5)
 3ac:	8f75                	and	a4,a4,a3
 3ae:	c3d8                	sw	a4,4(a5)
 3b0:	4398                	lw	a4,0(a5)
 3b2:	fef706b7          	lui	a3,0xfef70
 3b6:	16fd                	addi	a3,a3,-1 # fef6ffff <_eusrstack+0xdef6afff>
 3b8:	8f75                	and	a4,a4,a3
 3ba:	c398                	sw	a4,0(a5)
 3bc:	4398                	lw	a4,0(a5)
 3be:	fffc06b7          	lui	a3,0xfffc0
 3c2:	16fd                	addi	a3,a3,-1 # fffbffff <_eusrstack+0xdffbafff>
 3c4:	8f75                	and	a4,a4,a3
 3c6:	c398                	sw	a4,0(a5)
 3c8:	43d8                	lw	a4,4(a5)
 3ca:	ff8106b7          	lui	a3,0xff810
 3ce:	16fd                	addi	a3,a3,-1 # ff80ffff <_eusrstack+0xdf80afff>
 3d0:	8f75                	and	a4,a4,a3
 3d2:	c3d8                	sw	a4,4(a5)
 3d4:	009f0737          	lui	a4,0x9f0
 3d8:	c798                	sw	a4,8(a5)
 3da:	fe042423          	sw	zero,-24(s0)
 3de:	fe042623          	sw	zero,-20(s0)
 3e2:	4398                	lw	a4,0(a5)
 3e4:	66c1                	lui	a3,0x10
 3e6:	8f55                	or	a4,a4,a3
 3e8:	c398                	sw	a4,0(a5)
 3ea:	6685                	lui	a3,0x1
 3ec:	4398                	lw	a4,0(a5)
 3ee:	8f71                	and	a4,a4,a2
 3f0:	fee42623          	sw	a4,-20(s0)
 3f4:	fe842703          	lw	a4,-24(s0)
 3f8:	0705                	addi	a4,a4,1 # 9f0001 <_data_lma+0x9ef9f1>
 3fa:	fee42423          	sw	a4,-24(s0)
 3fe:	fec42703          	lw	a4,-20(s0)
 402:	e709                	bnez	a4,40c <__stack_size+0xc>
 404:	fe842703          	lw	a4,-24(s0)
 408:	fed712e3          	bne	a4,a3,3ec <SystemInit+0x5e>
 40c:	4398                	lw	a4,0(a5)
 40e:	4785                	li	a5,1
 410:	00e71693          	slli	a3,a4,0xe
 414:	0606dd63          	bgez	a3,48e <__stack_size+0x8e>
 418:	fef42623          	sw	a5,-20(s0)
 41c:	fec42703          	lw	a4,-20(s0)
 420:	04f71f63          	bne	a4,a5,47e <__stack_size+0x7e>
 424:	400217b7          	lui	a5,0x40021
 428:	43d8                	lw	a4,4(a5)
 42a:	ffc106b7          	lui	a3,0xffc10
 42e:	16fd                	addi	a3,a3,-1 # ffc0ffff <_eusrstack+0xdfc0afff>
 430:	c3d8                	sw	a4,4(a5)
 432:	43d8                	lw	a4,4(a5)
 434:	c3d8                	sw	a4,4(a5)
 436:	43d8                	lw	a4,4(a5)
 438:	40076713          	ori	a4,a4,1024
 43c:	c3d8                	sw	a4,4(a5)
 43e:	43d8                	lw	a4,4(a5)
 440:	8f75                	and	a4,a4,a3
 442:	c3d8                	sw	a4,4(a5)
 444:	43d8                	lw	a4,4(a5)
 446:	002906b7          	lui	a3,0x290
 44a:	8f55                	or	a4,a4,a3
 44c:	c3d8                	sw	a4,4(a5)
 44e:	4398                	lw	a4,0(a5)
 450:	010006b7          	lui	a3,0x1000
 454:	8f55                	or	a4,a4,a3
 456:	c398                	sw	a4,0(a5)
 458:	4398                	lw	a4,0(a5)
 45a:	00671693          	slli	a3,a4,0x6
 45e:	fe06dde3          	bgez	a3,458 <__stack_size+0x58>
 462:	43d8                	lw	a4,4(a5)
 464:	400216b7          	lui	a3,0x40021
 468:	9b71                	andi	a4,a4,-4
 46a:	c3d8                	sw	a4,4(a5)
 46c:	43d8                	lw	a4,4(a5)
 46e:	00276713          	ori	a4,a4,2
 472:	c3d8                	sw	a4,4(a5)
 474:	4721                	li	a4,8
 476:	42dc                	lw	a5,4(a3)
 478:	8bb1                	andi	a5,a5,12
 47a:	fee79ee3          	bne	a5,a4,476 <__stack_size+0x76>
 47e:	40f2                	lw	ra,28(sp)
 480:	4462                	lw	s0,24(sp)
 482:	6105                	addi	sp,sp,32
 484:	4601                	li	a2,0
 486:	4681                	li	a3,0
 488:	4701                	li	a4,0
 48a:	4781                	li	a5,0
 48c:	8082                	ret
 48e:	fe042623          	sw	zero,-20(s0)
 492:	b769                	j	41c <__stack_size+0x1c>

00000494 <Delay_Ms>:
 494:	1141                	addi	sp,sp,-16
 496:	e000f7b7          	lui	a5,0xe000f
 49a:	c422                	sw	s0,8(sp)
 49c:	c606                	sw	ra,12(sp)
 49e:	0800                	addi	s0,sp,16
 4a0:	43d8                	lw	a4,4(a5)
 4a2:	4681                	li	a3,0
 4a4:	9b79                	andi	a4,a4,-2
 4a6:	c3d8                	sw	a4,4(a5)
 4a8:	20000717          	auipc	a4,0x20000
 4ac:	b5a75703          	lhu	a4,-1190(a4) # 20000002 <p_ms>
 4b0:	02a70633          	mul	a2,a4,a0
 4b4:	cb90                	sw	a2,16(a5)
 4b6:	cbd4                	sw	a3,20(a5)
 4b8:	4398                	lw	a4,0(a5)
 4ba:	01076713          	ori	a4,a4,16
 4be:	c398                	sw	a4,0(a5)
 4c0:	4398                	lw	a4,0(a5)
 4c2:	02176713          	ori	a4,a4,33
 4c6:	c398                	sw	a4,0(a5)
 4c8:	43d8                	lw	a4,4(a5)
 4ca:	8b05                	andi	a4,a4,1
 4cc:	df75                	beqz	a4,4c8 <Delay_Ms+0x34>
 4ce:	4398                	lw	a4,0(a5)
 4d0:	40b2                	lw	ra,12(sp)
 4d2:	4422                	lw	s0,8(sp)
 4d4:	9b79                	andi	a4,a4,-2
 4d6:	c398                	sw	a4,0(a5)
 4d8:	0141                	addi	sp,sp,16
 4da:	4501                	li	a0,0
 4dc:	4601                	li	a2,0
 4de:	4681                	li	a3,0
 4e0:	4701                	li	a4,0
 4e2:	4781                	li	a5,0
 4e4:	8082                	ret

000004e6 <_fini>:
 4e6:	1141                	addi	sp,sp,-16
 4e8:	c422                	sw	s0,8(sp)
 4ea:	c606                	sw	ra,12(sp)
 4ec:	0800                	addi	s0,sp,16
 4ee:	40b2                	lw	ra,12(sp)
 4f0:	4422                	lw	s0,8(sp)
 4f2:	0141                	addi	sp,sp,16
 4f4:	8082                	ret

000004f6 <_init>:
 4f6:	1141                	addi	sp,sp,-16
 4f8:	c422                	sw	s0,8(sp)
 4fa:	c606                	sw	ra,12(sp)
 4fc:	0800                	addi	s0,sp,16
 4fe:	40b2                	lw	ra,12(sp)
 500:	4422                	lw	s0,8(sp)
 502:	0141                	addi	sp,sp,16
 504:	8082                	ret
 506:	a001                	j	506 <_init+0x10>
 508:	a001                	j	508 <_init+0x12>

0000050a <Ecall_M_Mode_Handler>:
 50a:	a001                	j	50a <Ecall_M_Mode_Handler>

0000050c <Ecall_U_Mode_Handler>:
 50c:	a001                	j	50c <Ecall_U_Mode_Handler>

0000050e <Break_Point_Handler>:
 50e:	a001                	j	50e <Break_Point_Handler>

00000510 <SysTick_Handler>:
 510:	a001                	j	510 <SysTick_Handler>

00000512 <SW_Handler>:
 512:	a001                	j	512 <SW_Handler>

00000514 <WWDG_IRQHandler>:
 514:	a001                	j	514 <WWDG_IRQHandler>

00000516 <PVD_IRQHandler>:
 516:	a001                	j	516 <PVD_IRQHandler>

00000518 <TAMPER_IRQHandler>:
 518:	a001                	j	518 <TAMPER_IRQHandler>

0000051a <RTC_IRQHandler>:
 51a:	a001                	j	51a <RTC_IRQHandler>

0000051c <FLASH_IRQHandler>:
 51c:	a001                	j	51c <FLASH_IRQHandler>

0000051e <RCC_IRQHandler>:
 51e:	a001                	j	51e <RCC_IRQHandler>

00000520 <EXTI0_IRQHandler>:
 520:	a001                	j	520 <EXTI0_IRQHandler>

00000522 <EXTI1_IRQHandler>:
 522:	a001                	j	522 <EXTI1_IRQHandler>

00000524 <EXTI2_IRQHandler>:
 524:	a001                	j	524 <EXTI2_IRQHandler>

00000526 <EXTI3_IRQHandler>:
 526:	a001                	j	526 <EXTI3_IRQHandler>

00000528 <EXTI4_IRQHandler>:
 528:	a001                	j	528 <EXTI4_IRQHandler>

0000052a <DMA1_Channel1_IRQHandler>:
 52a:	a001                	j	52a <DMA1_Channel1_IRQHandler>

0000052c <DMA1_Channel2_IRQHandler>:
 52c:	a001                	j	52c <DMA1_Channel2_IRQHandler>

0000052e <DMA1_Channel3_IRQHandler>:
 52e:	a001                	j	52e <DMA1_Channel3_IRQHandler>

00000530 <DMA1_Channel4_IRQHandler>:
 530:	a001                	j	530 <DMA1_Channel4_IRQHandler>

00000532 <DMA1_Channel5_IRQHandler>:
 532:	a001                	j	532 <DMA1_Channel5_IRQHandler>

00000534 <DMA1_Channel6_IRQHandler>:
 534:	a001                	j	534 <DMA1_Channel6_IRQHandler>

00000536 <DMA1_Channel7_IRQHandler>:
 536:	a001                	j	536 <DMA1_Channel7_IRQHandler>

00000538 <ADC1_2_IRQHandler>:
 538:	a001                	j	538 <ADC1_2_IRQHandler>

0000053a <USB_HP_CAN1_TX_IRQHandler>:
 53a:	a001                	j	53a <USB_HP_CAN1_TX_IRQHandler>

0000053c <USB_LP_CAN1_RX0_IRQHandler>:
 53c:	a001                	j	53c <USB_LP_CAN1_RX0_IRQHandler>

0000053e <CAN1_RX1_IRQHandler>:
 53e:	a001                	j	53e <CAN1_RX1_IRQHandler>

00000540 <CAN1_SCE_IRQHandler>:
 540:	a001                	j	540 <CAN1_SCE_IRQHandler>

00000542 <EXTI9_5_IRQHandler>:
 542:	a001                	j	542 <EXTI9_5_IRQHandler>

00000544 <TIM1_BRK_IRQHandler>:
 544:	a001                	j	544 <TIM1_BRK_IRQHandler>

00000546 <TIM1_UP_IRQHandler>:
 546:	a001                	j	546 <TIM1_UP_IRQHandler>

00000548 <TIM1_TRG_COM_IRQHandler>:
 548:	a001                	j	548 <TIM1_TRG_COM_IRQHandler>

0000054a <TIM1_CC_IRQHandler>:
 54a:	a001                	j	54a <TIM1_CC_IRQHandler>

0000054c <TIM2_IRQHandler>:
 54c:	a001                	j	54c <TIM2_IRQHandler>

0000054e <TIM3_IRQHandler>:
 54e:	a001                	j	54e <TIM3_IRQHandler>

00000550 <TIM4_IRQHandler>:
 550:	a001                	j	550 <TIM4_IRQHandler>

00000552 <I2C1_EV_IRQHandler>:
 552:	a001                	j	552 <I2C1_EV_IRQHandler>

00000554 <I2C1_ER_IRQHandler>:
 554:	a001                	j	554 <I2C1_ER_IRQHandler>

00000556 <I2C2_EV_IRQHandler>:
 556:	a001                	j	556 <I2C2_EV_IRQHandler>

00000558 <I2C2_ER_IRQHandler>:
 558:	a001                	j	558 <I2C2_ER_IRQHandler>

0000055a <SPI1_IRQHandler>:
 55a:	a001                	j	55a <SPI1_IRQHandler>

0000055c <SPI2_IRQHandler>:
 55c:	a001                	j	55c <SPI2_IRQHandler>

0000055e <USART1_IRQHandler>:
 55e:	a001                	j	55e <USART1_IRQHandler>

00000560 <USART2_IRQHandler>:
 560:	a001                	j	560 <USART2_IRQHandler>

00000562 <USART3_IRQHandler>:
 562:	a001                	j	562 <USART3_IRQHandler>

00000564 <EXTI15_10_IRQHandler>:
 564:	a001                	j	564 <EXTI15_10_IRQHandler>

00000566 <RTCAlarm_IRQHandler>:
 566:	a001                	j	566 <RTCAlarm_IRQHandler>

00000568 <USBWakeUp_IRQHandler>:
 568:	a001                	j	568 <USBWakeUp_IRQHandler>

0000056a <USBHD_IRQHandler>:
 56a:	a001                	j	56a <USBHD_IRQHandler>

0000056c <USBHDWakeUp_IRQHandler>:
 56c:	a001                	j	56c <USBHDWakeUp_IRQHandler>

0000056e <ETH_IRQHandler>:
 56e:	a001                	j	56e <ETH_IRQHandler>

00000570 <ETHWakeUp_IRQHandler>:
 570:	a001                	j	570 <ETHWakeUp_IRQHandler>

00000572 <BB_IRQHandler>:
 572:	a001                	j	572 <BB_IRQHandler>

00000574 <LLE_IRQHandler>:
 574:	a001                	j	574 <LLE_IRQHandler>

00000576 <TIM5_IRQHandler>:
 576:	a001                	j	576 <TIM5_IRQHandler>

00000578 <UART4_IRQHandler>:
 578:	a001                	j	578 <UART4_IRQHandler>

0000057a <DMA1_Channel8_IRQHandler>:
 57a:	a001                	j	57a <DMA1_Channel8_IRQHandler>

0000057c <OSC32KCal_IRQHandler>:
 57c:	a001                	j	57c <OSC32KCal_IRQHandler>

0000057e <OSCWakeUp_IRQHandler>:
 57e:	a001                	j	57e <OSCWakeUp_IRQHandler>

00000580 <handle_reset>:
 580:	20000197          	auipc	gp,0x20000
 584:	28018193          	addi	gp,gp,640 # 20000800 <__global_pointer$>
 588:	20005117          	auipc	sp,0x20005
 58c:	a7810113          	addi	sp,sp,-1416 # 20005000 <_eusrstack>
 590:	61000513          	li	a0,1552
 594:	20000597          	auipc	a1,0x20000
 598:	a6c58593          	addi	a1,a1,-1428 # 20000000 <MCU_Version>
 59c:	20000617          	auipc	a2,0x20000
 5a0:	a6460613          	addi	a2,a2,-1436 # 20000000 <MCU_Version>
 5a4:	00c5fa63          	bgeu	a1,a2,5b8 <handle_reset+0x38>
 5a8:	00052283          	lw	t0,0(a0) # 40011000 <_eusrstack+0x2000c000>
 5ac:	0055a023          	sw	t0,0(a1)
 5b0:	0511                	addi	a0,a0,4
 5b2:	0591                	addi	a1,a1,4
 5b4:	fec5eae3          	bltu	a1,a2,5a8 <handle_reset+0x28>
 5b8:	20000517          	auipc	a0,0x20000
 5bc:	a4850513          	addi	a0,a0,-1464 # 20000000 <MCU_Version>
 5c0:	20000597          	auipc	a1,0x20000
 5c4:	a4458593          	addi	a1,a1,-1468 # 20000004 <_ebss>
 5c8:	00b57763          	bgeu	a0,a1,5d6 <handle_reset+0x56>
 5cc:	00052023          	sw	zero,0(a0)
 5d0:	0511                	addi	a0,a0,4
 5d2:	feb56de3          	bltu	a0,a1,5cc <handle_reset+0x4c>
 5d6:	42fd                	li	t0,31
 5d8:	bc029073          	csrw	0xbc0,t0
 5dc:	428d                	li	t0,3
 5de:	80429073          	csrw	0x804,t0
 5e2:	08800293          	li	t0,136
 5e6:	3002a073          	csrs	mstatus,t0
 5ea:	00000297          	auipc	t0,0x0
 5ee:	a4e28293          	addi	t0,t0,-1458 # 38 <_einit>
 5f2:	0032e293          	ori	t0,t0,3
 5f6:	30529073          	csrw	mtvec,t0
 5fa:	d95ff0ef          	jal	38e <SystemInit>
 5fe:	00000297          	auipc	t0,0x0
 602:	b8228293          	addi	t0,t0,-1150 # 180 <main>
 606:	34129073          	csrw	mepc,t0
 60a:	30200073          	mret
	...
