
/home/blank/Engineering/MCU/WCH_1/CH32V30x/Project/sdf/build/sdf.elf:     file format elf32-littleriscv


Disassembly of section .init:

00000000 <_sinit>:
   0:	4e80006f          	j	4e8 <handle_reset>
   4:	00000013          	.word	0x00000013
   8:	00000013          	.word	0x00000013
   c:	00000013          	.word	0x00000013
  10:	00000013          	.word	0x00000013
  14:	00000013          	.word	0x00000013
  18:	00000013          	.word	0x00000013
  1c:	00000013          	.word	0x00000013
  20:	00000013          	.word	0x00000013
  24:	00000013          	.word	0x00000013
  28:	00000013          	.word	0x00000013
  2c:	00000013          	.word	0x00000013
  30:	00000013          	.word	0x00000013
  34:	00100073          	.word	0x00100073

Disassembly of section .vector:

00000038 <_vector_base>:
	...
  40:	0000043e          	.word	0x0000043e
  44:	00000440          	.word	0x00000440
  48:	00000000          	.word	0x00000000
  4c:	00000442          	.word	0x00000442
	...
  58:	00000444          	.word	0x00000444
  5c:	00000446          	.word	0x00000446
	...
  68:	00000448          	.word	0x00000448
  6c:	00000000          	.word	0x00000000
  70:	0000044a          	.word	0x0000044a
  74:	00000000          	.word	0x00000000
  78:	0000044c          	.word	0x0000044c
  7c:	0000044e          	.word	0x0000044e
  80:	00000450          	.word	0x00000450
  84:	00000452          	.word	0x00000452
  88:	00000454          	.word	0x00000454
  8c:	00000456          	.word	0x00000456
  90:	00000458          	.word	0x00000458
  94:	0000045a          	.word	0x0000045a
  98:	0000045c          	.word	0x0000045c
  9c:	0000045e          	.word	0x0000045e
  a0:	00000460          	.word	0x00000460
  a4:	00000462          	.word	0x00000462
  a8:	00000464          	.word	0x00000464
  ac:	00000466          	.word	0x00000466
  b0:	00000468          	.word	0x00000468
  b4:	0000046a          	.word	0x0000046a
  b8:	0000046c          	.word	0x0000046c
  bc:	0000046e          	.word	0x0000046e
  c0:	00000470          	.word	0x00000470
  c4:	00000472          	.word	0x00000472
  c8:	00000474          	.word	0x00000474
  cc:	00000476          	.word	0x00000476
  d0:	00000478          	.word	0x00000478
  d4:	0000047a          	.word	0x0000047a
  d8:	0000047c          	.word	0x0000047c
  dc:	0000047e          	.word	0x0000047e
  e0:	00000480          	.word	0x00000480
  e4:	00000482          	.word	0x00000482
  e8:	00000484          	.word	0x00000484
  ec:	00000486          	.word	0x00000486
  f0:	00000488          	.word	0x00000488
  f4:	0000048a          	.word	0x0000048a
  f8:	0000048c          	.word	0x0000048c
  fc:	0000048e          	.word	0x0000048e
 100:	00000490          	.word	0x00000490
 104:	00000492          	.word	0x00000492
 108:	00000494          	.word	0x00000494
 10c:	00000496          	.word	0x00000496
 110:	00000498          	.word	0x00000498
 114:	0000049a          	.word	0x0000049a
 118:	0000049c          	.word	0x0000049c
 11c:	0000049e          	.word	0x0000049e
 120:	00000000          	.word	0x00000000
 124:	000004a0          	.word	0x000004a0
 128:	000004a2          	.word	0x000004a2
 12c:	000004a4          	.word	0x000004a4
 130:	000004a6          	.word	0x000004a6
 134:	000004a8          	.word	0x000004a8
 138:	000004aa          	.word	0x000004aa
 13c:	000004ac          	.word	0x000004ac
 140:	000004ae          	.word	0x000004ae
 144:	000004b0          	.word	0x000004b0
 148:	000004b2          	.word	0x000004b2
 14c:	000004b4          	.word	0x000004b4
 150:	000004b6          	.word	0x000004b6
 154:	000004b8          	.word	0x000004b8
 158:	000004ba          	.word	0x000004ba
 15c:	000004bc          	.word	0x000004bc
 160:	000004be          	.word	0x000004be
 164:	000004c0          	.word	0x000004c0
 168:	000004c2          	.word	0x000004c2
	...
 184:	000004c4          	.word	0x000004c4
	...
 194:	000004c6          	.word	0x000004c6
 198:	000004c8          	.word	0x000004c8
 19c:	000004ca          	.word	0x000004ca
 1a0:	000004cc          	.word	0x000004cc
 1a4:	000004ce          	.word	0x000004ce
 1a8:	000004d0          	.word	0x000004d0
 1ac:	000004d2          	.word	0x000004d2
 1b0:	000004d4          	.word	0x000004d4
 1b4:	000004d6          	.word	0x000004d6
 1b8:	000004d8          	.word	0x000004d8
 1bc:	000004da          	.word	0x000004da
 1c0:	000004dc          	.word	0x000004dc
 1c4:	000004de          	.word	0x000004de
 1c8:	000004e0          	.word	0x000004e0
 1cc:	000004e2          	.word	0x000004e2
 1d0:	000004e4          	.word	0x000004e4
 1d4:	000004e6          	.word	0x000004e6
	...

Disassembly of section .text:

00000200 <memcpy>:
 200:	1141                	addi	sp,sp,-16
 202:	c422                	sw	s0,8(sp)
 204:	c606                	sw	ra,12(sp)
 206:	0800                	addi	s0,sp,16
 208:	00a5c7b3          	xor	a5,a1,a0
 20c:	8b8d                	andi	a5,a5,3
 20e:	00c508b3          	add	a7,a0,a2
 212:	e7bd                	bnez	a5,280 <memcpy+0x80>
 214:	00463613          	sltiu	a2,a2,4
 218:	e625                	bnez	a2,280 <memcpy+0x80>
 21a:	00357793          	andi	a5,a0,3
 21e:	872a                	mv	a4,a0
 220:	e3e5                	bnez	a5,300 <memcpy+0x100>
 222:	ffc8f613          	andi	a2,a7,-4
 226:	40e606b3          	sub	a3,a2,a4
 22a:	02000793          	li	a5,32
 22e:	06d7cd63          	blt	a5,a3,2a8 <memcpy+0xa8>
 232:	86ae                	mv	a3,a1
 234:	87ba                	mv	a5,a4
 236:	02c77163          	bgeu	a4,a2,258 <memcpy+0x58>
 23a:	0006a803          	lw	a6,0(a3)
 23e:	0791                	addi	a5,a5,4
 240:	0691                	addi	a3,a3,4
 242:	ff07ae23          	sw	a6,-4(a5)
 246:	fec7eae3          	bltu	a5,a2,23a <memcpy+0x3a>
 24a:	167d                	addi	a2,a2,-1
 24c:	8e19                	sub	a2,a2,a4
 24e:	9a71                	andi	a2,a2,-4
 250:	0591                	addi	a1,a1,4
 252:	0711                	addi	a4,a4,4
 254:	95b2                	add	a1,a1,a2
 256:	9732                	add	a4,a4,a2
 258:	03176763          	bltu	a4,a7,286 <memcpy+0x86>
 25c:	40b2                	lw	ra,12(sp)
 25e:	4422                	lw	s0,8(sp)
 260:	0141                	addi	sp,sp,16
 262:	4281                	li	t0,0
 264:	4301                	li	t1,0
 266:	4381                	li	t2,0
 268:	4581                	li	a1,0
 26a:	4601                	li	a2,0
 26c:	4681                	li	a3,0
 26e:	4701                	li	a4,0
 270:	4781                	li	a5,0
 272:	4801                	li	a6,0
 274:	4881                	li	a7,0
 276:	4e01                	li	t3,0
 278:	4e81                	li	t4,0
 27a:	4f01                	li	t5,0
 27c:	4f81                	li	t6,0
 27e:	8082                	ret
 280:	872a                	mv	a4,a0
 282:	fd157de3          	bgeu	a0,a7,25c <memcpy+0x5c>
 286:	0005c783          	lbu	a5,0(a1)
 28a:	0705                	addi	a4,a4,1
 28c:	0585                	addi	a1,a1,1
 28e:	fef70fa3          	sb	a5,-1(a4)
 292:	fce885e3          	beq	a7,a4,25c <memcpy+0x5c>
 296:	0005c783          	lbu	a5,0(a1)
 29a:	0705                	addi	a4,a4,1
 29c:	0585                	addi	a1,a1,1
 29e:	fef70fa3          	sb	a5,-1(a4)
 2a2:	fee892e3          	bne	a7,a4,286 <memcpy+0x86>
 2a6:	bf5d                	j	25c <memcpy+0x5c>
 2a8:	5194                	lw	a3,32(a1)
 2aa:	0005a383          	lw	t2,0(a1)
 2ae:	0045a283          	lw	t0,4(a1)
 2b2:	0085af83          	lw	t6,8(a1)
 2b6:	00c5af03          	lw	t5,12(a1)
 2ba:	0105ae83          	lw	t4,16(a1)
 2be:	0145ae03          	lw	t3,20(a1)
 2c2:	0185a303          	lw	t1,24(a1)
 2c6:	01c5a803          	lw	a6,28(a1)
 2ca:	02470713          	addi	a4,a4,36
 2ce:	fed72e23          	sw	a3,-4(a4)
 2d2:	fc772e23          	sw	t2,-36(a4)
 2d6:	40e606b3          	sub	a3,a2,a4
 2da:	fe572023          	sw	t0,-32(a4)
 2de:	fff72223          	sw	t6,-28(a4)
 2e2:	ffe72423          	sw	t5,-24(a4)
 2e6:	ffd72623          	sw	t4,-20(a4)
 2ea:	ffc72823          	sw	t3,-16(a4)
 2ee:	fe672a23          	sw	t1,-12(a4)
 2f2:	ff072c23          	sw	a6,-8(a4)
 2f6:	02458593          	addi	a1,a1,36
 2fa:	fad7c7e3          	blt	a5,a3,2a8 <memcpy+0xa8>
 2fe:	bf15                	j	232 <memcpy+0x32>
 300:	0005c683          	lbu	a3,0(a1)
 304:	0705                	addi	a4,a4,1
 306:	00377793          	andi	a5,a4,3
 30a:	fed70fa3          	sb	a3,-1(a4)
 30e:	0585                	addi	a1,a1,1
 310:	db89                	beqz	a5,222 <memcpy+0x22>
 312:	0005c683          	lbu	a3,0(a1)
 316:	0705                	addi	a4,a4,1
 318:	00377793          	andi	a5,a4,3
 31c:	fed70fa3          	sb	a3,-1(a4)
 320:	0585                	addi	a1,a1,1
 322:	fff9                	bnez	a5,300 <memcpy+0x100>
 324:	bdfd                	j	222 <memcpy+0x22>

00000326 <main>:
 326:	1101                	addi	sp,sp,-32
 328:	cc22                	sw	s0,24(sp)
 32a:	1000                	addi	s0,sp,32
 32c:	ce06                	sw	ra,28(sp)
 32e:	4631                	li	a2,12
 330:	69000593          	li	a1,1680
 334:	fe440513          	addi	a0,s0,-28
 338:	35e1                	jal	200 <memcpy>
 33a:	40011537          	lui	a0,0x40011
 33e:	fe440593          	addi	a1,s0,-28
 342:	c0050513          	addi	a0,a0,-1024 # 40010c00 <_eusrstack+0x20008c00>
 346:	2031                	jal	352 <GPIO_Init>
 348:	40f2                	lw	ra,28(sp)
 34a:	4462                	lw	s0,24(sp)
 34c:	4501                	li	a0,0
 34e:	6105                	addi	sp,sp,32
 350:	8082                	ret

00000352 <GPIO_Init>:
 352:	1141                	addi	sp,sp,-16
 354:	c422                	sw	s0,8(sp)
 356:	c606                	sw	ra,12(sp)
 358:	0800                	addi	s0,sp,16
 35a:	459c                	lw	a5,8(a1)
 35c:	0107f713          	andi	a4,a5,16
 360:	00f7f813          	andi	a6,a5,15
 364:	c701                	beqz	a4,36c <GPIO_Init+0x1a>
 366:	41d8                	lw	a4,4(a1)
 368:	00e86833          	or	a6,a6,a4
 36c:	0005d583          	lhu	a1,0(a1)
 370:	0ff5f713          	zext.b	a4,a1
 374:	c339                	beqz	a4,3ba <GPIO_Init+0x68>
 376:	4118                	lw	a4,0(a0)
 378:	4681                	li	a3,0
 37a:	4e85                	li	t4,1
 37c:	4f3d                	li	t5,15
 37e:	02800f93          	li	t6,40
 382:	04800293          	li	t0,72
 386:	4e21                	li	t3,8
 388:	00de9633          	sll	a2,t4,a3
 38c:	00c5f8b3          	and	a7,a1,a2
 390:	03161163          	bne	a2,a7,3b2 <GPIO_Init+0x60>
 394:	00269893          	slli	a7,a3,0x2
 398:	011f1333          	sll	t1,t5,a7
 39c:	fff34313          	not	t1,t1
 3a0:	00e37733          	and	a4,t1,a4
 3a4:	011818b3          	sll	a7,a6,a7
 3a8:	00e8e733          	or	a4,a7,a4
 3ac:	09f79163          	bne	a5,t6,42e <GPIO_Init+0xdc>
 3b0:	c950                	sw	a2,20(a0)
 3b2:	0685                	addi	a3,a3,1
 3b4:	fdc69ae3          	bne	a3,t3,388 <GPIO_Init+0x36>
 3b8:	c118                	sw	a4,0(a0)
 3ba:	0ff00713          	li	a4,255
 3be:	04b77663          	bgeu	a4,a1,40a <GPIO_Init+0xb8>
 3c2:	4154                	lw	a3,4(a0)
 3c4:	4601                	li	a2,0
 3c6:	4e85                	li	t4,1
 3c8:	4f3d                	li	t5,15
 3ca:	02800f93          	li	t6,40
 3ce:	04800293          	li	t0,72
 3d2:	4e21                	li	t3,8
 3d4:	00860713          	addi	a4,a2,8
 3d8:	00ee9733          	sll	a4,t4,a4
 3dc:	00e5f8b3          	and	a7,a1,a4
 3e0:	03171163          	bne	a4,a7,402 <GPIO_Init+0xb0>
 3e4:	00261893          	slli	a7,a2,0x2
 3e8:	011f1333          	sll	t1,t5,a7
 3ec:	fff34313          	not	t1,t1
 3f0:	00d376b3          	and	a3,t1,a3
 3f4:	011818b3          	sll	a7,a6,a7
 3f8:	00d8e6b3          	or	a3,a7,a3
 3fc:	03f79d63          	bne	a5,t6,436 <GPIO_Init+0xe4>
 400:	c958                	sw	a4,20(a0)
 402:	0605                	addi	a2,a2,1
 404:	fdc618e3          	bne	a2,t3,3d4 <GPIO_Init+0x82>
 408:	c154                	sw	a3,4(a0)
 40a:	40b2                	lw	ra,12(sp)
 40c:	4422                	lw	s0,8(sp)
 40e:	0141                	addi	sp,sp,16
 410:	4281                	li	t0,0
 412:	4301                	li	t1,0
 414:	4501                	li	a0,0
 416:	4581                	li	a1,0
 418:	4601                	li	a2,0
 41a:	4681                	li	a3,0
 41c:	4701                	li	a4,0
 41e:	4781                	li	a5,0
 420:	4801                	li	a6,0
 422:	4881                	li	a7,0
 424:	4e01                	li	t3,0
 426:	4e81                	li	t4,0
 428:	4f01                	li	t5,0
 42a:	4f81                	li	t6,0
 42c:	8082                	ret
 42e:	f85792e3          	bne	a5,t0,3b2 <GPIO_Init+0x60>
 432:	c910                	sw	a2,16(a0)
 434:	bfbd                	j	3b2 <GPIO_Init+0x60>
 436:	fc5796e3          	bne	a5,t0,402 <GPIO_Init+0xb0>
 43a:	c918                	sw	a4,16(a0)
 43c:	b7d9                	j	402 <GPIO_Init+0xb0>

0000043e <NMI_Handler>:
 43e:	a001                	j	43e <NMI_Handler>

00000440 <HardFault_Handler>:
 440:	a001                	j	440 <HardFault_Handler>

00000442 <Ecall_M_Mode_Handler>:
 442:	a001                	j	442 <Ecall_M_Mode_Handler>

00000444 <Ecall_U_Mode_Handler>:
 444:	a001                	j	444 <Ecall_U_Mode_Handler>

00000446 <Break_Point_Handler>:
 446:	a001                	j	446 <Break_Point_Handler>

00000448 <SysTick_Handler>:
 448:	a001                	j	448 <SysTick_Handler>

0000044a <SW_Handler>:
 44a:	a001                	j	44a <SW_Handler>

0000044c <WWDG_IRQHandler>:
 44c:	a001                	j	44c <WWDG_IRQHandler>

0000044e <PVD_IRQHandler>:
 44e:	a001                	j	44e <PVD_IRQHandler>

00000450 <TAMPER_IRQHandler>:
 450:	a001                	j	450 <TAMPER_IRQHandler>

00000452 <RTC_IRQHandler>:
 452:	a001                	j	452 <RTC_IRQHandler>

00000454 <FLASH_IRQHandler>:
 454:	a001                	j	454 <FLASH_IRQHandler>

00000456 <RCC_IRQHandler>:
 456:	a001                	j	456 <RCC_IRQHandler>

00000458 <EXTI0_IRQHandler>:
 458:	a001                	j	458 <EXTI0_IRQHandler>

0000045a <EXTI1_IRQHandler>:
 45a:	a001                	j	45a <EXTI1_IRQHandler>

0000045c <EXTI2_IRQHandler>:
 45c:	a001                	j	45c <EXTI2_IRQHandler>

0000045e <EXTI3_IRQHandler>:
 45e:	a001                	j	45e <EXTI3_IRQHandler>

00000460 <EXTI4_IRQHandler>:
 460:	a001                	j	460 <EXTI4_IRQHandler>

00000462 <DMA1_Channel1_IRQHandler>:
 462:	a001                	j	462 <DMA1_Channel1_IRQHandler>

00000464 <DMA1_Channel2_IRQHandler>:
 464:	a001                	j	464 <DMA1_Channel2_IRQHandler>

00000466 <DMA1_Channel3_IRQHandler>:
 466:	a001                	j	466 <DMA1_Channel3_IRQHandler>

00000468 <DMA1_Channel4_IRQHandler>:
 468:	a001                	j	468 <DMA1_Channel4_IRQHandler>

0000046a <DMA1_Channel5_IRQHandler>:
 46a:	a001                	j	46a <DMA1_Channel5_IRQHandler>

0000046c <DMA1_Channel6_IRQHandler>:
 46c:	a001                	j	46c <DMA1_Channel6_IRQHandler>

0000046e <DMA1_Channel7_IRQHandler>:
 46e:	a001                	j	46e <DMA1_Channel7_IRQHandler>

00000470 <ADC1_2_IRQHandler>:
 470:	a001                	j	470 <ADC1_2_IRQHandler>

00000472 <USB_HP_CAN1_TX_IRQHandler>:
 472:	a001                	j	472 <USB_HP_CAN1_TX_IRQHandler>

00000474 <USB_LP_CAN1_RX0_IRQHandler>:
 474:	a001                	j	474 <USB_LP_CAN1_RX0_IRQHandler>

00000476 <CAN1_RX1_IRQHandler>:
 476:	a001                	j	476 <CAN1_RX1_IRQHandler>

00000478 <CAN1_SCE_IRQHandler>:
 478:	a001                	j	478 <CAN1_SCE_IRQHandler>

0000047a <EXTI9_5_IRQHandler>:
 47a:	a001                	j	47a <EXTI9_5_IRQHandler>

0000047c <TIM1_BRK_IRQHandler>:
 47c:	a001                	j	47c <TIM1_BRK_IRQHandler>

0000047e <TIM1_UP_IRQHandler>:
 47e:	a001                	j	47e <TIM1_UP_IRQHandler>

00000480 <TIM1_TRG_COM_IRQHandler>:
 480:	a001                	j	480 <TIM1_TRG_COM_IRQHandler>

00000482 <TIM1_CC_IRQHandler>:
 482:	a001                	j	482 <TIM1_CC_IRQHandler>

00000484 <TIM2_IRQHandler>:
 484:	a001                	j	484 <TIM2_IRQHandler>

00000486 <TIM3_IRQHandler>:
 486:	a001                	j	486 <TIM3_IRQHandler>

00000488 <TIM4_IRQHandler>:
 488:	a001                	j	488 <TIM4_IRQHandler>

0000048a <I2C1_EV_IRQHandler>:
 48a:	a001                	j	48a <I2C1_EV_IRQHandler>

0000048c <I2C1_ER_IRQHandler>:
 48c:	a001                	j	48c <I2C1_ER_IRQHandler>

0000048e <I2C2_EV_IRQHandler>:
 48e:	a001                	j	48e <I2C2_EV_IRQHandler>

00000490 <I2C2_ER_IRQHandler>:
 490:	a001                	j	490 <I2C2_ER_IRQHandler>

00000492 <SPI1_IRQHandler>:
 492:	a001                	j	492 <SPI1_IRQHandler>

00000494 <SPI2_IRQHandler>:
 494:	a001                	j	494 <SPI2_IRQHandler>

00000496 <USART1_IRQHandler>:
 496:	a001                	j	496 <USART1_IRQHandler>

00000498 <USART2_IRQHandler>:
 498:	a001                	j	498 <USART2_IRQHandler>

0000049a <USART3_IRQHandler>:
 49a:	a001                	j	49a <USART3_IRQHandler>

0000049c <EXTI15_10_IRQHandler>:
 49c:	a001                	j	49c <EXTI15_10_IRQHandler>

0000049e <RTCAlarm_IRQHandler>:
 49e:	a001                	j	49e <RTCAlarm_IRQHandler>

000004a0 <TIM8_BRK_IRQHandler>:
 4a0:	a001                	j	4a0 <TIM8_BRK_IRQHandler>

000004a2 <TIM8_UP_IRQHandler>:
 4a2:	a001                	j	4a2 <TIM8_UP_IRQHandler>

000004a4 <TIM8_TRG_COM_IRQHandler>:
 4a4:	a001                	j	4a4 <TIM8_TRG_COM_IRQHandler>

000004a6 <TIM8_CC_IRQHandler>:
 4a6:	a001                	j	4a6 <TIM8_CC_IRQHandler>

000004a8 <RNG_IRQHandler>:
 4a8:	a001                	j	4a8 <RNG_IRQHandler>

000004aa <FSMC_IRQHandler>:
 4aa:	a001                	j	4aa <FSMC_IRQHandler>

000004ac <SDIO_IRQHandler>:
 4ac:	a001                	j	4ac <SDIO_IRQHandler>

000004ae <TIM5_IRQHandler>:
 4ae:	a001                	j	4ae <TIM5_IRQHandler>

000004b0 <SPI3_IRQHandler>:
 4b0:	a001                	j	4b0 <SPI3_IRQHandler>

000004b2 <UART4_IRQHandler>:
 4b2:	a001                	j	4b2 <UART4_IRQHandler>

000004b4 <UART5_IRQHandler>:
 4b4:	a001                	j	4b4 <UART5_IRQHandler>

000004b6 <TIM6_IRQHandler>:
 4b6:	a001                	j	4b6 <TIM6_IRQHandler>

000004b8 <TIM7_IRQHandler>:
 4b8:	a001                	j	4b8 <TIM7_IRQHandler>

000004ba <DMA2_Channel1_IRQHandler>:
 4ba:	a001                	j	4ba <DMA2_Channel1_IRQHandler>

000004bc <DMA2_Channel2_IRQHandler>:
 4bc:	a001                	j	4bc <DMA2_Channel2_IRQHandler>

000004be <DMA2_Channel3_IRQHandler>:
 4be:	a001                	j	4be <DMA2_Channel3_IRQHandler>

000004c0 <DMA2_Channel4_IRQHandler>:
 4c0:	a001                	j	4c0 <DMA2_Channel4_IRQHandler>

000004c2 <DMA2_Channel5_IRQHandler>:
 4c2:	a001                	j	4c2 <DMA2_Channel5_IRQHandler>

000004c4 <OTG_FS_IRQHandler>:
 4c4:	a001                	j	4c4 <OTG_FS_IRQHandler>

000004c6 <UART6_IRQHandler>:
 4c6:	a001                	j	4c6 <UART6_IRQHandler>

000004c8 <UART7_IRQHandler>:
 4c8:	a001                	j	4c8 <UART7_IRQHandler>

000004ca <UART8_IRQHandler>:
 4ca:	a001                	j	4ca <UART8_IRQHandler>

000004cc <TIM9_BRK_IRQHandler>:
 4cc:	a001                	j	4cc <TIM9_BRK_IRQHandler>

000004ce <TIM9_UP_IRQHandler>:
 4ce:	a001                	j	4ce <TIM9_UP_IRQHandler>

000004d0 <TIM9_TRG_COM_IRQHandler>:
 4d0:	a001                	j	4d0 <TIM9_TRG_COM_IRQHandler>

000004d2 <TIM9_CC_IRQHandler>:
 4d2:	a001                	j	4d2 <TIM9_CC_IRQHandler>

000004d4 <TIM10_BRK_IRQHandler>:
 4d4:	a001                	j	4d4 <TIM10_BRK_IRQHandler>

000004d6 <TIM10_UP_IRQHandler>:
 4d6:	a001                	j	4d6 <TIM10_UP_IRQHandler>

000004d8 <TIM10_TRG_COM_IRQHandler>:
 4d8:	a001                	j	4d8 <TIM10_TRG_COM_IRQHandler>

000004da <TIM10_CC_IRQHandler>:
 4da:	a001                	j	4da <TIM10_CC_IRQHandler>

000004dc <DMA2_Channel6_IRQHandler>:
 4dc:	a001                	j	4dc <DMA2_Channel6_IRQHandler>

000004de <DMA2_Channel7_IRQHandler>:
 4de:	a001                	j	4de <DMA2_Channel7_IRQHandler>

000004e0 <DMA2_Channel8_IRQHandler>:
 4e0:	a001                	j	4e0 <DMA2_Channel8_IRQHandler>

000004e2 <DMA2_Channel9_IRQHandler>:
 4e2:	a001                	j	4e2 <DMA2_Channel9_IRQHandler>

000004e4 <DMA2_Channel10_IRQHandler>:
 4e4:	a001                	j	4e4 <DMA2_Channel10_IRQHandler>

000004e6 <DMA2_Channel11_IRQHandler>:
 4e6:	a001                	j	4e6 <DMA2_Channel11_IRQHandler>

000004e8 <handle_reset>:
 4e8:	20000197          	auipc	gp,0x20000
 4ec:	31818193          	addi	gp,gp,792 # 20000800 <__global_pointer$>
 4f0:	20008117          	auipc	sp,0x20008
 4f4:	b1010113          	addi	sp,sp,-1264 # 20008000 <_eusrstack>
 4f8:	69c00513          	li	a0,1692
 4fc:	20000597          	auipc	a1,0x20000
 500:	b0458593          	addi	a1,a1,-1276 # 20000000 <_data_vma>
 504:	20000617          	auipc	a2,0x20000
 508:	afc60613          	addi	a2,a2,-1284 # 20000000 <_data_vma>
 50c:	00c5fa63          	bgeu	a1,a2,520 <handle_reset+0x38>
 510:	00052283          	lw	t0,0(a0)
 514:	0055a023          	sw	t0,0(a1)
 518:	0511                	addi	a0,a0,4
 51a:	0591                	addi	a1,a1,4
 51c:	fec5eae3          	bltu	a1,a2,510 <handle_reset+0x28>
 520:	20000517          	auipc	a0,0x20000
 524:	ae050513          	addi	a0,a0,-1312 # 20000000 <_data_vma>
 528:	20000597          	auipc	a1,0x20000
 52c:	ad858593          	addi	a1,a1,-1320 # 20000000 <_data_vma>
 530:	00b57763          	bgeu	a0,a1,53e <handle_reset+0x56>
 534:	00052023          	sw	zero,0(a0)
 538:	0511                	addi	a0,a0,4
 53a:	feb56de3          	bltu	a0,a1,534 <handle_reset+0x4c>
 53e:	42fd                	li	t0,31
 540:	bc029073          	csrw	0xbc0,t0
 544:	42ad                	li	t0,11
 546:	80429073          	csrw	0x804,t0
 54a:	6299                	lui	t0,0x6
 54c:	08828293          	addi	t0,t0,136 # 6088 <__stack_size+0x5888>
 550:	3002a073          	csrs	mstatus,t0
 554:	00000297          	auipc	t0,0x0
 558:	ae428293          	addi	t0,t0,-1308 # 38 <_einit>
 55c:	0032e293          	ori	t0,t0,3
 560:	30529073          	csrw	mtvec,t0
 564:	014000ef          	jal	578 <SystemInit>
 568:	00000297          	auipc	t0,0x0
 56c:	dbe28293          	addi	t0,t0,-578 # 326 <main>
 570:	34129073          	csrw	mepc,t0
 574:	30200073          	mret

00000578 <SystemInit>:
 578:	1101                	addi	sp,sp,-32
 57a:	400217b7          	lui	a5,0x40021
 57e:	cc22                	sw	s0,24(sp)
 580:	ce06                	sw	ra,28(sp)
 582:	1000                	addi	s0,sp,32
 584:	4398                	lw	a4,0(a5)
 586:	f8ff06b7          	lui	a3,0xf8ff0
 58a:	00020637          	lui	a2,0x20
 58e:	00176713          	ori	a4,a4,1
 592:	c398                	sw	a4,0(a5)
 594:	43d8                	lw	a4,4(a5)
 596:	8f75                	and	a4,a4,a3
 598:	c3d8                	sw	a4,4(a5)
 59a:	4398                	lw	a4,0(a5)
 59c:	fef706b7          	lui	a3,0xfef70
 5a0:	16fd                	addi	a3,a3,-1 # fef6ffff <_eusrstack+0xdef67fff>
 5a2:	8f75                	and	a4,a4,a3
 5a4:	c398                	sw	a4,0(a5)
 5a6:	4398                	lw	a4,0(a5)
 5a8:	fffc06b7          	lui	a3,0xfffc0
 5ac:	16fd                	addi	a3,a3,-1 # fffbffff <_eusrstack+0xdffb7fff>
 5ae:	8f75                	and	a4,a4,a3
 5b0:	c398                	sw	a4,0(a5)
 5b2:	43d8                	lw	a4,4(a5)
 5b4:	ff8106b7          	lui	a3,0xff810
 5b8:	16fd                	addi	a3,a3,-1 # ff80ffff <_eusrstack+0xdf807fff>
 5ba:	8f75                	and	a4,a4,a3
 5bc:	c3d8                	sw	a4,4(a5)
 5be:	4398                	lw	a4,0(a5)
 5c0:	ec0006b7          	lui	a3,0xec000
 5c4:	16fd                	addi	a3,a3,-1 # ebffffff <_eusrstack+0xcbff7fff>
 5c6:	8f75                	and	a4,a4,a3
 5c8:	c398                	sw	a4,0(a5)
 5ca:	00ff0737          	lui	a4,0xff0
 5ce:	c798                	sw	a4,8(a5)
 5d0:	0207a623          	sw	zero,44(a5) # 4002102c <_eusrstack+0x2001902c>
 5d4:	fe042423          	sw	zero,-24(s0)
 5d8:	fe042623          	sw	zero,-20(s0)
 5dc:	4398                	lw	a4,0(a5)
 5de:	66c1                	lui	a3,0x10
 5e0:	8f55                	or	a4,a4,a3
 5e2:	c398                	sw	a4,0(a5)
 5e4:	6685                	lui	a3,0x1
 5e6:	4398                	lw	a4,0(a5)
 5e8:	8f71                	and	a4,a4,a2
 5ea:	fee42623          	sw	a4,-20(s0)
 5ee:	fe842703          	lw	a4,-24(s0)
 5f2:	0705                	addi	a4,a4,1 # ff0001 <__stack_size+0xfef801>
 5f4:	fee42423          	sw	a4,-24(s0)
 5f8:	fec42703          	lw	a4,-20(s0)
 5fc:	e709                	bnez	a4,606 <SystemInit+0x8e>
 5fe:	fe842703          	lw	a4,-24(s0)
 602:	fed712e3          	bne	a4,a3,5e6 <SystemInit+0x6e>
 606:	4398                	lw	a4,0(a5)
 608:	4785                	li	a5,1
 60a:	00e71693          	slli	a3,a4,0xe
 60e:	0606dd63          	bgez	a3,688 <SystemInit+0x110>
 612:	fef42623          	sw	a5,-20(s0)
 616:	fec42703          	lw	a4,-20(s0)
 61a:	04f71f63          	bne	a4,a5,678 <SystemInit+0x100>
 61e:	400217b7          	lui	a5,0x40021
 622:	43d8                	lw	a4,4(a5)
 624:	ffc106b7          	lui	a3,0xffc10
 628:	16fd                	addi	a3,a3,-1 # ffc0ffff <_eusrstack+0xdfc07fff>
 62a:	c3d8                	sw	a4,4(a5)
 62c:	43d8                	lw	a4,4(a5)
 62e:	c3d8                	sw	a4,4(a5)
 630:	43d8                	lw	a4,4(a5)
 632:	40076713          	ori	a4,a4,1024
 636:	c3d8                	sw	a4,4(a5)
 638:	43d8                	lw	a4,4(a5)
 63a:	8f75                	and	a4,a4,a3
 63c:	c3d8                	sw	a4,4(a5)
 63e:	43d8                	lw	a4,4(a5)
 640:	002906b7          	lui	a3,0x290
 644:	8f55                	or	a4,a4,a3
 646:	c3d8                	sw	a4,4(a5)
 648:	4398                	lw	a4,0(a5)
 64a:	010006b7          	lui	a3,0x1000
 64e:	8f55                	or	a4,a4,a3
 650:	c398                	sw	a4,0(a5)
 652:	4398                	lw	a4,0(a5)
 654:	00671693          	slli	a3,a4,0x6
 658:	fe06dde3          	bgez	a3,652 <SystemInit+0xda>
 65c:	43d8                	lw	a4,4(a5)
 65e:	400216b7          	lui	a3,0x40021
 662:	9b71                	andi	a4,a4,-4
 664:	c3d8                	sw	a4,4(a5)
 666:	43d8                	lw	a4,4(a5)
 668:	00276713          	ori	a4,a4,2
 66c:	c3d8                	sw	a4,4(a5)
 66e:	4721                	li	a4,8
 670:	42dc                	lw	a5,4(a3)
 672:	8bb1                	andi	a5,a5,12
 674:	fee79ee3          	bne	a5,a4,670 <SystemInit+0xf8>
 678:	40f2                	lw	ra,28(sp)
 67a:	4462                	lw	s0,24(sp)
 67c:	6105                	addi	sp,sp,32
 67e:	4601                	li	a2,0
 680:	4681                	li	a3,0
 682:	4701                	li	a4,0
 684:	4781                	li	a5,0
 686:	8082                	ret
 688:	fe042623          	sw	zero,-20(s0)
 68c:	b769                	j	616 <SystemInit+0x9e>
 68e:	0000                	unimp
 690:	0000000f          	fence	unknown,unknown
 694:	0001                	nop
 696:	0000                	unimp
 698:	0010                	.insn	2, 0x0010
	...
