
/home/blank/Engineering/MCU/WCH/CH32V20x/Project/sdf/build/sdf.elf:     file format elf32-littleriscv


Disassembly of section .init:

00000000 <_sinit>:
   0:	37c0006f          	j	37c <handle_reset>
   4:	00000013          	.word	0x00000013
   8:	00000013          	.word	0x00000013
   c:	00000013          	.word	0x00000013
  10:	00000013          	.word	0x00000013
  14:	00000013          	.word	0x00000013
  18:	00000013          	.word	0x00000013
  1c:	00000013          	.word	0x00000013
  20:	00000013          	.word	0x00000013
  24:	00000013          	.word	0x00000013
  28:	00000013          	.word	0x00000013
  2c:	00000013          	.word	0x00000013
  30:	00000013          	.word	0x00000013
  34:	00100073          	.word	0x00100073

Disassembly of section .vector:

00000038 <_vector_base>:
	...
  40:	00000306          	.word	0x00000306
  44:	00000308          	.word	0x00000308
  48:	00000000          	.word	0x00000000
  4c:	0000030a          	.word	0x0000030a
	...
  58:	0000030c          	.word	0x0000030c
  5c:	0000030e          	.word	0x0000030e
	...
  68:	00000310          	.word	0x00000310
  6c:	00000000          	.word	0x00000000
  70:	00000312          	.word	0x00000312
  74:	00000000          	.word	0x00000000
  78:	00000314          	.word	0x00000314
  7c:	00000316          	.word	0x00000316
  80:	00000318          	.word	0x00000318
  84:	0000031a          	.word	0x0000031a
  88:	0000031c          	.word	0x0000031c
  8c:	0000031e          	.word	0x0000031e
  90:	00000320          	.word	0x00000320
  94:	00000322          	.word	0x00000322
  98:	00000324          	.word	0x00000324
  9c:	00000326          	.word	0x00000326
  a0:	00000328          	.word	0x00000328
  a4:	0000032a          	.word	0x0000032a
  a8:	0000032c          	.word	0x0000032c
  ac:	0000032e          	.word	0x0000032e
  b0:	00000330          	.word	0x00000330
  b4:	00000332          	.word	0x00000332
  b8:	00000334          	.word	0x00000334
  bc:	00000336          	.word	0x00000336
  c0:	00000338          	.word	0x00000338
  c4:	0000033a          	.word	0x0000033a
  c8:	0000033c          	.word	0x0000033c
  cc:	0000033e          	.word	0x0000033e
  d0:	00000340          	.word	0x00000340
  d4:	00000342          	.word	0x00000342
  d8:	00000344          	.word	0x00000344
  dc:	00000346          	.word	0x00000346
  e0:	00000348          	.word	0x00000348
  e4:	0000034a          	.word	0x0000034a
  e8:	0000034c          	.word	0x0000034c
  ec:	0000034e          	.word	0x0000034e
  f0:	00000350          	.word	0x00000350
  f4:	00000352          	.word	0x00000352
  f8:	00000354          	.word	0x00000354
  fc:	00000356          	.word	0x00000356
 100:	00000358          	.word	0x00000358
 104:	0000035a          	.word	0x0000035a
 108:	0000035c          	.word	0x0000035c
 10c:	0000035e          	.word	0x0000035e
 110:	00000360          	.word	0x00000360
 114:	00000362          	.word	0x00000362
 118:	00000364          	.word	0x00000364
 11c:	00000366          	.word	0x00000366
 120:	00000368          	.word	0x00000368
 124:	0000036a          	.word	0x0000036a
 128:	0000036c          	.word	0x0000036c
 12c:	0000036e          	.word	0x0000036e
 130:	00000370          	.word	0x00000370
	...
 13c:	00000372          	.word	0x00000372
 140:	00000378          	.word	0x00000378
 144:	0000037a          	.word	0x0000037a
 148:	00000374          	.word	0x00000374
 14c:	00000376          	.word	0x00000376
	...

Disassembly of section .text:

00000180 <main>:
 180:	1101                	addi	sp,sp,-32
 182:	cc22                	sw	s0,24(sp)
 184:	1000                	addi	s0,sp,32
 186:	ce06                	sw	ra,28(sp)
 188:	4631                	li	a2,12
 18a:	51000593          	li	a1,1296
 18e:	fe440513          	addi	a0,s0,-28
 192:	2829                	jal	1ac <memcpy>
 194:	40011537          	lui	a0,0x40011
 198:	fe440593          	addi	a1,s0,-28
 19c:	c0050513          	addi	a0,a0,-1024 # 40010c00 <_eusrstack+0x2000bc00>
 1a0:	2081                	jal	1e0 <GPIO_Init>
 1a2:	40f2                	lw	ra,28(sp)
 1a4:	4462                	lw	s0,24(sp)
 1a6:	4501                	li	a0,0
 1a8:	6105                	addi	sp,sp,32
 1aa:	8082                	ret

000001ac <memcpy>:
 1ac:	1141                	addi	sp,sp,-16
 1ae:	c422                	sw	s0,8(sp)
 1b0:	c606                	sw	ra,12(sp)
 1b2:	0800                	addi	s0,sp,16
 1b4:	4781                	li	a5,0
 1b6:	00f61b63          	bne	a2,a5,1cc <memcpy+0x20>
 1ba:	40b2                	lw	ra,12(sp)
 1bc:	4422                	lw	s0,8(sp)
 1be:	0141                	addi	sp,sp,16
 1c0:	4581                	li	a1,0
 1c2:	4601                	li	a2,0
 1c4:	4681                	li	a3,0
 1c6:	4701                	li	a4,0
 1c8:	4781                	li	a5,0
 1ca:	8082                	ret
 1cc:	00f58733          	add	a4,a1,a5
 1d0:	00074683          	lbu	a3,0(a4)
 1d4:	00f50733          	add	a4,a0,a5
 1d8:	0785                	addi	a5,a5,1
 1da:	00d70023          	sb	a3,0(a4)
 1de:	bfe1                	j	1b6 <memcpy+0xa>

000001e0 <GPIO_Init>:
 1e0:	1141                	addi	sp,sp,-16
 1e2:	c422                	sw	s0,8(sp)
 1e4:	c606                	sw	ra,12(sp)
 1e6:	0800                	addi	s0,sp,16
 1e8:	459c                	lw	a5,8(a1)
 1ea:	0107f713          	andi	a4,a5,16
 1ee:	00f7f813          	andi	a6,a5,15
 1f2:	c701                	beqz	a4,1fa <GPIO_Init+0x1a>
 1f4:	41d8                	lw	a4,4(a1)
 1f6:	00e86833          	or	a6,a6,a4
 1fa:	40022737          	lui	a4,0x40022
 1fe:	5b14                	lw	a3,48(a4)
 200:	40011737          	lui	a4,0x40011
 204:	0186d613          	srli	a2,a3,0x18
 208:	8a3d                	andi	a2,a2,15
 20a:	ee71                	bnez	a2,2e6 <GPIO_Init+0x106>
 20c:	4685                	li	a3,1
 20e:	20000617          	auipc	a2,0x20000
 212:	ded60923          	sb	a3,-526(a2) # 20000000 <MCU_Version>
 216:	00e51763          	bne	a0,a4,224 <GPIO_Init+0x44>
 21a:	0005d703          	lhu	a4,0(a1)
 21e:	8335                	srli	a4,a4,0xd
 220:	00e59023          	sh	a4,0(a1)
 224:	0005d583          	lhu	a1,0(a1)
 228:	0ff5f713          	zext.b	a4,a1
 22c:	c339                	beqz	a4,272 <GPIO_Init+0x92>
 22e:	4118                	lw	a4,0(a0)
 230:	4681                	li	a3,0
 232:	4e85                	li	t4,1
 234:	4f3d                	li	t5,15
 236:	02800f93          	li	t6,40
 23a:	04800293          	li	t0,72
 23e:	4e21                	li	t3,8
 240:	00de9633          	sll	a2,t4,a3
 244:	00c5f8b3          	and	a7,a1,a2
 248:	03161163          	bne	a2,a7,26a <GPIO_Init+0x8a>
 24c:	00269893          	slli	a7,a3,0x2
 250:	011f1333          	sll	t1,t5,a7
 254:	fff34313          	not	t1,t1
 258:	00e37733          	and	a4,t1,a4
 25c:	011818b3          	sll	a7,a6,a7
 260:	00e8e733          	or	a4,a7,a4
 264:	09f79963          	bne	a5,t6,2f6 <GPIO_Init+0x116>
 268:	c950                	sw	a2,20(a0)
 26a:	0685                	addi	a3,a3,1
 26c:	fdc69ae3          	bne	a3,t3,240 <GPIO_Init+0x60>
 270:	c118                	sw	a4,0(a0)
 272:	0ff00713          	li	a4,255
 276:	04b77663          	bgeu	a4,a1,2c2 <GPIO_Init+0xe2>
 27a:	4154                	lw	a3,4(a0)
 27c:	4601                	li	a2,0
 27e:	4e85                	li	t4,1
 280:	4f3d                	li	t5,15
 282:	02800f93          	li	t6,40
 286:	04800293          	li	t0,72
 28a:	4e21                	li	t3,8
 28c:	00860713          	addi	a4,a2,8
 290:	00ee9733          	sll	a4,t4,a4
 294:	00e5f8b3          	and	a7,a1,a4
 298:	03171163          	bne	a4,a7,2ba <GPIO_Init+0xda>
 29c:	00261893          	slli	a7,a2,0x2
 2a0:	011f1333          	sll	t1,t5,a7
 2a4:	fff34313          	not	t1,t1
 2a8:	00d376b3          	and	a3,t1,a3
 2ac:	011818b3          	sll	a7,a6,a7
 2b0:	00d8e6b3          	or	a3,a7,a3
 2b4:	05f79563          	bne	a5,t6,2fe <GPIO_Init+0x11e>
 2b8:	c958                	sw	a4,20(a0)
 2ba:	0605                	addi	a2,a2,1
 2bc:	fdc618e3          	bne	a2,t3,28c <GPIO_Init+0xac>
 2c0:	c154                	sw	a3,4(a0)
 2c2:	40b2                	lw	ra,12(sp)
 2c4:	4422                	lw	s0,8(sp)
 2c6:	0141                	addi	sp,sp,16
 2c8:	4281                	li	t0,0
 2ca:	4301                	li	t1,0
 2cc:	4501                	li	a0,0
 2ce:	4581                	li	a1,0
 2d0:	4601                	li	a2,0
 2d2:	4681                	li	a3,0
 2d4:	4701                	li	a4,0
 2d6:	4781                	li	a5,0
 2d8:	4801                	li	a6,0
 2da:	4881                	li	a7,0
 2dc:	4e01                	li	t3,0
 2de:	4e81                	li	t4,0
 2e0:	4f01                	li	t5,0
 2e2:	4f81                	li	t6,0
 2e4:	8082                	ret
 2e6:	f2e51fe3          	bne	a0,a4,224 <GPIO_Init+0x44>
 2ea:	20000717          	auipc	a4,0x20000
 2ee:	d1674703          	lbu	a4,-746(a4) # 20000000 <MCU_Version>
 2f2:	db0d                	beqz	a4,224 <GPIO_Init+0x44>
 2f4:	b71d                	j	21a <GPIO_Init+0x3a>
 2f6:	f6579ae3          	bne	a5,t0,26a <GPIO_Init+0x8a>
 2fa:	c910                	sw	a2,16(a0)
 2fc:	b7bd                	j	26a <GPIO_Init+0x8a>
 2fe:	fa579ee3          	bne	a5,t0,2ba <GPIO_Init+0xda>
 302:	c918                	sw	a4,16(a0)
 304:	bf5d                	j	2ba <GPIO_Init+0xda>

00000306 <NMI_Handler>:
 306:	a001                	j	306 <NMI_Handler>

00000308 <HardFault_Handler>:
 308:	a001                	j	308 <HardFault_Handler>

0000030a <Ecall_M_Mode_Handler>:
 30a:	a001                	j	30a <Ecall_M_Mode_Handler>

0000030c <Ecall_U_Mode_Handler>:
 30c:	a001                	j	30c <Ecall_U_Mode_Handler>

0000030e <Break_Point_Handler>:
 30e:	a001                	j	30e <Break_Point_Handler>

00000310 <SysTick_Handler>:
 310:	a001                	j	310 <SysTick_Handler>

00000312 <SW_Handler>:
 312:	a001                	j	312 <SW_Handler>

00000314 <WWDG_IRQHandler>:
 314:	a001                	j	314 <WWDG_IRQHandler>

00000316 <PVD_IRQHandler>:
 316:	a001                	j	316 <PVD_IRQHandler>

00000318 <TAMPER_IRQHandler>:
 318:	a001                	j	318 <TAMPER_IRQHandler>

0000031a <RTC_IRQHandler>:
 31a:	a001                	j	31a <RTC_IRQHandler>

0000031c <FLASH_IRQHandler>:
 31c:	a001                	j	31c <FLASH_IRQHandler>

0000031e <RCC_IRQHandler>:
 31e:	a001                	j	31e <RCC_IRQHandler>

00000320 <EXTI0_IRQHandler>:
 320:	a001                	j	320 <EXTI0_IRQHandler>

00000322 <EXTI1_IRQHandler>:
 322:	a001                	j	322 <EXTI1_IRQHandler>

00000324 <EXTI2_IRQHandler>:
 324:	a001                	j	324 <EXTI2_IRQHandler>

00000326 <EXTI3_IRQHandler>:
 326:	a001                	j	326 <EXTI3_IRQHandler>

00000328 <EXTI4_IRQHandler>:
 328:	a001                	j	328 <EXTI4_IRQHandler>

0000032a <DMA1_Channel1_IRQHandler>:
 32a:	a001                	j	32a <DMA1_Channel1_IRQHandler>

0000032c <DMA1_Channel2_IRQHandler>:
 32c:	a001                	j	32c <DMA1_Channel2_IRQHandler>

0000032e <DMA1_Channel3_IRQHandler>:
 32e:	a001                	j	32e <DMA1_Channel3_IRQHandler>

00000330 <DMA1_Channel4_IRQHandler>:
 330:	a001                	j	330 <DMA1_Channel4_IRQHandler>

00000332 <DMA1_Channel5_IRQHandler>:
 332:	a001                	j	332 <DMA1_Channel5_IRQHandler>

00000334 <DMA1_Channel6_IRQHandler>:
 334:	a001                	j	334 <DMA1_Channel6_IRQHandler>

00000336 <DMA1_Channel7_IRQHandler>:
 336:	a001                	j	336 <DMA1_Channel7_IRQHandler>

00000338 <ADC1_2_IRQHandler>:
 338:	a001                	j	338 <ADC1_2_IRQHandler>

0000033a <USB_HP_CAN1_TX_IRQHandler>:
 33a:	a001                	j	33a <USB_HP_CAN1_TX_IRQHandler>

0000033c <USB_LP_CAN1_RX0_IRQHandler>:
 33c:	a001                	j	33c <USB_LP_CAN1_RX0_IRQHandler>

0000033e <CAN1_RX1_IRQHandler>:
 33e:	a001                	j	33e <CAN1_RX1_IRQHandler>

00000340 <CAN1_SCE_IRQHandler>:
 340:	a001                	j	340 <CAN1_SCE_IRQHandler>

00000342 <EXTI9_5_IRQHandler>:
 342:	a001                	j	342 <EXTI9_5_IRQHandler>

00000344 <TIM1_BRK_IRQHandler>:
 344:	a001                	j	344 <TIM1_BRK_IRQHandler>

00000346 <TIM1_UP_IRQHandler>:
 346:	a001                	j	346 <TIM1_UP_IRQHandler>

00000348 <TIM1_TRG_COM_IRQHandler>:
 348:	a001                	j	348 <TIM1_TRG_COM_IRQHandler>

0000034a <TIM1_CC_IRQHandler>:
 34a:	a001                	j	34a <TIM1_CC_IRQHandler>

0000034c <TIM2_IRQHandler>:
 34c:	a001                	j	34c <TIM2_IRQHandler>

0000034e <TIM3_IRQHandler>:
 34e:	a001                	j	34e <TIM3_IRQHandler>

00000350 <TIM4_IRQHandler>:
 350:	a001                	j	350 <TIM4_IRQHandler>

00000352 <I2C1_EV_IRQHandler>:
 352:	a001                	j	352 <I2C1_EV_IRQHandler>

00000354 <I2C1_ER_IRQHandler>:
 354:	a001                	j	354 <I2C1_ER_IRQHandler>

00000356 <I2C2_EV_IRQHandler>:
 356:	a001                	j	356 <I2C2_EV_IRQHandler>

00000358 <I2C2_ER_IRQHandler>:
 358:	a001                	j	358 <I2C2_ER_IRQHandler>

0000035a <SPI1_IRQHandler>:
 35a:	a001                	j	35a <SPI1_IRQHandler>

0000035c <SPI2_IRQHandler>:
 35c:	a001                	j	35c <SPI2_IRQHandler>

0000035e <USART1_IRQHandler>:
 35e:	a001                	j	35e <USART1_IRQHandler>

00000360 <USART2_IRQHandler>:
 360:	a001                	j	360 <USART2_IRQHandler>

00000362 <USART3_IRQHandler>:
 362:	a001                	j	362 <USART3_IRQHandler>

00000364 <EXTI15_10_IRQHandler>:
 364:	a001                	j	364 <EXTI15_10_IRQHandler>

00000366 <RTCAlarm_IRQHandler>:
 366:	a001                	j	366 <RTCAlarm_IRQHandler>

00000368 <USBWakeUp_IRQHandler>:
 368:	a001                	j	368 <USBWakeUp_IRQHandler>

0000036a <USBHD_IRQHandler>:
 36a:	a001                	j	36a <USBHD_IRQHandler>

0000036c <USBHDWakeUp_IRQHandler>:
 36c:	a001                	j	36c <USBHDWakeUp_IRQHandler>

0000036e <ETH_IRQHandler>:
 36e:	a001                	j	36e <ETH_IRQHandler>

00000370 <ETHWakeUp_IRQHandler>:
 370:	a001                	j	370 <ETHWakeUp_IRQHandler>

00000372 <TIM5_IRQHandler>:
 372:	a001                	j	372 <TIM5_IRQHandler>

00000374 <OSC32KCal_IRQHandler>:
 374:	a001                	j	374 <OSC32KCal_IRQHandler>

00000376 <OSCWakeUp_IRQHandler>:
 376:	a001                	j	376 <OSCWakeUp_IRQHandler>

00000378 <UART4_IRQHandler>:
 378:	a001                	j	378 <UART4_IRQHandler>

0000037a <DMA1_Channel8_IRQHandler>:
 37a:	a001                	j	37a <DMA1_Channel8_IRQHandler>

0000037c <handle_reset>:
 37c:	20000197          	auipc	gp,0x20000
 380:	48418193          	addi	gp,gp,1156 # 20000800 <__global_pointer$>
 384:	20005117          	auipc	sp,0x20005
 388:	c7c10113          	addi	sp,sp,-900 # 20005000 <_eusrstack>
 38c:	51c00513          	li	a0,1308
 390:	20000597          	auipc	a1,0x20000
 394:	c7058593          	addi	a1,a1,-912 # 20000000 <MCU_Version>
 398:	20000617          	auipc	a2,0x20000
 39c:	c6860613          	addi	a2,a2,-920 # 20000000 <MCU_Version>
 3a0:	00c5fa63          	bgeu	a1,a2,3b4 <handle_reset+0x38>
 3a4:	00052283          	lw	t0,0(a0)
 3a8:	0055a023          	sw	t0,0(a1)
 3ac:	0511                	addi	a0,a0,4
 3ae:	0591                	addi	a1,a1,4
 3b0:	fec5eae3          	bltu	a1,a2,3a4 <handle_reset+0x28>
 3b4:	20000517          	auipc	a0,0x20000
 3b8:	c4c50513          	addi	a0,a0,-948 # 20000000 <MCU_Version>
 3bc:	20000597          	auipc	a1,0x20000
 3c0:	c4858593          	addi	a1,a1,-952 # 20000004 <_ebss>
 3c4:	00b57763          	bgeu	a0,a1,3d2 <handle_reset+0x56>
 3c8:	00052023          	sw	zero,0(a0)
 3cc:	0511                	addi	a0,a0,4
 3ce:	feb56de3          	bltu	a0,a1,3c8 <handle_reset+0x4c>
 3d2:	42fd                	li	t0,31
 3d4:	bc029073          	csrw	0xbc0,t0
 3d8:	428d                	li	t0,3
 3da:	80429073          	csrw	0x804,t0
 3de:	08800293          	li	t0,136
 3e2:	3002a073          	csrs	mstatus,t0
 3e6:	00000297          	auipc	t0,0x0
 3ea:	c5228293          	addi	t0,t0,-942 # 38 <_einit>
 3ee:	0032e293          	ori	t0,t0,3
 3f2:	30529073          	csrw	mtvec,t0
 3f6:	014000ef          	jal	40a <SystemInit>
 3fa:	00000297          	auipc	t0,0x0
 3fe:	d8628293          	addi	t0,t0,-634 # 180 <main>
 402:	34129073          	csrw	mepc,t0
 406:	30200073          	mret

0000040a <SystemInit>:
 40a:	1101                	addi	sp,sp,-32
 40c:	400217b7          	lui	a5,0x40021
 410:	cc22                	sw	s0,24(sp)
 412:	ce06                	sw	ra,28(sp)
 414:	1000                	addi	s0,sp,32
 416:	4398                	lw	a4,0(a5)
 418:	f8ff06b7          	lui	a3,0xf8ff0
 41c:	00020637          	lui	a2,0x20
 420:	00176713          	ori	a4,a4,1
 424:	c398                	sw	a4,0(a5)
 426:	43d8                	lw	a4,4(a5)
 428:	8f75                	and	a4,a4,a3
 42a:	c3d8                	sw	a4,4(a5)
 42c:	4398                	lw	a4,0(a5)
 42e:	fef706b7          	lui	a3,0xfef70
 432:	16fd                	addi	a3,a3,-1 # fef6ffff <_eusrstack+0xdef6afff>
 434:	8f75                	and	a4,a4,a3
 436:	c398                	sw	a4,0(a5)
 438:	4398                	lw	a4,0(a5)
 43a:	fffc06b7          	lui	a3,0xfffc0
 43e:	16fd                	addi	a3,a3,-1 # fffbffff <_eusrstack+0xdffbafff>
 440:	8f75                	and	a4,a4,a3
 442:	c398                	sw	a4,0(a5)
 444:	43d8                	lw	a4,4(a5)
 446:	ff8106b7          	lui	a3,0xff810
 44a:	16fd                	addi	a3,a3,-1 # ff80ffff <_eusrstack+0xdf80afff>
 44c:	8f75                	and	a4,a4,a3
 44e:	c3d8                	sw	a4,4(a5)
 450:	009f0737          	lui	a4,0x9f0
 454:	c798                	sw	a4,8(a5)
 456:	fe042423          	sw	zero,-24(s0)
 45a:	fe042623          	sw	zero,-20(s0)
 45e:	4398                	lw	a4,0(a5)
 460:	66c1                	lui	a3,0x10
 462:	8f55                	or	a4,a4,a3
 464:	c398                	sw	a4,0(a5)
 466:	6685                	lui	a3,0x1
 468:	4398                	lw	a4,0(a5)
 46a:	8f71                	and	a4,a4,a2
 46c:	fee42623          	sw	a4,-20(s0)
 470:	fe842703          	lw	a4,-24(s0)
 474:	0705                	addi	a4,a4,1 # 9f0001 <_data_lma+0x9efae5>
 476:	fee42423          	sw	a4,-24(s0)
 47a:	fec42703          	lw	a4,-20(s0)
 47e:	e709                	bnez	a4,488 <SystemInit+0x7e>
 480:	fe842703          	lw	a4,-24(s0)
 484:	fed712e3          	bne	a4,a3,468 <SystemInit+0x5e>
 488:	4398                	lw	a4,0(a5)
 48a:	4785                	li	a5,1
 48c:	00e71693          	slli	a3,a4,0xe
 490:	0606dd63          	bgez	a3,50a <SystemInit+0x100>
 494:	fef42623          	sw	a5,-20(s0)
 498:	fec42703          	lw	a4,-20(s0)
 49c:	04f71f63          	bne	a4,a5,4fa <SystemInit+0xf0>
 4a0:	400217b7          	lui	a5,0x40021
 4a4:	43d8                	lw	a4,4(a5)
 4a6:	ffc106b7          	lui	a3,0xffc10
 4aa:	16fd                	addi	a3,a3,-1 # ffc0ffff <_eusrstack+0xdfc0afff>
 4ac:	c3d8                	sw	a4,4(a5)
 4ae:	43d8                	lw	a4,4(a5)
 4b0:	c3d8                	sw	a4,4(a5)
 4b2:	43d8                	lw	a4,4(a5)
 4b4:	40076713          	ori	a4,a4,1024
 4b8:	c3d8                	sw	a4,4(a5)
 4ba:	43d8                	lw	a4,4(a5)
 4bc:	8f75                	and	a4,a4,a3
 4be:	c3d8                	sw	a4,4(a5)
 4c0:	43d8                	lw	a4,4(a5)
 4c2:	002906b7          	lui	a3,0x290
 4c6:	8f55                	or	a4,a4,a3
 4c8:	c3d8                	sw	a4,4(a5)
 4ca:	4398                	lw	a4,0(a5)
 4cc:	010006b7          	lui	a3,0x1000
 4d0:	8f55                	or	a4,a4,a3
 4d2:	c398                	sw	a4,0(a5)
 4d4:	4398                	lw	a4,0(a5)
 4d6:	00671693          	slli	a3,a4,0x6
 4da:	fe06dde3          	bgez	a3,4d4 <SystemInit+0xca>
 4de:	43d8                	lw	a4,4(a5)
 4e0:	400216b7          	lui	a3,0x40021
 4e4:	9b71                	andi	a4,a4,-4
 4e6:	c3d8                	sw	a4,4(a5)
 4e8:	43d8                	lw	a4,4(a5)
 4ea:	00276713          	ori	a4,a4,2
 4ee:	c3d8                	sw	a4,4(a5)
 4f0:	4721                	li	a4,8
 4f2:	42dc                	lw	a5,4(a3)
 4f4:	8bb1                	andi	a5,a5,12
 4f6:	fee79ee3          	bne	a5,a4,4f2 <SystemInit+0xe8>
 4fa:	40f2                	lw	ra,28(sp)
 4fc:	4462                	lw	s0,24(sp)
 4fe:	6105                	addi	sp,sp,32
 500:	4601                	li	a2,0
 502:	4681                	li	a3,0
 504:	4701                	li	a4,0
 506:	4781                	li	a5,0
 508:	8082                	ret
 50a:	fe042623          	sw	zero,-20(s0)
 50e:	b769                	j	498 <SystemInit+0x8e>
 510:	0000000f          	fence	unknown,unknown
 514:	0001                	nop
 516:	0000                	unimp
 518:	0010                	.insn	2, 0x0010
	...
